{"/home/pruddiman/source/repos/Dispatch/src/cli.ts": {"path":"/home/pruddiman/source/repos/Dispatch/src/cli.ts","statementMap":{"0":{"start":{"line":23,"column":31},"end":{"line":23,"column":null}},"1":{"start":{"line":25,"column":20},"end":{"line":103,"column":null}},"2":{"start":{"line":121,"column":55},"end":{"line":149,"column":null}},"3":{"start":{"line":152,"column":18},"end":{"line":152,"column":null}},"4":{"start":{"line":154,"column":2},"end":{"line":275,"column":null}},"5":{"start":{"line":186,"column":18},"end":{"line":186,"column":null}},"6":{"start":{"line":187,"column":8},"end":{"line":187,"column":null}},"7":{"start":{"line":187,"column":31},"end":{"line":187,"column":null}},"8":{"start":{"line":188,"column":8},"end":{"line":188,"column":null}},"9":{"start":{"line":188,"column":33},"end":{"line":188,"column":null}},"10":{"start":{"line":189,"column":8},"end":{"line":189,"column":null}},"11":{"start":{"line":196,"column":18},"end":{"line":196,"column":null}},"12":{"start":{"line":197,"column":8},"end":{"line":197,"column":null}},"13":{"start":{"line":197,"column":59},"end":{"line":197,"column":null}},"14":{"start":{"line":198,"column":8},"end":{"line":198,"column":null}},"15":{"start":{"line":198,"column":47},"end":{"line":198,"column":null}},"16":{"start":{"line":199,"column":8},"end":{"line":199,"column":null}},"17":{"start":{"line":206,"column":18},"end":{"line":206,"column":null}},"18":{"start":{"line":207,"column":8},"end":{"line":209,"column":null}},"19":{"start":{"line":208,"column":10},"end":{"line":208,"column":null}},"20":{"start":{"line":210,"column":8},"end":{"line":212,"column":null}},"21":{"start":{"line":211,"column":10},"end":{"line":211,"column":null}},"22":{"start":{"line":213,"column":8},"end":{"line":213,"column":null}},"23":{"start":{"line":220,"column":18},"end":{"line":220,"column":null}},"24":{"start":{"line":221,"column":8},"end":{"line":223,"column":null}},"25":{"start":{"line":222,"column":10},"end":{"line":222,"column":null}},"26":{"start":{"line":224,"column":8},"end":{"line":226,"column":null}},"27":{"start":{"line":225,"column":10},"end":{"line":225,"column":null}},"28":{"start":{"line":227,"column":8},"end":{"line":227,"column":null}},"29":{"start":{"line":234,"column":18},"end":{"line":234,"column":null}},"30":{"start":{"line":235,"column":8},"end":{"line":237,"column":null}},"31":{"start":{"line":236,"column":10},"end":{"line":236,"column":null}},"32":{"start":{"line":238,"column":8},"end":{"line":240,"column":null}},"33":{"start":{"line":239,"column":10},"end":{"line":239,"column":null}},"34":{"start":{"line":241,"column":8},"end":{"line":241,"column":null}},"35":{"start":{"line":248,"column":18},"end":{"line":248,"column":null}},"36":{"start":{"line":249,"column":8},"end":{"line":249,"column":null}},"37":{"start":{"line":249,"column":31},"end":{"line":249,"column":null}},"38":{"start":{"line":250,"column":8},"end":{"line":250,"column":null}},"39":{"start":{"line":257,"column":18},"end":{"line":257,"column":null}},"40":{"start":{"line":258,"column":8},"end":{"line":258,"column":null}},"41":{"start":{"line":258,"column":31},"end":{"line":258,"column":null}},"42":{"start":{"line":259,"column":8},"end":{"line":259,"column":null}},"43":{"start":{"line":266,"column":18},"end":{"line":266,"column":null}},"44":{"start":{"line":267,"column":8},"end":{"line":267,"column":null}},"45":{"start":{"line":267,"column":32},"end":{"line":267,"column":null}},"46":{"start":{"line":268,"column":8},"end":{"line":268,"column":null}},"47":{"start":{"line":271,"column":49},"end":{"line":271,"column":77}},"48":{"start":{"line":272,"column":55},"end":{"line":272,"column":83}},"49":{"start":{"line":277,"column":2},"end":{"line":285,"column":null}},"50":{"start":{"line":278,"column":4},"end":{"line":278,"column":null}},"51":{"start":{"line":280,"column":4},"end":{"line":283,"column":null}},"52":{"start":{"line":281,"column":6},"end":{"line":281,"column":null}},"53":{"start":{"line":282,"column":6},"end":{"line":282,"column":null}},"54":{"start":{"line":284,"column":4},"end":{"line":284,"column":null}},"55":{"start":{"line":287,"column":15},"end":{"line":287,"column":null}},"56":{"start":{"line":290,"column":27},"end":{"line":302,"column":null}},"57":{"start":{"line":305,"column":2},"end":{"line":307,"column":null}},"58":{"start":{"line":306,"column":4},"end":{"line":306,"column":null}},"59":{"start":{"line":308,"column":2},"end":{"line":314,"column":null}},"60":{"start":{"line":309,"column":4},"end":{"line":313,"column":null}},"61":{"start":{"line":310,"column":6},"end":{"line":310,"column":null}},"62":{"start":{"line":312,"column":6},"end":{"line":312,"column":null}},"63":{"start":{"line":315,"column":2},"end":{"line":315,"column":null}},"64":{"start":{"line":315,"column":21},"end":{"line":315,"column":null}},"65":{"start":{"line":316,"column":2},"end":{"line":316,"column":null}},"66":{"start":{"line":316,"column":20},"end":{"line":316,"column":null}},"67":{"start":{"line":317,"column":2},"end":{"line":317,"column":null}},"68":{"start":{"line":317,"column":33},"end":{"line":317,"column":null}},"69":{"start":{"line":318,"column":2},"end":{"line":318,"column":null}},"70":{"start":{"line":318,"column":38},"end":{"line":318,"column":null}},"71":{"start":{"line":319,"column":2},"end":{"line":319,"column":null}},"72":{"start":{"line":319,"column":36},"end":{"line":319,"column":null}},"73":{"start":{"line":320,"column":2},"end":{"line":320,"column":null}},"74":{"start":{"line":320,"column":38},"end":{"line":320,"column":null}},"75":{"start":{"line":321,"column":2},"end":{"line":321,"column":null}},"76":{"start":{"line":321,"column":38},"end":{"line":321,"column":null}},"77":{"start":{"line":322,"column":2},"end":{"line":322,"column":null}},"78":{"start":{"line":322,"column":42},"end":{"line":322,"column":null}},"79":{"start":{"line":323,"column":2},"end":{"line":323,"column":null}},"80":{"start":{"line":323,"column":42},"end":{"line":323,"column":null}},"81":{"start":{"line":324,"column":2},"end":{"line":324,"column":null}},"82":{"start":{"line":324,"column":34},"end":{"line":324,"column":null}},"83":{"start":{"line":325,"column":2},"end":{"line":325,"column":null}},"84":{"start":{"line":325,"column":38},"end":{"line":325,"column":null}},"85":{"start":{"line":326,"column":2},"end":{"line":326,"column":null}},"86":{"start":{"line":326,"column":38},"end":{"line":326,"column":null}},"87":{"start":{"line":327,"column":2},"end":{"line":327,"column":null}},"88":{"start":{"line":327,"column":30},"end":{"line":327,"column":null}},"89":{"start":{"line":328,"column":2},"end":{"line":328,"column":null}},"90":{"start":{"line":328,"column":34},"end":{"line":328,"column":null}},"91":{"start":{"line":329,"column":2},"end":{"line":329,"column":null}},"92":{"start":{"line":329,"column":36},"end":{"line":329,"column":null}},"93":{"start":{"line":332,"column":24},"end":{"line":332,"column":null}},"94":{"start":{"line":334,"column":2},"end":{"line":338,"column":null}},"95":{"start":{"line":335,"column":4},"end":{"line":337,"column":null}},"96":{"start":{"line":336,"column":6},"end":{"line":336,"column":null}},"97":{"start":{"line":340,"column":2},"end":{"line":340,"column":null}},"98":{"start":{"line":344,"column":18},"end":{"line":344,"column":null}},"99":{"start":{"line":347,"column":2},"end":{"line":369,"column":null}},"100":{"start":{"line":348,"column":26},"end":{"line":354,"column":null}},"101":{"start":{"line":354,"column":51},"end":{"line":354,"column":75}},"102":{"start":{"line":356,"column":4},"end":{"line":364,"column":null}},"103":{"start":{"line":357,"column":6},"end":{"line":357,"column":null}},"104":{"start":{"line":359,"column":6},"end":{"line":362,"column":null}},"105":{"start":{"line":360,"column":8},"end":{"line":360,"column":null}},"106":{"start":{"line":361,"column":8},"end":{"line":361,"column":null}},"107":{"start":{"line":363,"column":6},"end":{"line":363,"column":null}},"108":{"start":{"line":366,"column":10},"end":{"line":366,"column":null}},"109":{"start":{"line":367,"column":4},"end":{"line":367,"column":null}},"110":{"start":{"line":368,"column":4},"end":{"line":368,"column":null}},"111":{"start":{"line":372,"column":2},"end":{"line":403,"column":null}},"112":{"start":{"line":373,"column":23},"end":{"line":381,"column":null}},"113":{"start":{"line":379,"column":69},"end":{"line":379,"column":86}},"114":{"start":{"line":381,"column":51},"end":{"line":381,"column":75}},"115":{"start":{"line":383,"column":4},"end":{"line":391,"column":null}},"116":{"start":{"line":384,"column":6},"end":{"line":384,"column":null}},"117":{"start":{"line":386,"column":6},"end":{"line":389,"column":null}},"118":{"start":{"line":387,"column":8},"end":{"line":387,"column":null}},"119":{"start":{"line":388,"column":8},"end":{"line":388,"column":null}},"120":{"start":{"line":390,"column":6},"end":{"line":390,"column":null}},"121":{"start":{"line":393,"column":20},"end":{"line":393,"column":null}},"122":{"start":{"line":394,"column":31},"end":{"line":394,"column":null}},"123":{"start":{"line":395,"column":4},"end":{"line":399,"column":null}},"124":{"start":{"line":402,"column":4},"end":{"line":402,"column":null}},"125":{"start":{"line":405,"column":32},"end":{"line":405,"column":null}},"126":{"start":{"line":408,"column":2},"end":{"line":408,"column":null}},"127":{"start":{"line":411,"column":2},"end":{"line":415,"column":null}},"128":{"start":{"line":412,"column":4},"end":{"line":412,"column":null}},"129":{"start":{"line":413,"column":4},"end":{"line":413,"column":null}},"130":{"start":{"line":414,"column":4},"end":{"line":414,"column":null}},"131":{"start":{"line":417,"column":2},"end":{"line":421,"column":null}},"132":{"start":{"line":418,"column":4},"end":{"line":418,"column":null}},"133":{"start":{"line":419,"column":4},"end":{"line":419,"column":null}},"134":{"start":{"line":420,"column":4},"end":{"line":420,"column":null}},"135":{"start":{"line":423,"column":2},"end":{"line":426,"column":null}},"136":{"start":{"line":424,"column":4},"end":{"line":424,"column":null}},"137":{"start":{"line":425,"column":4},"end":{"line":425,"column":null}},"138":{"start":{"line":428,"column":2},"end":{"line":431,"column":null}},"139":{"start":{"line":429,"column":4},"end":{"line":429,"column":null}},"140":{"start":{"line":430,"column":4},"end":{"line":430,"column":null}},"141":{"start":{"line":434,"column":23},"end":{"line":434,"column":null}},"142":{"start":{"line":435,"column":47},"end":{"line":435,"column":null}},"143":{"start":{"line":436,"column":18},"end":{"line":436,"column":null}},"144":{"start":{"line":439,"column":17},"end":{"line":439,"column":null}},"145":{"start":{"line":440,"column":2},"end":{"line":440,"column":null}},"146":{"start":{"line":443,"column":0},"end":{"line":447,"column":null}},"147":{"start":{"line":444,"column":2},"end":{"line":444,"column":null}},"148":{"start":{"line":445,"column":2},"end":{"line":445,"column":null}},"149":{"start":{"line":446,"column":2},"end":{"line":446,"column":null}}},"fnMap":{"0":{"name":"parseArgs","decl":{"start":{"line":151,"column":16},"end":{"line":151,"column":26}},"loc":{"start":{"line":151,"column":69},"end":{"line":341,"column":null}},"line":151},"1":{"name":"(anonymous_1)","decl":{"start":{"line":157,"column":16},"end":{"line":157,"column":22}},"loc":{"start":{"line":157,"column":22},"end":{"line":157,"column":null}},"line":157},"2":{"name":"(anonymous_2)","decl":{"start":{"line":158,"column":16},"end":{"line":158,"column":22}},"loc":{"start":{"line":158,"column":22},"end":{"line":158,"column":null}},"line":158},"3":{"name":"(anonymous_3)","decl":{"start":{"line":185,"column":6},"end":{"line":185,"column":7}},"loc":{"start":{"line":185,"column":31},"end":{"line":190,"column":null}},"line":185},"4":{"name":"(anonymous_4)","decl":{"start":{"line":195,"column":6},"end":{"line":195,"column":7}},"loc":{"start":{"line":195,"column":31},"end":{"line":200,"column":null}},"line":195},"5":{"name":"(anonymous_5)","decl":{"start":{"line":205,"column":6},"end":{"line":205,"column":7}},"loc":{"start":{"line":205,"column":31},"end":{"line":214,"column":null}},"line":205},"6":{"name":"(anonymous_6)","decl":{"start":{"line":219,"column":6},"end":{"line":219,"column":7}},"loc":{"start":{"line":219,"column":31},"end":{"line":228,"column":null}},"line":219},"7":{"name":"(anonymous_7)","decl":{"start":{"line":233,"column":6},"end":{"line":233,"column":7}},"loc":{"start":{"line":233,"column":31},"end":{"line":242,"column":null}},"line":233},"8":{"name":"(anonymous_8)","decl":{"start":{"line":247,"column":6},"end":{"line":247,"column":7}},"loc":{"start":{"line":247,"column":31},"end":{"line":251,"column":null}},"line":247},"9":{"name":"(anonymous_9)","decl":{"start":{"line":256,"column":6},"end":{"line":256,"column":7}},"loc":{"start":{"line":256,"column":31},"end":{"line":260,"column":null}},"line":256},"10":{"name":"(anonymous_10)","decl":{"start":{"line":265,"column":6},"end":{"line":265,"column":7}},"loc":{"start":{"line":265,"column":31},"end":{"line":269,"column":null}},"line":265},"11":{"name":"(anonymous_11)","decl":{"start":{"line":271,"column":48},"end":{"line":271,"column":49}},"loc":{"start":{"line":271,"column":49},"end":{"line":271,"column":77}},"line":271},"12":{"name":"(anonymous_12)","decl":{"start":{"line":272,"column":54},"end":{"line":272,"column":55}},"loc":{"start":{"line":272,"column":55},"end":{"line":272,"column":83}},"line":272},"13":{"name":"main","decl":{"start":{"line":343,"column":15},"end":{"line":343,"column":22}},"loc":{"start":{"line":343,"column":22},"end":{"line":441,"column":null}},"line":343},"14":{"name":"(anonymous_14)","decl":{"start":{"line":350,"column":35},"end":{"line":350,"column":41}},"loc":{"start":{"line":350,"column":41},"end":{"line":350,"column":45}},"line":350},"15":{"name":"(anonymous_15)","decl":{"start":{"line":350,"column":55},"end":{"line":350,"column":61}},"loc":{"start":{"line":350,"column":61},"end":{"line":350,"column":64}},"line":350},"16":{"name":"(anonymous_16)","decl":{"start":{"line":354,"column":50},"end":{"line":354,"column":51}},"loc":{"start":{"line":354,"column":51},"end":{"line":354,"column":75}},"line":354},"17":{"name":"(anonymous_17)","decl":{"start":{"line":375,"column":35},"end":{"line":375,"column":41}},"loc":{"start":{"line":375,"column":41},"end":{"line":375,"column":45}},"line":375},"18":{"name":"(anonymous_18)","decl":{"start":{"line":375,"column":55},"end":{"line":375,"column":61}},"loc":{"start":{"line":375,"column":61},"end":{"line":375,"column":64}},"line":375},"19":{"name":"(anonymous_19)","decl":{"start":{"line":379,"column":54},"end":{"line":379,"column":55}},"loc":{"start":{"line":379,"column":69},"end":{"line":379,"column":86}},"line":379},"20":{"name":"(anonymous_20)","decl":{"start":{"line":381,"column":50},"end":{"line":381,"column":51}},"loc":{"start":{"line":381,"column":51},"end":{"line":381,"column":75}},"line":381},"21":{"name":"(anonymous_21)","decl":{"start":{"line":411,"column":23},"end":{"line":411,"column":35}},"loc":{"start":{"line":411,"column":35},"end":{"line":415,"column":3}},"line":411},"22":{"name":"(anonymous_22)","decl":{"start":{"line":417,"column":24},"end":{"line":417,"column":36}},"loc":{"start":{"line":417,"column":36},"end":{"line":421,"column":3}},"line":417},"23":{"name":"(anonymous_23)","decl":{"start":{"line":443,"column":13},"end":{"line":443,"column":20}},"loc":{"start":{"line":443,"column":28},"end":{"line":447,"column":1}},"line":443}},"branchMap":{"0":{"loc":{"start":{"line":187,"column":8},"end":{"line":187,"column":null}},"type":"if","locations":[{"start":{"line":187,"column":8},"end":{"line":187,"column":null}},{"start":{},"end":{}}],"line":187},"1":{"loc":{"start":{"line":187,"column":12},"end":{"line":187,"column":31}},"type":"binary-expr","locations":[{"start":{"line":187,"column":12},"end":{"line":187,"column":24}},{"start":{"line":187,"column":24},"end":{"line":187,"column":31}}],"line":187},"2":{"loc":{"start":{"line":188,"column":8},"end":{"line":188,"column":null}},"type":"if","locations":[{"start":{"line":188,"column":8},"end":{"line":188,"column":null}},{"start":{},"end":{}}],"line":188},"3":{"loc":{"start":{"line":197,"column":8},"end":{"line":197,"column":null}},"type":"if","locations":[{"start":{"line":197,"column":8},"end":{"line":197,"column":null}},{"start":{},"end":{}}],"line":197},"4":{"loc":{"start":{"line":197,"column":12},"end":{"line":197,"column":59}},"type":"binary-expr","locations":[{"start":{"line":197,"column":12},"end":{"line":197,"column":24}},{"start":{"line":197,"column":24},"end":{"line":197,"column":59}}],"line":197},"5":{"loc":{"start":{"line":198,"column":8},"end":{"line":198,"column":null}},"type":"if","locations":[{"start":{"line":198,"column":8},"end":{"line":198,"column":null}},{"start":{},"end":{}}],"line":198},"6":{"loc":{"start":{"line":207,"column":8},"end":{"line":209,"column":null}},"type":"if","locations":[{"start":{"line":207,"column":8},"end":{"line":209,"column":null}},{"start":{},"end":{}}],"line":207},"7":{"loc":{"start":{"line":207,"column":12},"end":{"line":207,"column":59}},"type":"binary-expr","locations":[{"start":{"line":207,"column":12},"end":{"line":207,"column":24}},{"start":{"line":207,"column":24},"end":{"line":207,"column":59}}],"line":207},"8":{"loc":{"start":{"line":210,"column":8},"end":{"line":212,"column":null}},"type":"if","locations":[{"start":{"line":210,"column":8},"end":{"line":212,"column":null}},{"start":{},"end":{}}],"line":210},"9":{"loc":{"start":{"line":221,"column":8},"end":{"line":223,"column":null}},"type":"if","locations":[{"start":{"line":221,"column":8},"end":{"line":223,"column":null}},{"start":{},"end":{}}],"line":221},"10":{"loc":{"start":{"line":221,"column":12},"end":{"line":221,"column":63}},"type":"binary-expr","locations":[{"start":{"line":221,"column":12},"end":{"line":221,"column":24}},{"start":{"line":221,"column":24},"end":{"line":221,"column":63}}],"line":221},"11":{"loc":{"start":{"line":224,"column":8},"end":{"line":226,"column":null}},"type":"if","locations":[{"start":{"line":224,"column":8},"end":{"line":226,"column":null}},{"start":{},"end":{}}],"line":224},"12":{"loc":{"start":{"line":235,"column":8},"end":{"line":237,"column":null}},"type":"if","locations":[{"start":{"line":235,"column":8},"end":{"line":237,"column":null}},{"start":{},"end":{}}],"line":235},"13":{"loc":{"start":{"line":235,"column":12},"end":{"line":235,"column":63}},"type":"binary-expr","locations":[{"start":{"line":235,"column":12},"end":{"line":235,"column":24}},{"start":{"line":235,"column":24},"end":{"line":235,"column":63}}],"line":235},"14":{"loc":{"start":{"line":238,"column":8},"end":{"line":240,"column":null}},"type":"if","locations":[{"start":{"line":238,"column":8},"end":{"line":240,"column":null}},{"start":{},"end":{}}],"line":238},"15":{"loc":{"start":{"line":249,"column":8},"end":{"line":249,"column":null}},"type":"if","locations":[{"start":{"line":249,"column":8},"end":{"line":249,"column":null}},{"start":{},"end":{}}],"line":249},"16":{"loc":{"start":{"line":249,"column":12},"end":{"line":249,"column":31}},"type":"binary-expr","locations":[{"start":{"line":249,"column":12},"end":{"line":249,"column":24}},{"start":{"line":249,"column":24},"end":{"line":249,"column":31}}],"line":249},"17":{"loc":{"start":{"line":258,"column":8},"end":{"line":258,"column":null}},"type":"if","locations":[{"start":{"line":258,"column":8},"end":{"line":258,"column":null}},{"start":{},"end":{}}],"line":258},"18":{"loc":{"start":{"line":258,"column":12},"end":{"line":258,"column":31}},"type":"binary-expr","locations":[{"start":{"line":258,"column":12},"end":{"line":258,"column":24}},{"start":{"line":258,"column":24},"end":{"line":258,"column":31}}],"line":258},"19":{"loc":{"start":{"line":267,"column":8},"end":{"line":267,"column":null}},"type":"if","locations":[{"start":{"line":267,"column":8},"end":{"line":267,"column":null}},{"start":{},"end":{}}],"line":267},"20":{"loc":{"start":{"line":267,"column":12},"end":{"line":267,"column":32}},"type":"binary-expr","locations":[{"start":{"line":267,"column":12},"end":{"line":267,"column":24}},{"start":{"line":267,"column":24},"end":{"line":267,"column":32}}],"line":267},"21":{"loc":{"start":{"line":280,"column":4},"end":{"line":283,"column":null}},"type":"if","locations":[{"start":{"line":280,"column":4},"end":{"line":283,"column":null}},{"start":{},"end":{}}],"line":280},"22":{"loc":{"start":{"line":292,"column":12},"end":{"line":292,"column":null}},"type":"binary-expr","locations":[{"start":{"line":292,"column":12},"end":{"line":292,"column":27}},{"start":{"line":292,"column":27},"end":{"line":292,"column":null}}],"line":292},"23":{"loc":{"start":{"line":296,"column":11},"end":{"line":296,"column":null}},"type":"binary-expr","locations":[{"start":{"line":296,"column":11},"end":{"line":296,"column":25}},{"start":{"line":296,"column":25},"end":{"line":296,"column":null}}],"line":296},"24":{"loc":{"start":{"line":297,"column":14},"end":{"line":297,"column":null}},"type":"binary-expr","locations":[{"start":{"line":297,"column":14},"end":{"line":297,"column":31}},{"start":{"line":297,"column":31},"end":{"line":297,"column":null}}],"line":297},"25":{"loc":{"start":{"line":298,"column":9},"end":{"line":298,"column":null}},"type":"binary-expr","locations":[{"start":{"line":298,"column":9},"end":{"line":298,"column":21}},{"start":{"line":298,"column":21},"end":{"line":298,"column":null}}],"line":298},"26":{"loc":{"start":{"line":299,"column":10},"end":{"line":299,"column":null}},"type":"binary-expr","locations":[{"start":{"line":299,"column":10},"end":{"line":299,"column":23}},{"start":{"line":299,"column":23},"end":{"line":299,"column":null}}],"line":299},"27":{"loc":{"start":{"line":300,"column":13},"end":{"line":300,"column":null}},"type":"binary-expr","locations":[{"start":{"line":300,"column":13},"end":{"line":300,"column":29}},{"start":{"line":300,"column":29},"end":{"line":300,"column":null}}],"line":300},"28":{"loc":{"start":{"line":301,"column":13},"end":{"line":301,"column":null}},"type":"binary-expr","locations":[{"start":{"line":301,"column":13},"end":{"line":301,"column":29}},{"start":{"line":301,"column":29},"end":{"line":301,"column":null}}],"line":301},"29":{"loc":{"start":{"line":305,"column":2},"end":{"line":307,"column":null}},"type":"if","locations":[{"start":{"line":305,"column":2},"end":{"line":307,"column":null}},{"start":{},"end":{}}],"line":305},"30":{"loc":{"start":{"line":306,"column":16},"end":{"line":306,"column":null}},"type":"cond-expr","locations":[{"start":{"line":306,"column":41},"end":{"line":306,"column":56}},{"start":{"line":306,"column":56},"end":{"line":306,"column":null}}],"line":306},"31":{"loc":{"start":{"line":308,"column":2},"end":{"line":314,"column":null}},"type":"if","locations":[{"start":{"line":308,"column":2},"end":{"line":314,"column":null}},{"start":{},"end":{}}],"line":308},"32":{"loc":{"start":{"line":309,"column":4},"end":{"line":313,"column":null}},"type":"if","locations":[{"start":{"line":309,"column":4},"end":{"line":313,"column":null}},{"start":{"line":311,"column":11},"end":{"line":313,"column":null}}],"line":309},"33":{"loc":{"start":{"line":312,"column":20},"end":{"line":312,"column":null}},"type":"cond-expr","locations":[{"start":{"line":312,"column":47},"end":{"line":312,"column":64}},{"start":{"line":312,"column":64},"end":{"line":312,"column":null}}],"line":312},"34":{"loc":{"start":{"line":315,"column":2},"end":{"line":315,"column":null}},"type":"if","locations":[{"start":{"line":315,"column":2},"end":{"line":315,"column":null}},{"start":{},"end":{}}],"line":315},"35":{"loc":{"start":{"line":316,"column":2},"end":{"line":316,"column":null}},"type":"if","locations":[{"start":{"line":316,"column":2},"end":{"line":316,"column":null}},{"start":{},"end":{}}],"line":316},"36":{"loc":{"start":{"line":317,"column":2},"end":{"line":317,"column":null}},"type":"if","locations":[{"start":{"line":317,"column":2},"end":{"line":317,"column":null}},{"start":{},"end":{}}],"line":317},"37":{"loc":{"start":{"line":318,"column":2},"end":{"line":318,"column":null}},"type":"if","locations":[{"start":{"line":318,"column":2},"end":{"line":318,"column":null}},{"start":{},"end":{}}],"line":318},"38":{"loc":{"start":{"line":319,"column":2},"end":{"line":319,"column":null}},"type":"if","locations":[{"start":{"line":319,"column":2},"end":{"line":319,"column":null}},{"start":{},"end":{}}],"line":319},"39":{"loc":{"start":{"line":320,"column":2},"end":{"line":320,"column":null}},"type":"if","locations":[{"start":{"line":320,"column":2},"end":{"line":320,"column":null}},{"start":{},"end":{}}],"line":320},"40":{"loc":{"start":{"line":321,"column":2},"end":{"line":321,"column":null}},"type":"if","locations":[{"start":{"line":321,"column":2},"end":{"line":321,"column":null}},{"start":{},"end":{}}],"line":321},"41":{"loc":{"start":{"line":322,"column":2},"end":{"line":322,"column":null}},"type":"if","locations":[{"start":{"line":322,"column":2},"end":{"line":322,"column":null}},{"start":{},"end":{}}],"line":322},"42":{"loc":{"start":{"line":323,"column":2},"end":{"line":323,"column":null}},"type":"if","locations":[{"start":{"line":323,"column":2},"end":{"line":323,"column":null}},{"start":{},"end":{}}],"line":323},"43":{"loc":{"start":{"line":324,"column":2},"end":{"line":324,"column":null}},"type":"if","locations":[{"start":{"line":324,"column":2},"end":{"line":324,"column":null}},{"start":{},"end":{}}],"line":324},"44":{"loc":{"start":{"line":325,"column":2},"end":{"line":325,"column":null}},"type":"if","locations":[{"start":{"line":325,"column":2},"end":{"line":325,"column":null}},{"start":{},"end":{}}],"line":325},"45":{"loc":{"start":{"line":326,"column":2},"end":{"line":326,"column":null}},"type":"if","locations":[{"start":{"line":326,"column":2},"end":{"line":326,"column":null}},{"start":{},"end":{}}],"line":326},"46":{"loc":{"start":{"line":327,"column":2},"end":{"line":327,"column":null}},"type":"if","locations":[{"start":{"line":327,"column":2},"end":{"line":327,"column":null}},{"start":{},"end":{}}],"line":327},"47":{"loc":{"start":{"line":328,"column":2},"end":{"line":328,"column":null}},"type":"if","locations":[{"start":{"line":328,"column":2},"end":{"line":328,"column":null}},{"start":{},"end":{}}],"line":328},"48":{"loc":{"start":{"line":329,"column":2},"end":{"line":329,"column":null}},"type":"if","locations":[{"start":{"line":329,"column":2},"end":{"line":329,"column":null}},{"start":{},"end":{}}],"line":329},"49":{"loc":{"start":{"line":335,"column":4},"end":{"line":337,"column":null}},"type":"if","locations":[{"start":{"line":335,"column":4},"end":{"line":337,"column":null}},{"start":{},"end":{}}],"line":335},"50":{"loc":{"start":{"line":347,"column":2},"end":{"line":369,"column":null}},"type":"if","locations":[{"start":{"line":347,"column":2},"end":{"line":369,"column":null}},{"start":{},"end":{}}],"line":347},"51":{"loc":{"start":{"line":359,"column":6},"end":{"line":362,"column":null}},"type":"if","locations":[{"start":{"line":359,"column":6},"end":{"line":362,"column":null}},{"start":{},"end":{}}],"line":359},"52":{"loc":{"start":{"line":366,"column":27},"end":{"line":366,"column":70}},"type":"binary-expr","locations":[{"start":{"line":366,"column":27},"end":{"line":366,"column":55}},{"start":{"line":366,"column":55},"end":{"line":366,"column":70}}],"line":366},"53":{"loc":{"start":{"line":372,"column":2},"end":{"line":403,"column":null}},"type":"if","locations":[{"start":{"line":372,"column":2},"end":{"line":403,"column":null}},{"start":{},"end":{}}],"line":372},"54":{"loc":{"start":{"line":386,"column":6},"end":{"line":389,"column":null}},"type":"if","locations":[{"start":{"line":386,"column":6},"end":{"line":389,"column":null}},{"start":{},"end":{}}],"line":386},"55":{"loc":{"start":{"line":398,"column":11},"end":{"line":398,"column":null}},"type":"binary-expr","locations":[{"start":{"line":398,"column":11},"end":{"line":398,"column":26}},{"start":{"line":398,"column":26},"end":{"line":398,"column":null}}],"line":398},"56":{"loc":{"start":{"line":423,"column":2},"end":{"line":426,"column":null}},"type":"if","locations":[{"start":{"line":423,"column":2},"end":{"line":426,"column":null}},{"start":{},"end":{}}],"line":423},"57":{"loc":{"start":{"line":428,"column":2},"end":{"line":431,"column":null}},"type":"if","locations":[{"start":{"line":428,"column":2},"end":{"line":431,"column":null}},{"start":{},"end":{}}],"line":428},"58":{"loc":{"start":{"line":439,"column":17},"end":{"line":439,"column":null}},"type":"cond-expr","locations":[{"start":{"line":439,"column":39},"end":{"line":439,"column":57}},{"start":{"line":439,"column":57},"end":{"line":439,"column":null}}],"line":439},"59":{"loc":{"start":{"line":439,"column":57},"end":{"line":439,"column":null}},"type":"cond-expr","locations":[{"start":{"line":439,"column":100},"end":{"line":439,"column":104}},{"start":{"line":439,"column":104},"end":{"line":439,"column":null}}],"line":439},"60":{"loc":{"start":{"line":439,"column":57},"end":{"line":439,"column":100}},"type":"binary-expr","locations":[{"start":{"line":439,"column":57},"end":{"line":439,"column":81}},{"start":{"line":439,"column":81},"end":{"line":439,"column":100}}],"line":439},"61":{"loc":{"start":{"line":440,"column":15},"end":{"line":440,"column":33}},"type":"cond-expr","locations":[{"start":{"line":440,"column":28},"end":{"line":440,"column":32}},{"start":{"line":440,"column":32},"end":{"line":440,"column":33}}],"line":440}},"s":{"0":1,"1":1,"2":1,"3":103,"4":103,"5":6,"6":6,"7":2,"8":4,"9":4,"10":2,"11":5,"12":5,"13":2,"14":3,"15":3,"16":2,"17":5,"18":5,"19":2,"20":3,"21":1,"22":2,"23":5,"24":5,"25":2,"26":3,"27":1,"28":2,"29":5,"30":5,"31":2,"32":3,"33":1,"34":2,"35":4,"36":4,"37":2,"38":2,"39":4,"40":4,"41":2,"42":2,"43":5,"44":5,"45":3,"46":2,"47":1,"48":1,"49":103,"50":103,"51":26,"52":26,"53":26,"54":0,"55":77,"56":77,"57":103,"58":6,"59":77,"60":13,"61":3,"62":10,"63":77,"64":9,"65":77,"66":77,"67":77,"68":3,"69":77,"70":2,"71":77,"72":1,"73":77,"74":2,"75":77,"76":2,"77":77,"78":77,"79":77,"80":77,"81":77,"82":2,"83":77,"84":2,"85":77,"86":2,"87":77,"88":1,"89":77,"90":1,"91":77,"92":1,"93":77,"94":77,"95":2079,"96":89,"97":77,"98":1,"99":1,"100":0,"101":0,"102":0,"103":0,"104":0,"105":0,"106":0,"107":0,"108":0,"109":0,"110":0,"111":1,"112":0,"113":0,"114":0,"115":0,"116":0,"117":0,"118":0,"119":0,"120":0,"121":0,"122":0,"123":0,"124":0,"125":1,"126":1,"127":1,"128":0,"129":0,"130":0,"131":1,"132":0,"133":0,"134":0,"135":1,"136":0,"137":0,"138":1,"139":0,"140":0,"141":1,"142":0,"143":0,"144":0,"145":1,"146":1,"147":0,"148":0,"149":0},"f":{"0":103,"1":0,"2":26,"3":6,"4":5,"5":5,"6":5,"7":5,"8":4,"9":4,"10":5,"11":1,"12":1,"13":1,"14":0,"15":0,"16":0,"17":0,"18":0,"19":0,"20":0,"21":0,"22":0,"23":0},"b":{"0":[2,4],"1":[6,5],"2":[2,2],"3":[2,3],"4":[5,4],"5":[1,2],"6":[2,3],"7":[5,4],"8":[1,2],"9":[2,3],"10":[5,4],"11":[1,2],"12":[2,3],"13":[5,4],"14":[1,2],"15":[2,2],"16":[4,3],"17":[2,2],"18":[4,3],"19":[3,2],"20":[5,4],"21":[26,0],"22":[77,73],"23":[103,76],"24":[103,71],"25":[103,76],"26":[103,75],"27":[103,75],"28":[103,70],"29":[6,97],"30":[6,0],"31":[13,64],"32":[3,10],"33":[8,2],"34":[9,68],"35":[11,66],"36":[3,74],"37":[2,75],"38":[1,76],"39":[2,75],"40":[2,75],"41":[2,75],"42":[2,75],"43":[2,75],"44":[2,75],"45":[2,75],"46":[1,76],"47":[1,76],"48":[1,76],"49":[89,1990],"50":[0,1],"51":[0,0],"52":[0,0],"53":[0,1],"54":[0,0],"55":[0,0],"56":[0,1],"57":[0,1],"58":[0,0],"59":[0,0],"60":[0,0],"61":[0,0]},"meta":{"lastBranch":62,"lastFunction":24,"lastStatement":150,"seen":{"s:23:31:23:Infinity":0,"s:25:20:103:Infinity":1,"s:121:55:149:Infinity":2,"f:151:16:151:26":0,"s:152:18:152:Infinity":3,"s:154:2:275:Infinity":4,"f:157:16:157:22":1,"f:158:16:158:22":2,"f:185:6:185:7":3,"s:186:18:186:Infinity":5,"b:187:8:187:Infinity:undefined:undefined:undefined:undefined":0,"s:187:8:187:Infinity":6,"b:187:12:187:24:187:24:187:31":1,"s:187:31:187:Infinity":7,"b:188:8:188:Infinity:undefined:undefined:undefined:undefined":2,"s:188:8:188:Infinity":8,"s:188:33:188:Infinity":9,"s:189:8:189:Infinity":10,"f:195:6:195:7":4,"s:196:18:196:Infinity":11,"b:197:8:197:Infinity:undefined:undefined:undefined:undefined":3,"s:197:8:197:Infinity":12,"b:197:12:197:24:197:24:197:59":4,"s:197:59:197:Infinity":13,"b:198:8:198:Infinity:undefined:undefined:undefined:undefined":5,"s:198:8:198:Infinity":14,"s:198:47:198:Infinity":15,"s:199:8:199:Infinity":16,"f:205:6:205:7":5,"s:206:18:206:Infinity":17,"b:207:8:209:Infinity:undefined:undefined:undefined:undefined":6,"s:207:8:209:Infinity":18,"b:207:12:207:24:207:24:207:59":7,"s:208:10:208:Infinity":19,"b:210:8:212:Infinity:undefined:undefined:undefined:undefined":8,"s:210:8:212:Infinity":20,"s:211:10:211:Infinity":21,"s:213:8:213:Infinity":22,"f:219:6:219:7":6,"s:220:18:220:Infinity":23,"b:221:8:223:Infinity:undefined:undefined:undefined:undefined":9,"s:221:8:223:Infinity":24,"b:221:12:221:24:221:24:221:63":10,"s:222:10:222:Infinity":25,"b:224:8:226:Infinity:undefined:undefined:undefined:undefined":11,"s:224:8:226:Infinity":26,"s:225:10:225:Infinity":27,"s:227:8:227:Infinity":28,"f:233:6:233:7":7,"s:234:18:234:Infinity":29,"b:235:8:237:Infinity:undefined:undefined:undefined:undefined":12,"s:235:8:237:Infinity":30,"b:235:12:235:24:235:24:235:63":13,"s:236:10:236:Infinity":31,"b:238:8:240:Infinity:undefined:undefined:undefined:undefined":14,"s:238:8:240:Infinity":32,"s:239:10:239:Infinity":33,"s:241:8:241:Infinity":34,"f:247:6:247:7":8,"s:248:18:248:Infinity":35,"b:249:8:249:Infinity:undefined:undefined:undefined:undefined":15,"s:249:8:249:Infinity":36,"b:249:12:249:24:249:24:249:31":16,"s:249:31:249:Infinity":37,"s:250:8:250:Infinity":38,"f:256:6:256:7":9,"s:257:18:257:Infinity":39,"b:258:8:258:Infinity:undefined:undefined:undefined:undefined":17,"s:258:8:258:Infinity":40,"b:258:12:258:24:258:24:258:31":18,"s:258:31:258:Infinity":41,"s:259:8:259:Infinity":42,"f:265:6:265:7":10,"s:266:18:266:Infinity":43,"b:267:8:267:Infinity:undefined:undefined:undefined:undefined":19,"s:267:8:267:Infinity":44,"b:267:12:267:24:267:24:267:32":20,"s:267:32:267:Infinity":45,"s:268:8:268:Infinity":46,"f:271:48:271:49":11,"s:271:49:271:77":47,"f:272:54:272:55":12,"s:272:55:272:83":48,"s:277:2:285:Infinity":49,"s:278:4:278:Infinity":50,"b:280:4:283:Infinity:undefined:undefined:undefined:undefined":21,"s:280:4:283:Infinity":51,"s:281:6:281:Infinity":52,"s:282:6:282:Infinity":53,"s:284:4:284:Infinity":54,"s:287:15:287:Infinity":55,"s:290:27:302:Infinity":56,"b:292:12:292:27:292:27:292:Infinity":22,"b:296:11:296:25:296:25:296:Infinity":23,"b:297:14:297:31:297:31:297:Infinity":24,"b:298:9:298:21:298:21:298:Infinity":25,"b:299:10:299:23:299:23:299:Infinity":26,"b:300:13:300:29:300:29:300:Infinity":27,"b:301:13:301:29:301:29:301:Infinity":28,"b:305:2:307:Infinity:undefined:undefined:undefined:undefined":29,"s:305:2:307:Infinity":57,"s:306:4:306:Infinity":58,"b:306:41:306:56:306:56:306:Infinity":30,"b:308:2:314:Infinity:undefined:undefined:undefined:undefined":31,"s:308:2:314:Infinity":59,"b:309:4:313:Infinity:311:11:313:Infinity":32,"s:309:4:313:Infinity":60,"s:310:6:310:Infinity":61,"s:312:6:312:Infinity":62,"b:312:47:312:64:312:64:312:Infinity":33,"b:315:2:315:Infinity:undefined:undefined:undefined:undefined":34,"s:315:2:315:Infinity":63,"s:315:21:315:Infinity":64,"b:316:2:316:Infinity:undefined:undefined:undefined:undefined":35,"s:316:2:316:Infinity":65,"s:316:20:316:Infinity":66,"b:317:2:317:Infinity:undefined:undefined:undefined:undefined":36,"s:317:2:317:Infinity":67,"s:317:33:317:Infinity":68,"b:318:2:318:Infinity:undefined:undefined:undefined:undefined":37,"s:318:2:318:Infinity":69,"s:318:38:318:Infinity":70,"b:319:2:319:Infinity:undefined:undefined:undefined:undefined":38,"s:319:2:319:Infinity":71,"s:319:36:319:Infinity":72,"b:320:2:320:Infinity:undefined:undefined:undefined:undefined":39,"s:320:2:320:Infinity":73,"s:320:38:320:Infinity":74,"b:321:2:321:Infinity:undefined:undefined:undefined:undefined":40,"s:321:2:321:Infinity":75,"s:321:38:321:Infinity":76,"b:322:2:322:Infinity:undefined:undefined:undefined:undefined":41,"s:322:2:322:Infinity":77,"s:322:42:322:Infinity":78,"b:323:2:323:Infinity:undefined:undefined:undefined:undefined":42,"s:323:2:323:Infinity":79,"s:323:42:323:Infinity":80,"b:324:2:324:Infinity:undefined:undefined:undefined:undefined":43,"s:324:2:324:Infinity":81,"s:324:34:324:Infinity":82,"b:325:2:325:Infinity:undefined:undefined:undefined:undefined":44,"s:325:2:325:Infinity":83,"s:325:38:325:Infinity":84,"b:326:2:326:Infinity:undefined:undefined:undefined:undefined":45,"s:326:2:326:Infinity":85,"s:326:38:326:Infinity":86,"b:327:2:327:Infinity:undefined:undefined:undefined:undefined":46,"s:327:2:327:Infinity":87,"s:327:30:327:Infinity":88,"b:328:2:328:Infinity:undefined:undefined:undefined:undefined":47,"s:328:2:328:Infinity":89,"s:328:34:328:Infinity":90,"b:329:2:329:Infinity:undefined:undefined:undefined:undefined":48,"s:329:2:329:Infinity":91,"s:329:36:329:Infinity":92,"s:332:24:332:Infinity":93,"s:334:2:338:Infinity":94,"b:335:4:337:Infinity:undefined:undefined:undefined:undefined":49,"s:335:4:337:Infinity":95,"s:336:6:336:Infinity":96,"s:340:2:340:Infinity":97,"f:343:15:343:22":13,"s:344:18:344:Infinity":98,"b:347:2:369:Infinity:undefined:undefined:undefined:undefined":50,"s:347:2:369:Infinity":99,"s:348:26:354:Infinity":100,"f:350:35:350:41":14,"f:350:55:350:61":15,"f:354:50:354:51":16,"s:354:51:354:75":101,"s:356:4:364:Infinity":102,"s:357:6:357:Infinity":103,"b:359:6:362:Infinity:undefined:undefined:undefined:undefined":51,"s:359:6:362:Infinity":104,"s:360:8:360:Infinity":105,"s:361:8:361:Infinity":106,"s:363:6:363:Infinity":107,"s:366:10:366:Infinity":108,"b:366:27:366:55:366:55:366:70":52,"s:367:4:367:Infinity":109,"s:368:4:368:Infinity":110,"b:372:2:403:Infinity:undefined:undefined:undefined:undefined":53,"s:372:2:403:Infinity":111,"s:373:23:381:Infinity":112,"f:375:35:375:41":17,"f:375:55:375:61":18,"f:379:54:379:55":19,"s:379:69:379:86":113,"f:381:50:381:51":20,"s:381:51:381:75":114,"s:383:4:391:Infinity":115,"s:384:6:384:Infinity":116,"b:386:6:389:Infinity:undefined:undefined:undefined:undefined":54,"s:386:6:389:Infinity":117,"s:387:8:387:Infinity":118,"s:388:8:388:Infinity":119,"s:390:6:390:Infinity":120,"s:393:20:393:Infinity":121,"s:394:31:394:Infinity":122,"s:395:4:399:Infinity":123,"b:398:11:398:26:398:26:398:Infinity":55,"s:402:4:402:Infinity":124,"s:405:32:405:Infinity":125,"s:408:2:408:Infinity":126,"s:411:2:415:Infinity":127,"f:411:23:411:35":21,"s:412:4:412:Infinity":128,"s:413:4:413:Infinity":129,"s:414:4:414:Infinity":130,"s:417:2:421:Infinity":131,"f:417:24:417:36":22,"s:418:4:418:Infinity":132,"s:419:4:419:Infinity":133,"s:420:4:420:Infinity":134,"b:423:2:426:Infinity:undefined:undefined:undefined:undefined":56,"s:423:2:426:Infinity":135,"s:424:4:424:Infinity":136,"s:425:4:425:Infinity":137,"b:428:2:431:Infinity:undefined:undefined:undefined:undefined":57,"s:428:2:431:Infinity":138,"s:429:4:429:Infinity":139,"s:430:4:430:Infinity":140,"s:434:23:434:Infinity":141,"s:435:47:435:Infinity":142,"s:436:18:436:Infinity":143,"s:439:17:439:Infinity":144,"b:439:39:439:57:439:57:439:Infinity":58,"b:439:100:439:104:439:104:439:Infinity":59,"b:439:57:439:81:439:81:439:100":60,"s:440:2:440:Infinity":145,"b:440:28:440:32:440:32:440:33":61,"s:443:0:447:Infinity":146,"f:443:13:443:20":23,"s:444:2:444:Infinity":147,"s:445:2:445:Infinity":148,"s:446:2:446:Infinity":149}}}
,"/home/pruddiman/source/repos/Dispatch/src/config-prompts.ts": {"path":"/home/pruddiman/source/repos/Dispatch/src/config-prompts.ts","statementMap":{"0":{"start":{"line":34,"column":2},"end":{"line":34,"column":null}},"1":{"start":{"line":35,"column":2},"end":{"line":35,"column":null}},"2":{"start":{"line":36,"column":2},"end":{"line":36,"column":null}},"3":{"start":{"line":39,"column":19},"end":{"line":39,"column":null}},"4":{"start":{"line":40,"column":22},"end":{"line":40,"column":null}},"5":{"start":{"line":42,"column":2},"end":{"line":61,"column":null}},"6":{"start":{"line":43,"column":4},"end":{"line":43,"column":null}},"7":{"start":{"line":44,"column":4},"end":{"line":48,"column":null}},"8":{"start":{"line":45,"column":6},"end":{"line":47,"column":null}},"9":{"start":{"line":46,"column":8},"end":{"line":46,"column":null}},"10":{"start":{"line":49,"column":4},"end":{"line":49,"column":null}},"11":{"start":{"line":51,"column":24},"end":{"line":54,"column":null}},"12":{"start":{"line":56,"column":4},"end":{"line":59,"column":null}},"13":{"start":{"line":57,"column":6},"end":{"line":57,"column":null}},"14":{"start":{"line":58,"column":6},"end":{"line":58,"column":null}},"15":{"start":{"line":60,"column":4},"end":{"line":60,"column":null}},"16":{"start":{"line":64,"column":26},"end":{"line":66,"column":null}},"17":{"start":{"line":65,"column":24},"end":{"line":65,"column":61}},"18":{"start":{"line":68,"column":19},"end":{"line":75,"column":null}},"19":{"start":{"line":70,"column":46},"end":{"line":73,"column":6}},"20":{"start":{"line":78,"column":42},"end":{"line":78,"column":null}},"21":{"start":{"line":79,"column":2},"end":{"line":99,"column":null}},"22":{"start":{"line":80,"column":4},"end":{"line":80,"column":null}},"23":{"start":{"line":81,"column":19},"end":{"line":81,"column":null}},"24":{"start":{"line":82,"column":4},"end":{"line":95,"column":null}},"25":{"start":{"line":83,"column":26},"end":{"line":90,"column":null}},"26":{"start":{"line":87,"column":32},"end":{"line":87,"column":54}},"27":{"start":{"line":91,"column":6},"end":{"line":91,"column":null}},"28":{"start":{"line":93,"column":6},"end":{"line":93,"column":null}},"29":{"start":{"line":94,"column":6},"end":{"line":94,"column":null}},"30":{"start":{"line":97,"column":4},"end":{"line":97,"column":null}},"31":{"start":{"line":98,"column":4},"end":{"line":98,"column":null}},"32":{"start":{"line":102,"column":25},"end":{"line":102,"column":null}},"33":{"start":{"line":103,"column":53},"end":{"line":103,"column":null}},"34":{"start":{"line":104,"column":2},"end":{"line":108,"column":null}},"35":{"start":{"line":105,"column":4},"end":{"line":107,"column":null}},"36":{"start":{"line":111,"column":25},"end":{"line":122,"column":null}},"37":{"start":{"line":119,"column":41},"end":{"line":119,"column":63}},"38":{"start":{"line":124,"column":4},"end":{"line":124,"column":null}},"39":{"start":{"line":133,"column":26},"end":{"line":133,"column":null}},"40":{"start":{"line":134,"column":2},"end":{"line":183,"column":null}},"41":{"start":{"line":136,"column":21},"end":{"line":136,"column":null}},"42":{"start":{"line":137,"column":25},"end":{"line":137,"column":null}},"43":{"start":{"line":138,"column":4},"end":{"line":149,"column":null}},"44":{"start":{"line":139,"column":24},"end":{"line":139,"column":null}},"45":{"start":{"line":140,"column":6},"end":{"line":146,"column":null}},"46":{"start":{"line":141,"column":14},"end":{"line":141,"column":null}},"47":{"start":{"line":142,"column":8},"end":{"line":145,"column":null}},"48":{"start":{"line":143,"column":10},"end":{"line":143,"column":null}},"49":{"start":{"line":143,"column":27},"end":{"line":143,"column":null}},"50":{"start":{"line":144,"column":10},"end":{"line":144,"column":null}},"51":{"start":{"line":144,"column":31},"end":{"line":144,"column":null}},"52":{"start":{"line":151,"column":4},"end":{"line":151,"column":null}},"53":{"start":{"line":152,"column":4},"end":{"line":152,"column":null}},"54":{"start":{"line":154,"column":21},"end":{"line":157,"column":null}},"55":{"start":{"line":158,"column":4},"end":{"line":158,"column":null}},"56":{"start":{"line":158,"column":25},"end":{"line":158,"column":null}},"57":{"start":{"line":160,"column":25},"end":{"line":163,"column":null}},"58":{"start":{"line":164,"column":4},"end":{"line":164,"column":null}},"59":{"start":{"line":164,"column":29},"end":{"line":164,"column":null}},"60":{"start":{"line":166,"column":30},"end":{"line":169,"column":null}},"61":{"start":{"line":170,"column":4},"end":{"line":170,"column":null}},"62":{"start":{"line":170,"column":34},"end":{"line":170,"column":null}},"63":{"start":{"line":172,"column":27},"end":{"line":175,"column":null}},"64":{"start":{"line":176,"column":4},"end":{"line":176,"column":null}},"65":{"start":{"line":176,"column":31},"end":{"line":176,"column":null}},"66":{"start":{"line":178,"column":22},"end":{"line":181,"column":null}},"67":{"start":{"line":182,"column":4},"end":{"line":182,"column":null}},"68":{"start":{"line":182,"column":26},"end":{"line":182,"column":null}},"69":{"start":{"line":186,"column":2},"end":{"line":191,"column":null}},"70":{"start":{"line":187,"column":4},"end":{"line":187,"column":null}},"71":{"start":{"line":189,"column":4},"end":{"line":189,"column":null}},"72":{"start":{"line":190,"column":4},"end":{"line":190,"column":null}},"73":{"start":{"line":194,"column":36},"end":{"line":197,"column":null}},"74":{"start":{"line":199,"column":2},"end":{"line":201,"column":null}},"75":{"start":{"line":200,"column":4},"end":{"line":200,"column":null}},"76":{"start":{"line":202,"column":2},"end":{"line":202,"column":null}},"77":{"start":{"line":202,"column":25},"end":{"line":202,"column":null}},"78":{"start":{"line":203,"column":2},"end":{"line":203,"column":null}},"79":{"start":{"line":203,"column":29},"end":{"line":203,"column":null}},"80":{"start":{"line":204,"column":2},"end":{"line":204,"column":null}},"81":{"start":{"line":204,"column":34},"end":{"line":204,"column":null}},"82":{"start":{"line":205,"column":2},"end":{"line":205,"column":null}},"83":{"start":{"line":205,"column":31},"end":{"line":205,"column":null}},"84":{"start":{"line":206,"column":2},"end":{"line":206,"column":null}},"85":{"start":{"line":206,"column":26},"end":{"line":206,"column":null}},"86":{"start":{"line":209,"column":2},"end":{"line":209,"column":null}},"87":{"start":{"line":210,"column":2},"end":{"line":210,"column":null}},"88":{"start":{"line":211,"column":2},"end":{"line":215,"column":null}},"89":{"start":{"line":212,"column":4},"end":{"line":214,"column":null}},"90":{"start":{"line":213,"column":6},"end":{"line":213,"column":null}},"91":{"start":{"line":216,"column":2},"end":{"line":220,"column":null}},"92":{"start":{"line":217,"column":4},"end":{"line":219,"column":null}},"93":{"start":{"line":221,"column":2},"end":{"line":221,"column":null}},"94":{"start":{"line":224,"column":21},"end":{"line":227,"column":null}},"95":{"start":{"line":229,"column":2},"end":{"line":234,"column":null}},"96":{"start":{"line":230,"column":4},"end":{"line":230,"column":null}},"97":{"start":{"line":231,"column":4},"end":{"line":231,"column":null}},"98":{"start":{"line":233,"column":4},"end":{"line":233,"column":null}}},"fnMap":{"0":{"name":"runInteractiveConfigWizard","decl":{"start":{"line":33,"column":22},"end":{"line":33,"column":49}},"loc":{"start":{"line":33,"column":84},"end":{"line":235,"column":null}},"line":33},"1":{"name":"(anonymous_1)","decl":{"start":{"line":65,"column":23},"end":{"line":65,"column":24}},"loc":{"start":{"line":65,"column":24},"end":{"line":65,"column":61}},"line":65},"2":{"name":"(anonymous_2)","decl":{"start":{"line":70,"column":32},"end":{"line":70,"column":33}},"loc":{"start":{"line":70,"column":46},"end":{"line":73,"column":6}},"line":70},"3":{"name":"(anonymous_3)","decl":{"start":{"line":87,"column":24},"end":{"line":87,"column":25}},"loc":{"start":{"line":87,"column":32},"end":{"line":87,"column":54}},"line":87},"4":{"name":"(anonymous_4)","decl":{"start":{"line":119,"column":30},"end":{"line":119,"column":31}},"loc":{"start":{"line":119,"column":41},"end":{"line":119,"column":63}},"line":119}},"branchMap":{"0":{"loc":{"start":{"line":42,"column":2},"end":{"line":61,"column":null}},"type":"if","locations":[{"start":{"line":42,"column":2},"end":{"line":61,"column":null}},{"start":{},"end":{}}],"line":42},"1":{"loc":{"start":{"line":45,"column":6},"end":{"line":47,"column":null}},"type":"if","locations":[{"start":{"line":45,"column":6},"end":{"line":47,"column":null}},{"start":{},"end":{}}],"line":45},"2":{"loc":{"start":{"line":56,"column":4},"end":{"line":59,"column":null}},"type":"if","locations":[{"start":{"line":56,"column":4},"end":{"line":59,"column":null}},{"start":{},"end":{}}],"line":56},"3":{"loc":{"start":{"line":71,"column":15},"end":{"line":71,"column":69}},"type":"cond-expr","locations":[{"start":{"line":71,"column":36},"end":{"line":71,"column":55}},{"start":{"line":71,"column":55},"end":{"line":71,"column":69}}],"line":71},"4":{"loc":{"start":{"line":82,"column":4},"end":{"line":95,"column":null}},"type":"if","locations":[{"start":{"line":82,"column":4},"end":{"line":95,"column":null}},{"start":{"line":92,"column":11},"end":{"line":95,"column":null}}],"line":82},"5":{"loc":{"start":{"line":89,"column":17},"end":{"line":89,"column":null}},"type":"binary-expr","locations":[{"start":{"line":89,"column":17},"end":{"line":89,"column":35}},{"start":{"line":89,"column":35},"end":{"line":89,"column":null}}],"line":89},"6":{"loc":{"start":{"line":91,"column":22},"end":{"line":91,"column":null}},"type":"binary-expr","locations":[{"start":{"line":91,"column":22},"end":{"line":91,"column":37}},{"start":{"line":91,"column":37},"end":{"line":91,"column":null}}],"line":91},"7":{"loc":{"start":{"line":103,"column":53},"end":{"line":103,"column":null}},"type":"binary-expr","locations":[{"start":{"line":103,"column":53},"end":{"line":103,"column":72}},{"start":{"line":103,"column":72},"end":{"line":103,"column":null}}],"line":103},"8":{"loc":{"start":{"line":104,"column":2},"end":{"line":108,"column":null}},"type":"if","locations":[{"start":{"line":104,"column":2},"end":{"line":108,"column":null}},{"start":{},"end":{}}],"line":104},"9":{"loc":{"start":{"line":124,"column":4},"end":{"line":124,"column":null}},"type":"cond-expr","locations":[{"start":{"line":124,"column":32},"end":{"line":124,"column":44}},{"start":{"line":124,"column":44},"end":{"line":124,"column":null}}],"line":124},"10":{"loc":{"start":{"line":133,"column":26},"end":{"line":133,"column":null}},"type":"binary-expr","locations":[{"start":{"line":133,"column":26},"end":{"line":133,"column":36}},{"start":{"line":133,"column":36},"end":{"line":133,"column":null}}],"line":133},"11":{"loc":{"start":{"line":134,"column":2},"end":{"line":183,"column":null}},"type":"if","locations":[{"start":{"line":134,"column":2},"end":{"line":183,"column":null}},{"start":{},"end":{}}],"line":134},"12":{"loc":{"start":{"line":136,"column":21},"end":{"line":136,"column":null}},"type":"binary-expr","locations":[{"start":{"line":136,"column":21},"end":{"line":136,"column":37}},{"start":{"line":136,"column":37},"end":{"line":136,"column":null}}],"line":136},"13":{"loc":{"start":{"line":137,"column":25},"end":{"line":137,"column":null}},"type":"binary-expr","locations":[{"start":{"line":137,"column":25},"end":{"line":137,"column":45}},{"start":{"line":137,"column":45},"end":{"line":137,"column":null}}],"line":137},"14":{"loc":{"start":{"line":140,"column":6},"end":{"line":146,"column":null}},"type":"if","locations":[{"start":{"line":140,"column":6},"end":{"line":146,"column":null}},{"start":{},"end":{}}],"line":140},"15":{"loc":{"start":{"line":142,"column":8},"end":{"line":145,"column":null}},"type":"if","locations":[{"start":{"line":142,"column":8},"end":{"line":145,"column":null}},{"start":{},"end":{}}],"line":142},"16":{"loc":{"start":{"line":143,"column":10},"end":{"line":143,"column":null}},"type":"if","locations":[{"start":{"line":143,"column":10},"end":{"line":143,"column":null}},{"start":{},"end":{}}],"line":143},"17":{"loc":{"start":{"line":144,"column":10},"end":{"line":144,"column":null}},"type":"if","locations":[{"start":{"line":144,"column":10},"end":{"line":144,"column":null}},{"start":{},"end":{}}],"line":144},"18":{"loc":{"start":{"line":156,"column":15},"end":{"line":156,"column":null}},"type":"binary-expr","locations":[{"start":{"line":156,"column":15},"end":{"line":156,"column":29}},{"start":{"line":156,"column":29},"end":{"line":156,"column":null}}],"line":156},"19":{"loc":{"start":{"line":158,"column":4},"end":{"line":158,"column":null}},"type":"if","locations":[{"start":{"line":158,"column":4},"end":{"line":158,"column":null}},{"start":{},"end":{}}],"line":158},"20":{"loc":{"start":{"line":162,"column":15},"end":{"line":162,"column":null}},"type":"binary-expr","locations":[{"start":{"line":162,"column":15},"end":{"line":162,"column":33}},{"start":{"line":162,"column":33},"end":{"line":162,"column":null}}],"line":162},"21":{"loc":{"start":{"line":164,"column":4},"end":{"line":164,"column":null}},"type":"if","locations":[{"start":{"line":164,"column":4},"end":{"line":164,"column":null}},{"start":{},"end":{}}],"line":164},"22":{"loc":{"start":{"line":168,"column":15},"end":{"line":168,"column":null}},"type":"binary-expr","locations":[{"start":{"line":168,"column":15},"end":{"line":168,"column":40}},{"start":{"line":168,"column":40},"end":{"line":168,"column":null}}],"line":168},"23":{"loc":{"start":{"line":170,"column":4},"end":{"line":170,"column":null}},"type":"if","locations":[{"start":{"line":170,"column":4},"end":{"line":170,"column":null}},{"start":{},"end":{}}],"line":170},"24":{"loc":{"start":{"line":174,"column":15},"end":{"line":174,"column":null}},"type":"binary-expr","locations":[{"start":{"line":174,"column":15},"end":{"line":174,"column":37}},{"start":{"line":174,"column":37},"end":{"line":174,"column":null}}],"line":174},"25":{"loc":{"start":{"line":176,"column":4},"end":{"line":176,"column":null}},"type":"if","locations":[{"start":{"line":176,"column":4},"end":{"line":176,"column":null}},{"start":{},"end":{}}],"line":176},"26":{"loc":{"start":{"line":180,"column":15},"end":{"line":180,"column":null}},"type":"binary-expr","locations":[{"start":{"line":180,"column":15},"end":{"line":180,"column":32}},{"start":{"line":180,"column":32},"end":{"line":180,"column":null}}],"line":180},"27":{"loc":{"start":{"line":182,"column":4},"end":{"line":182,"column":null}},"type":"if","locations":[{"start":{"line":182,"column":4},"end":{"line":182,"column":null}},{"start":{},"end":{}}],"line":182},"28":{"loc":{"start":{"line":187,"column":26},"end":{"line":187,"column":56}},"type":"binary-expr","locations":[{"start":{"line":187,"column":26},"end":{"line":187,"column":45}},{"start":{"line":187,"column":45},"end":{"line":187,"column":56}}],"line":187},"29":{"loc":{"start":{"line":189,"column":39},"end":{"line":189,"column":87}},"type":"cond-expr","locations":[{"start":{"line":189,"column":62},"end":{"line":189,"column":76}},{"start":{"line":189,"column":76},"end":{"line":189,"column":87}}],"line":189},"30":{"loc":{"start":{"line":199,"column":2},"end":{"line":201,"column":null}},"type":"if","locations":[{"start":{"line":199,"column":2},"end":{"line":201,"column":null}},{"start":{},"end":{}}],"line":199},"31":{"loc":{"start":{"line":202,"column":2},"end":{"line":202,"column":null}},"type":"if","locations":[{"start":{"line":202,"column":2},"end":{"line":202,"column":null}},{"start":{},"end":{}}],"line":202},"32":{"loc":{"start":{"line":203,"column":2},"end":{"line":203,"column":null}},"type":"if","locations":[{"start":{"line":203,"column":2},"end":{"line":203,"column":null}},{"start":{},"end":{}}],"line":203},"33":{"loc":{"start":{"line":204,"column":2},"end":{"line":204,"column":null}},"type":"if","locations":[{"start":{"line":204,"column":2},"end":{"line":204,"column":null}},{"start":{},"end":{}}],"line":204},"34":{"loc":{"start":{"line":205,"column":2},"end":{"line":205,"column":null}},"type":"if","locations":[{"start":{"line":205,"column":2},"end":{"line":205,"column":null}},{"start":{},"end":{}}],"line":205},"35":{"loc":{"start":{"line":206,"column":2},"end":{"line":206,"column":null}},"type":"if","locations":[{"start":{"line":206,"column":2},"end":{"line":206,"column":null}},{"start":{},"end":{}}],"line":206},"36":{"loc":{"start":{"line":212,"column":4},"end":{"line":214,"column":null}},"type":"if","locations":[{"start":{"line":212,"column":4},"end":{"line":214,"column":null}},{"start":{},"end":{}}],"line":212},"37":{"loc":{"start":{"line":216,"column":2},"end":{"line":220,"column":null}},"type":"if","locations":[{"start":{"line":216,"column":2},"end":{"line":220,"column":null}},{"start":{},"end":{}}],"line":216},"38":{"loc":{"start":{"line":229,"column":2},"end":{"line":234,"column":null}},"type":"if","locations":[{"start":{"line":229,"column":2},"end":{"line":234,"column":null}},{"start":{"line":232,"column":9},"end":{"line":234,"column":null}}],"line":229}},"s":{"0":22,"1":22,"2":22,"3":22,"4":22,"5":22,"6":3,"7":3,"8":5,"9":5,"10":3,"11":3,"12":3,"13":1,"14":1,"15":2,"16":21,"17":84,"18":21,"19":84,"20":21,"21":21,"22":21,"23":21,"24":21,"25":2,"26":4,"27":2,"28":19,"29":19,"30":0,"31":0,"32":21,"33":21,"34":22,"35":3,"36":21,"37":63,"38":21,"39":22,"40":22,"41":5,"42":5,"43":5,"44":5,"45":5,"46":1,"47":1,"48":1,"49":1,"50":1,"51":1,"52":5,"53":5,"54":5,"55":5,"56":3,"57":5,"58":5,"59":3,"60":5,"61":5,"62":1,"63":5,"64":5,"65":1,"66":5,"67":5,"68":1,"69":21,"70":21,"71":1,"72":1,"73":21,"74":21,"75":1,"76":21,"77":3,"78":21,"79":21,"80":21,"81":21,"82":21,"83":21,"84":21,"85":1,"86":21,"87":21,"88":21,"89":52,"90":50,"91":21,"92":2,"93":21,"94":21,"95":21,"96":20,"97":20,"98":1},"f":{"0":22,"1":84,"2":84,"3":4,"4":63},"b":{"0":[3,19],"1":[5,0],"2":[1,2],"3":[11,73],"4":[2,19],"5":[2,2],"6":[2,1],"7":[21,19],"8":[3,19],"9":[2,19],"10":[22,2],"11":[5,17],"12":[5,5],"13":[5,5],"14":[1,4],"15":[1,0],"16":[1,0],"17":[1,0],"18":[5,4],"19":[3,2],"20":[5,4],"21":[3,2],"22":[5,5],"23":[1,4],"24":[5,5],"25":[1,4],"26":[5,5],"27":[1,4],"28":[21,1],"29":[1,0],"30":[1,20],"31":[3,18],"32":[3,18],"33":[1,20],"34":[1,20],"35":[1,20],"36":[50,2],"37":[2,19],"38":[20,1]},"meta":{"lastBranch":39,"lastFunction":5,"lastStatement":99,"seen":{"f:33:22:33:49":0,"s:34:2:34:Infinity":0,"s:35:2:35:Infinity":1,"s:36:2:36:Infinity":2,"s:39:19:39:Infinity":3,"s:40:22:40:Infinity":4,"b:42:2:61:Infinity:undefined:undefined:undefined:undefined":0,"s:42:2:61:Infinity":5,"s:43:4:43:Infinity":6,"s:44:4:48:Infinity":7,"b:45:6:47:Infinity:undefined:undefined:undefined:undefined":1,"s:45:6:47:Infinity":8,"s:46:8:46:Infinity":9,"s:49:4:49:Infinity":10,"s:51:24:54:Infinity":11,"b:56:4:59:Infinity:undefined:undefined:undefined:undefined":2,"s:56:4:59:Infinity":12,"s:57:6:57:Infinity":13,"s:58:6:58:Infinity":14,"s:60:4:60:Infinity":15,"s:64:26:66:Infinity":16,"f:65:23:65:24":1,"s:65:24:65:61":17,"s:68:19:75:Infinity":18,"f:70:32:70:33":2,"s:70:46:73:6":19,"b:71:36:71:55:71:55:71:69":3,"s:78:42:78:Infinity":20,"s:79:2:99:Infinity":21,"s:80:4:80:Infinity":22,"s:81:19:81:Infinity":23,"b:82:4:95:Infinity:92:11:95:Infinity":4,"s:82:4:95:Infinity":24,"s:83:26:90:Infinity":25,"f:87:24:87:25":3,"s:87:32:87:54":26,"b:89:17:89:35:89:35:89:Infinity":5,"s:91:6:91:Infinity":27,"b:91:22:91:37:91:37:91:Infinity":6,"s:93:6:93:Infinity":28,"s:94:6:94:Infinity":29,"s:97:4:97:Infinity":30,"s:98:4:98:Infinity":31,"s:102:25:102:Infinity":32,"s:103:53:103:Infinity":33,"b:103:53:103:72:103:72:103:Infinity":7,"b:104:2:108:Infinity:undefined:undefined:undefined:undefined":8,"s:104:2:108:Infinity":34,"s:105:4:107:Infinity":35,"s:111:25:122:Infinity":36,"f:119:30:119:31":4,"s:119:41:119:63":37,"s:124:4:124:Infinity":38,"b:124:32:124:44:124:44:124:Infinity":9,"s:133:26:133:Infinity":39,"b:133:26:133:36:133:36:133:Infinity":10,"b:134:2:183:Infinity:undefined:undefined:undefined:undefined":11,"s:134:2:183:Infinity":40,"s:136:21:136:Infinity":41,"b:136:21:136:37:136:37:136:Infinity":12,"s:137:25:137:Infinity":42,"b:137:25:137:45:137:45:137:Infinity":13,"s:138:4:149:Infinity":43,"s:139:24:139:Infinity":44,"b:140:6:146:Infinity:undefined:undefined:undefined:undefined":14,"s:140:6:146:Infinity":45,"s:141:14:141:Infinity":46,"b:142:8:145:Infinity:undefined:undefined:undefined:undefined":15,"s:142:8:145:Infinity":47,"b:143:10:143:Infinity:undefined:undefined:undefined:undefined":16,"s:143:10:143:Infinity":48,"s:143:27:143:Infinity":49,"b:144:10:144:Infinity:undefined:undefined:undefined:undefined":17,"s:144:10:144:Infinity":50,"s:144:31:144:Infinity":51,"s:151:4:151:Infinity":52,"s:152:4:152:Infinity":53,"s:154:21:157:Infinity":54,"b:156:15:156:29:156:29:156:Infinity":18,"b:158:4:158:Infinity:undefined:undefined:undefined:undefined":19,"s:158:4:158:Infinity":55,"s:158:25:158:Infinity":56,"s:160:25:163:Infinity":57,"b:162:15:162:33:162:33:162:Infinity":20,"b:164:4:164:Infinity:undefined:undefined:undefined:undefined":21,"s:164:4:164:Infinity":58,"s:164:29:164:Infinity":59,"s:166:30:169:Infinity":60,"b:168:15:168:40:168:40:168:Infinity":22,"b:170:4:170:Infinity:undefined:undefined:undefined:undefined":23,"s:170:4:170:Infinity":61,"s:170:34:170:Infinity":62,"s:172:27:175:Infinity":63,"b:174:15:174:37:174:37:174:Infinity":24,"b:176:4:176:Infinity:undefined:undefined:undefined:undefined":25,"s:176:4:176:Infinity":64,"s:176:31:176:Infinity":65,"s:178:22:181:Infinity":66,"b:180:15:180:32:180:32:180:Infinity":26,"b:182:4:182:Infinity:undefined:undefined:undefined:undefined":27,"s:182:4:182:Infinity":67,"s:182:26:182:Infinity":68,"s:186:2:191:Infinity":69,"s:187:4:187:Infinity":70,"b:187:26:187:45:187:45:187:56":28,"s:189:4:189:Infinity":71,"b:189:62:189:76:189:76:189:87":29,"s:190:4:190:Infinity":72,"s:194:36:197:Infinity":73,"b:199:2:201:Infinity:undefined:undefined:undefined:undefined":30,"s:199:2:201:Infinity":74,"s:200:4:200:Infinity":75,"b:202:2:202:Infinity:undefined:undefined:undefined:undefined":31,"s:202:2:202:Infinity":76,"s:202:25:202:Infinity":77,"b:203:2:203:Infinity:undefined:undefined:undefined:undefined":32,"s:203:2:203:Infinity":78,"s:203:29:203:Infinity":79,"b:204:2:204:Infinity:undefined:undefined:undefined:undefined":33,"s:204:2:204:Infinity":80,"s:204:34:204:Infinity":81,"b:205:2:205:Infinity:undefined:undefined:undefined:undefined":34,"s:205:2:205:Infinity":82,"s:205:31:205:Infinity":83,"b:206:2:206:Infinity:undefined:undefined:undefined:undefined":35,"s:206:2:206:Infinity":84,"s:206:26:206:Infinity":85,"s:209:2:209:Infinity":86,"s:210:2:210:Infinity":87,"s:211:2:215:Infinity":88,"b:212:4:214:Infinity:undefined:undefined:undefined:undefined":36,"s:212:4:214:Infinity":89,"s:213:6:213:Infinity":90,"b:216:2:220:Infinity:undefined:undefined:undefined:undefined":37,"s:216:2:220:Infinity":91,"s:217:4:219:Infinity":92,"s:221:2:221:Infinity":93,"s:224:21:227:Infinity":94,"b:229:2:234:Infinity:232:9:234:Infinity":38,"s:229:2:234:Infinity":95,"s:230:4:230:Infinity":96,"s:231:4:231:Infinity":97,"s:233:4:233:Infinity":98}}}
,"/home/pruddiman/source/repos/Dispatch/src/config.ts": {"path":"/home/pruddiman/source/repos/Dispatch/src/config.ts","statementMap":{"0":{"start":{"line":47,"column":29},"end":{"line":54,"column":null}},"1":{"start":{"line":57,"column":27},"end":{"line":57,"column":null}},"2":{"start":{"line":67,"column":14},"end":{"line":67,"column":null}},"3":{"start":{"line":68,"column":2},"end":{"line":68,"column":null}},"4":{"start":{"line":77,"column":21},"end":{"line":77,"column":null}},"5":{"start":{"line":78,"column":2},"end":{"line":83,"column":null}},"6":{"start":{"line":79,"column":16},"end":{"line":79,"column":null}},"7":{"start":{"line":80,"column":4},"end":{"line":80,"column":null}},"8":{"start":{"line":82,"column":4},"end":{"line":82,"column":null}},"9":{"start":{"line":95,"column":21},"end":{"line":95,"column":null}},"10":{"start":{"line":96,"column":2},"end":{"line":96,"column":null}},"11":{"start":{"line":97,"column":2},"end":{"line":97,"column":null}},"12":{"start":{"line":105,"column":2},"end":{"line":197,"column":null}},"13":{"start":{"line":107,"column":6},"end":{"line":109,"column":null}},"14":{"start":{"line":108,"column":8},"end":{"line":108,"column":null}},"15":{"start":{"line":110,"column":6},"end":{"line":110,"column":null}},"16":{"start":{"line":113,"column":6},"end":{"line":115,"column":null}},"17":{"start":{"line":114,"column":8},"end":{"line":114,"column":null}},"18":{"start":{"line":116,"column":6},"end":{"line":116,"column":null}},"19":{"start":{"line":119,"column":6},"end":{"line":121,"column":null}},"20":{"start":{"line":120,"column":8},"end":{"line":120,"column":null}},"21":{"start":{"line":122,"column":6},"end":{"line":122,"column":null}},"22":{"start":{"line":125,"column":18},"end":{"line":125,"column":null}},"23":{"start":{"line":126,"column":6},"end":{"line":128,"column":null}},"24":{"start":{"line":127,"column":8},"end":{"line":127,"column":null}},"25":{"start":{"line":129,"column":6},"end":{"line":129,"column":null}},"26":{"start":{"line":133,"column":18},"end":{"line":133,"column":null}},"27":{"start":{"line":134,"column":6},"end":{"line":136,"column":null}},"28":{"start":{"line":135,"column":8},"end":{"line":135,"column":null}},"29":{"start":{"line":137,"column":6},"end":{"line":137,"column":null}},"30":{"start":{"line":141,"column":18},"end":{"line":141,"column":null}},"31":{"start":{"line":142,"column":6},"end":{"line":144,"column":null}},"32":{"start":{"line":143,"column":8},"end":{"line":143,"column":null}},"33":{"start":{"line":145,"column":6},"end":{"line":145,"column":null}},"34":{"start":{"line":149,"column":18},"end":{"line":149,"column":null}},"35":{"start":{"line":150,"column":6},"end":{"line":152,"column":null}},"36":{"start":{"line":151,"column":8},"end":{"line":151,"column":null}},"37":{"start":{"line":153,"column":6},"end":{"line":153,"column":null}},"38":{"start":{"line":157,"column":18},"end":{"line":157,"column":null}},"39":{"start":{"line":158,"column":6},"end":{"line":160,"column":null}},"40":{"start":{"line":159,"column":8},"end":{"line":159,"column":null}},"41":{"start":{"line":161,"column":6},"end":{"line":161,"column":null}},"42":{"start":{"line":165,"column":18},"end":{"line":165,"column":null}},"43":{"start":{"line":166,"column":6},"end":{"line":168,"column":null}},"44":{"start":{"line":167,"column":8},"end":{"line":167,"column":null}},"45":{"start":{"line":169,"column":6},"end":{"line":169,"column":null}},"46":{"start":{"line":177,"column":6},"end":{"line":179,"column":null}},"47":{"start":{"line":178,"column":8},"end":{"line":178,"column":null}},"48":{"start":{"line":180,"column":6},"end":{"line":180,"column":null}},"49":{"start":{"line":183,"column":6},"end":{"line":185,"column":null}},"50":{"start":{"line":184,"column":8},"end":{"line":184,"column":null}},"51":{"start":{"line":186,"column":6},"end":{"line":188,"column":null}},"52":{"start":{"line":187,"column":8},"end":{"line":187,"column":null}},"53":{"start":{"line":189,"column":6},"end":{"line":191,"column":null}},"54":{"start":{"line":190,"column":8},"end":{"line":190,"column":null}},"55":{"start":{"line":192,"column":6},"end":{"line":192,"column":null}},"56":{"start":{"line":196,"column":6},"end":{"line":196,"column":null}},"57":{"start":{"line":206,"column":2},"end":{"line":206,"column":null}}},"fnMap":{"0":{"name":"getConfigPath","decl":{"start":{"line":66,"column":16},"end":{"line":66,"column":30}},"loc":{"start":{"line":66,"column":58},"end":{"line":69,"column":null}},"line":66},"1":{"name":"loadConfig","decl":{"start":{"line":76,"column":22},"end":{"line":76,"column":33}},"loc":{"start":{"line":76,"column":78},"end":{"line":84,"column":null}},"line":76},"2":{"name":"saveConfig","decl":{"start":{"line":91,"column":22},"end":{"line":91,"column":null}},"loc":{"start":{"line":94,"column":17},"end":{"line":98,"column":null}},"line":94},"3":{"name":"validateConfigValue","decl":{"start":{"line":104,"column":16},"end":{"line":104,"column":36}},"loc":{"start":{"line":104,"column":82},"end":{"line":198,"column":null}},"line":104},"4":{"name":"handleConfigCommand","decl":{"start":{"line":205,"column":22},"end":{"line":205,"column":42}},"loc":{"start":{"line":205,"column":94},"end":{"line":207,"column":null}},"line":205}},"branchMap":{"0":{"loc":{"start":{"line":67,"column":14},"end":{"line":67,"column":null}},"type":"binary-expr","locations":[{"start":{"line":67,"column":14},"end":{"line":67,"column":27}},{"start":{"line":67,"column":14},"end":{"line":67,"column":null}}],"line":67},"1":{"loc":{"start":{"line":105,"column":2},"end":{"line":197,"column":null}},"type":"switch","locations":[{"start":{"line":106,"column":4},"end":{"line":110,"column":null}},{"start":{"line":112,"column":4},"end":{"line":116,"column":null}},{"start":{"line":118,"column":4},"end":{"line":122,"column":null}},{"start":{"line":124,"column":4},"end":{"line":130,"column":null}},{"start":{"line":132,"column":4},"end":{"line":138,"column":null}},{"start":{"line":140,"column":4},"end":{"line":146,"column":null}},{"start":{"line":148,"column":4},"end":{"line":154,"column":null}},{"start":{"line":156,"column":4},"end":{"line":162,"column":null}},{"start":{"line":164,"column":4},"end":{"line":170,"column":null}},{"start":{"line":172,"column":4},"end":{"line":172,"column":null}},{"start":{"line":173,"column":4},"end":{"line":173,"column":null}},{"start":{"line":174,"column":4},"end":{"line":174,"column":null}},{"start":{"line":175,"column":4},"end":{"line":175,"column":null}},{"start":{"line":176,"column":4},"end":{"line":180,"column":null}},{"start":{"line":182,"column":4},"end":{"line":193,"column":null}},{"start":{"line":195,"column":4},"end":{"line":196,"column":null}}],"line":105},"2":{"loc":{"start":{"line":107,"column":6},"end":{"line":109,"column":null}},"type":"if","locations":[{"start":{"line":107,"column":6},"end":{"line":109,"column":null}},{"start":{},"end":{}}],"line":107},"3":{"loc":{"start":{"line":113,"column":6},"end":{"line":115,"column":null}},"type":"if","locations":[{"start":{"line":113,"column":6},"end":{"line":115,"column":null}},{"start":{},"end":{}}],"line":113},"4":{"loc":{"start":{"line":113,"column":10},"end":{"line":113,"column":41}},"type":"binary-expr","locations":[{"start":{"line":113,"column":10},"end":{"line":113,"column":20}},{"start":{"line":113,"column":20},"end":{"line":113,"column":41}}],"line":113},"5":{"loc":{"start":{"line":119,"column":6},"end":{"line":121,"column":null}},"type":"if","locations":[{"start":{"line":119,"column":6},"end":{"line":121,"column":null}},{"start":{},"end":{}}],"line":119},"6":{"loc":{"start":{"line":126,"column":6},"end":{"line":128,"column":null}},"type":"if","locations":[{"start":{"line":126,"column":6},"end":{"line":128,"column":null}},{"start":{},"end":{}}],"line":126},"7":{"loc":{"start":{"line":126,"column":10},"end":{"line":126,"column":111}},"type":"binary-expr","locations":[{"start":{"line":126,"column":10},"end":{"line":126,"column":35}},{"start":{"line":126,"column":35},"end":{"line":126,"column":74}},{"start":{"line":126,"column":74},"end":{"line":126,"column":111}}],"line":126},"8":{"loc":{"start":{"line":134,"column":6},"end":{"line":136,"column":null}},"type":"if","locations":[{"start":{"line":134,"column":6},"end":{"line":136,"column":null}},{"start":{},"end":{}}],"line":134},"9":{"loc":{"start":{"line":134,"column":10},"end":{"line":134,"column":111}},"type":"binary-expr","locations":[{"start":{"line":134,"column":10},"end":{"line":134,"column":35}},{"start":{"line":134,"column":35},"end":{"line":134,"column":74}},{"start":{"line":134,"column":74},"end":{"line":134,"column":111}}],"line":134},"10":{"loc":{"start":{"line":142,"column":6},"end":{"line":144,"column":null}},"type":"if","locations":[{"start":{"line":142,"column":6},"end":{"line":144,"column":null}},{"start":{},"end":{}}],"line":142},"11":{"loc":{"start":{"line":142,"column":10},"end":{"line":142,"column":111}},"type":"binary-expr","locations":[{"start":{"line":142,"column":10},"end":{"line":142,"column":35}},{"start":{"line":142,"column":35},"end":{"line":142,"column":74}},{"start":{"line":142,"column":74},"end":{"line":142,"column":111}}],"line":142},"12":{"loc":{"start":{"line":150,"column":6},"end":{"line":152,"column":null}},"type":"if","locations":[{"start":{"line":150,"column":6},"end":{"line":152,"column":null}},{"start":{},"end":{}}],"line":150},"13":{"loc":{"start":{"line":150,"column":10},"end":{"line":150,"column":119}},"type":"binary-expr","locations":[{"start":{"line":150,"column":10},"end":{"line":150,"column":35}},{"start":{"line":150,"column":35},"end":{"line":150,"column":78}},{"start":{"line":150,"column":78},"end":{"line":150,"column":119}}],"line":150},"14":{"loc":{"start":{"line":158,"column":6},"end":{"line":160,"column":null}},"type":"if","locations":[{"start":{"line":158,"column":6},"end":{"line":160,"column":null}},{"start":{},"end":{}}],"line":158},"15":{"loc":{"start":{"line":158,"column":10},"end":{"line":158,"column":119}},"type":"binary-expr","locations":[{"start":{"line":158,"column":10},"end":{"line":158,"column":35}},{"start":{"line":158,"column":35},"end":{"line":158,"column":78}},{"start":{"line":158,"column":78},"end":{"line":158,"column":119}}],"line":158},"16":{"loc":{"start":{"line":166,"column":6},"end":{"line":168,"column":null}},"type":"if","locations":[{"start":{"line":166,"column":6},"end":{"line":168,"column":null}},{"start":{},"end":{}}],"line":166},"17":{"loc":{"start":{"line":166,"column":10},"end":{"line":166,"column":112}},"type":"binary-expr","locations":[{"start":{"line":166,"column":10},"end":{"line":166,"column":36}},{"start":{"line":166,"column":36},"end":{"line":166,"column":75}},{"start":{"line":166,"column":75},"end":{"line":166,"column":112}}],"line":166},"18":{"loc":{"start":{"line":177,"column":6},"end":{"line":179,"column":null}},"type":"if","locations":[{"start":{"line":177,"column":6},"end":{"line":179,"column":null}},{"start":{},"end":{}}],"line":177},"19":{"loc":{"start":{"line":177,"column":10},"end":{"line":177,"column":41}},"type":"binary-expr","locations":[{"start":{"line":177,"column":10},"end":{"line":177,"column":20}},{"start":{"line":177,"column":20},"end":{"line":177,"column":41}}],"line":177},"20":{"loc":{"start":{"line":183,"column":6},"end":{"line":185,"column":null}},"type":"if","locations":[{"start":{"line":183,"column":6},"end":{"line":185,"column":null}},{"start":{},"end":{}}],"line":183},"21":{"loc":{"start":{"line":183,"column":10},"end":{"line":183,"column":41}},"type":"binary-expr","locations":[{"start":{"line":183,"column":10},"end":{"line":183,"column":20}},{"start":{"line":183,"column":20},"end":{"line":183,"column":41}}],"line":183},"22":{"loc":{"start":{"line":186,"column":6},"end":{"line":188,"column":null}},"type":"if","locations":[{"start":{"line":186,"column":6},"end":{"line":188,"column":null}},{"start":{},"end":{}}],"line":186},"23":{"loc":{"start":{"line":189,"column":6},"end":{"line":191,"column":null}},"type":"if","locations":[{"start":{"line":189,"column":6},"end":{"line":191,"column":null}},{"start":{},"end":{}}],"line":189}},"s":{"0":14,"1":14,"2":22,"3":22,"4":11,"5":11,"6":11,"7":7,"8":6,"9":9,"10":9,"11":9,"12":112,"13":3,"14":1,"15":2,"16":0,"17":0,"18":0,"19":10,"20":5,"21":5,"22":11,"23":11,"24":7,"25":4,"26":11,"27":11,"28":7,"29":4,"30":11,"31":11,"32":7,"33":4,"34":11,"35":11,"36":7,"37":4,"38":11,"39":11,"40":7,"41":4,"42":11,"43":11,"44":8,"45":3,"46":21,"47":10,"48":11,"49":12,"50":2,"51":10,"52":1,"53":9,"54":4,"55":5,"56":0,"57":1},"f":{"0":22,"1":11,"2":9,"3":112,"4":1},"b":{"0":[22,1],"1":[3,0,10,11,11,11,11,11,11,4,8,13,17,21,12,0],"2":[1,2],"3":[0,0],"4":[0,0],"5":[5,5],"6":[7,4],"7":[11,8,5],"8":[7,4],"9":[11,8,5],"10":[7,4],"11":[11,8,5],"12":[7,4],"13":[11,8,5],"14":[7,4],"15":[11,8,5],"16":[8,3],"17":[11,7,4],"18":[10,11],"19":[21,16],"20":[2,10],"21":[12,11],"22":[1,9],"23":[4,5]},"meta":{"lastBranch":24,"lastFunction":5,"lastStatement":58,"seen":{"s:47:29:54:Infinity":0,"s:57:27:57:Infinity":1,"f:66:16:66:30":0,"s:67:14:67:Infinity":2,"b:67:14:67:27:67:14:67:Infinity":0,"s:68:2:68:Infinity":3,"f:76:22:76:33":1,"s:77:21:77:Infinity":4,"s:78:2:83:Infinity":5,"s:79:16:79:Infinity":6,"s:80:4:80:Infinity":7,"s:82:4:82:Infinity":8,"f:91:22:91:Infinity":2,"s:95:21:95:Infinity":9,"s:96:2:96:Infinity":10,"s:97:2:97:Infinity":11,"f:104:16:104:36":3,"b:106:4:110:Infinity:112:4:116:Infinity:118:4:122:Infinity:124:4:130:Infinity:132:4:138:Infinity:140:4:146:Infinity:148:4:154:Infinity:156:4:162:Infinity:164:4:170:Infinity:172:4:172:Infinity:173:4:173:Infinity:174:4:174:Infinity:175:4:175:Infinity:176:4:180:Infinity:182:4:193:Infinity:195:4:196:Infinity":1,"s:105:2:197:Infinity":12,"b:107:6:109:Infinity:undefined:undefined:undefined:undefined":2,"s:107:6:109:Infinity":13,"s:108:8:108:Infinity":14,"s:110:6:110:Infinity":15,"b:113:6:115:Infinity:undefined:undefined:undefined:undefined":3,"s:113:6:115:Infinity":16,"b:113:10:113:20:113:20:113:41":4,"s:114:8:114:Infinity":17,"s:116:6:116:Infinity":18,"b:119:6:121:Infinity:undefined:undefined:undefined:undefined":5,"s:119:6:121:Infinity":19,"s:120:8:120:Infinity":20,"s:122:6:122:Infinity":21,"s:125:18:125:Infinity":22,"b:126:6:128:Infinity:undefined:undefined:undefined:undefined":6,"s:126:6:128:Infinity":23,"b:126:10:126:35:126:35:126:74:126:74:126:111":7,"s:127:8:127:Infinity":24,"s:129:6:129:Infinity":25,"s:133:18:133:Infinity":26,"b:134:6:136:Infinity:undefined:undefined:undefined:undefined":8,"s:134:6:136:Infinity":27,"b:134:10:134:35:134:35:134:74:134:74:134:111":9,"s:135:8:135:Infinity":28,"s:137:6:137:Infinity":29,"s:141:18:141:Infinity":30,"b:142:6:144:Infinity:undefined:undefined:undefined:undefined":10,"s:142:6:144:Infinity":31,"b:142:10:142:35:142:35:142:74:142:74:142:111":11,"s:143:8:143:Infinity":32,"s:145:6:145:Infinity":33,"s:149:18:149:Infinity":34,"b:150:6:152:Infinity:undefined:undefined:undefined:undefined":12,"s:150:6:152:Infinity":35,"b:150:10:150:35:150:35:150:78:150:78:150:119":13,"s:151:8:151:Infinity":36,"s:153:6:153:Infinity":37,"s:157:18:157:Infinity":38,"b:158:6:160:Infinity:undefined:undefined:undefined:undefined":14,"s:158:6:160:Infinity":39,"b:158:10:158:35:158:35:158:78:158:78:158:119":15,"s:159:8:159:Infinity":40,"s:161:6:161:Infinity":41,"s:165:18:165:Infinity":42,"b:166:6:168:Infinity:undefined:undefined:undefined:undefined":16,"s:166:6:168:Infinity":43,"b:166:10:166:36:166:36:166:75:166:75:166:112":17,"s:167:8:167:Infinity":44,"s:169:6:169:Infinity":45,"b:177:6:179:Infinity:undefined:undefined:undefined:undefined":18,"s:177:6:179:Infinity":46,"b:177:10:177:20:177:20:177:41":19,"s:178:8:178:Infinity":47,"s:180:6:180:Infinity":48,"b:183:6:185:Infinity:undefined:undefined:undefined:undefined":20,"s:183:6:185:Infinity":49,"b:183:10:183:20:183:20:183:41":21,"s:184:8:184:Infinity":50,"b:186:6:188:Infinity:undefined:undefined:undefined:undefined":22,"s:186:6:188:Infinity":51,"s:187:8:187:Infinity":52,"b:189:6:191:Infinity:undefined:undefined:undefined:undefined":23,"s:189:6:191:Infinity":53,"s:190:8:190:Infinity":54,"s:192:6:192:Infinity":55,"s:196:6:196:Infinity":56,"f:205:22:205:42":4,"s:206:2:206:Infinity":57}}}
,"/home/pruddiman/source/repos/Dispatch/src/constants.ts": {"path":"/home/pruddiman/source/repos/Dispatch/src/constants.ts","statementMap":{"0":{"start":{"line":9,"column":32},"end":{"line":9,"column":null}},"1":{"start":{"line":12,"column":31},"end":{"line":12,"column":null}},"2":{"start":{"line":19,"column":31},"end":{"line":19,"column":null}},"3":{"start":{"line":22,"column":34},"end":{"line":22,"column":null}}},"fnMap":{},"branchMap":{},"s":{"0":9,"1":9,"2":9,"3":9},"f":{},"b":{},"meta":{"lastBranch":0,"lastFunction":0,"lastStatement":4,"seen":{"s:9:32:9:Infinity":0,"s:12:31:12:Infinity":1,"s:19:31:19:Infinity":2,"s:22:34:22:Infinity":3}}}
[...]
8},"12":{"loc":{"start":{"line":182,"column":8},"end":{"line":184,"column":null}},"type":"if","locations":[{"start":{"line":182,"column":8},"end":{"line":184,"column":null}},{"start":{},"end":{}}],"line":182},"13":{"loc":{"start":{"line":202,"column":10},"end":{"line":202,"column":null}},"type":"if","locations":[{"start":{"line":202,"column":10},"end":{"line":202,"column":null}},{"start":{},"end":{}}],"line":202},"14":{"loc":{"start":{"line":202,"column":14},"end":{"line":202,"column":56}},"type":"binary-expr","locations":[{"start":{"line":202,"column":14},"end":{"line":202,"column":28}},{"start":{"line":202,"column":28},"end":{"line":202,"column":56}}],"line":202},"15":{"loc":{"start":{"line":212,"column":8},"end":{"line":215,"column":null}},"type":"if","locations":[{"start":{"line":212,"column":8},"end":{"line":215,"column":null}},{"start":{},"end":{}}],"line":212},"16":{"loc":{"start":{"line":212,"column":12},"end":{"line":212,"column":48}},"type":"binary-expr","locations":[{"start":{"line":212,"column":12},"end":{"line":212,"column":25}},{"start":{"line":212,"column":25},"end":{"line":212,"column":48}}],"line":212},"17":{"loc":{"start":{"line":221,"column":8},"end":{"line":224,"column":null}},"type":"if","locations":[{"start":{"line":221,"column":8},"end":{"line":224,"column":null}},{"start":{},"end":{}}],"line":221},"18":{"loc":{"start":{"line":227,"column":8},"end":{"line":231,"column":null}},"type":"if","locations":[{"start":{"line":227,"column":8},"end":{"line":231,"column":null}},{"start":{},"end":{}}],"line":227},"19":{"loc":{"start":{"line":227,"column":8},"end":{"line":227,"column":82}},"type":"binary-expr","locations":[{"start":{"line":227,"column":8},"end":{"line":227,"column":56}},{"start":{"line":227,"column":56},"end":{"line":227,"column":82}}],"line":227},"20":{"loc":{"start":{"line":235,"column":38},"end":{"line":235,"column":null}},"type":"binary-expr","locations":[{"start":{"line":235,"column":38},"end":{"line":235,"column":59}},{"start":{"line":235,"column":59},"end":{"line":235,"column":null}}],"line":235},"21":{"loc":{"start":{"line":237,"column":23},"end":{"line":237,"column":null}},"type":"binary-expr","locations":[{"start":{"line":237,"column":23},"end":{"line":237,"column":76}},{"start":{"line":237,"column":76},"end":{"line":237,"column":null}}],"line":237},"22":{"loc":{"start":{"line":238,"column":47},"end":{"line":238,"column":66}},"type":"binary-expr","locations":[{"start":{"line":238,"column":47},"end":{"line":238,"column":65}},{"start":{"line":238,"column":65},"end":{"line":238,"column":66}}],"line":238},"23":{"loc":{"start":{"line":252,"column":14},"end":{"line":252,"column":null}},"type":"cond-expr","locations":[{"start":{"line":252,"column":30},"end":{"line":252,"column":57}},{"start":{"line":252,"column":57},"end":{"line":252,"column":null}}],"line":252},"24":{"loc":{"start":{"line":255,"column":6},"end":{"line":257,"column":null}},"type":"if","locations":[{"start":{"line":255,"column":6},"end":{"line":257,"column":null}},{"start":{},"end":{}}],"line":255},"25":{"loc":{"start":{"line":262,"column":6},"end":{"line":262,"column":null}},"type":"if","locations":[{"start":{"line":262,"column":6},"end":{"line":262,"column":null}},{"start":{},"end":{}}],"line":262},"26":{"loc":{"start":{"line":280,"column":4},"end":{"line":280,"column":null}},"type":"if","locations":[{"start":{"line":280,"column":4},"end":{"line":280,"column":null}},{"start":{},"end":{}}],"line":280},"27":{"loc":{"start":{"line":282,"column":4},"end":{"line":292,"column":null}},"type":"if","locations":[{"start":{"line":282,"column":4},"end":{"line":292,"column":null}},{"start":{},"end":{}}],"line":282},"28":{"loc":{"start":{"line":283,"column":6},"end":{"line":284,"column":null}},"type":"binary-expr","locations":[{"start":{"line":283,"column":6},"end":{"line":283,"column":null}},{"start":{"line":284,"column":6},"end":{"line":284,"column":null}}],"line":283},"29":{"loc":{"start":{"line":287,"column":6},"end":{"line":290,"column":null}},"type":"if","locations":[{"start":{"line":287,"column":6},"end":{"line":290,"column":null}},{"start":{},"end":{}}],"line":287},"30":{"loc":{"start":{"line":294,"column":4},"end":{"line":299,"column":null}},"type":"if","locations":[{"start":{"line":294,"column":4},"end":{"line":299,"column":null}},{"start":{},"end":{}}],"line":294},"31":{"loc":{"start":{"line":297,"column":35},"end":{"line":297,"column":78}},"type":"cond-expr","locations":[{"start":{"line":297,"column":41},"end":{"line":297,"column":63}},{"start":{"line":297,"column":63},"end":{"line":297,"column":78}}],"line":297},"32":{"loc":{"start":{"line":301,"column":4},"end":{"line":303,"column":null}},"type":"if","locations":[{"start":{"line":301,"column":4},"end":{"line":303,"column":null}},{"start":{},"end":{}}],"line":301},"33":{"loc":{"start":{"line":319,"column":2},"end":{"line":321,"column":null}},"type":"if","locations":[{"start":{"line":319,"column":2},"end":{"line":321,"column":null}},{"start":{},"end":{}}],"line":319},"34":{"loc":{"start":{"line":319,"column":6},"end":{"line":319,"column":102}},"type":"binary-expr","locations":[{"start":{"line":319,"column":6},"end":{"line":319,"column":42}},{"start":{"line":319,"column":42},"end":{"line":319,"column":73}},{"start":{"line":319,"column":73},"end":{"line":319,"column":102}}],"line":319},"35":{"loc":{"start":{"line":324,"column":2},"end":{"line":324,"column":null}},"type":"if","locations":[{"start":{"line":324,"column":2},"end":{"line":324,"column":null}},{"start":{},"end":{}}],"line":324},"36":{"loc":{"start":{"line":324,"column":2},"end":{"line":324,"column":72}},"type":"binary-expr","locations":[{"start":{"line":324,"column":2},"end":{"line":324,"column":41}},{"start":{"line":324,"column":41},"end":{"line":324,"column":72}}],"line":324},"37":{"loc":{"start":{"line":327,"column":2},"end":{"line":329,"column":null}},"type":"if","locations":[{"start":{"line":327,"column":2},"end":{"line":329,"column":null}},{"start":{},"end":{}}],"line":327},"38":{"loc":{"start":{"line":327,"column":2},"end":{"line":327,"column":112}},"type":"binary-expr","locations":[{"start":{"line":327,"column":2},"end":{"line":327,"column":36}},{"start":{"line":327,"column":31},"end":{"line":327,"column":76}},{"start":{"line":327,"column":76},"end":{"line":327,"column":112}}],"line":327},"39":{"loc":{"start":{"line":332,"column":2},"end":{"line":334,"column":null}},"type":"if","locations":[{"start":{"line":332,"column":2},"end":{"line":334,"column":null}},{"start":{},"end":{}}],"line":332},"40":{"loc":{"start":{"line":332,"column":2},"end":{"line":332,"column":112}},"type":"binary-expr","locations":[{"start":{"line":332,"column":2},"end":{"line":332,"column":36}},{"start":{"line":332,"column":31},"end":{"line":332,"column":76}},{"start":{"line":332,"column":76},"end":{"line":332,"column":112}}],"line":332}},"s":{"0":11,"1":0,"2":0,"3":0,"4":0,"5":0,"6":0,"7":0,"8":0,"9":0,"10":0,"11":0,"12":0,"13":0,"14":0,"15":0,"16":0,"17":0,"18":0,"19":0,"20":0,"21":35,"22":35,"23":28,"24":28,"25":7,"26":7,"27":2,"28":7,"29":7,"30":6,"31":6,"32":3,"33":6,"34":1,"35":1,"36":34,"37":0,"38":0,"39":0,"40":0,"41":0,"42":34,"43":35,"44":34,"45":34,"46":33,"47":32,"48":32,"49":1,"50":34,"51":3,"52":3,"53":3,"54":2,"55":1,"56":1,"57":1,"58":2,"59":2,"60":18,"61":18,"62":18,"63":18,"64":18,"65":1,"66":17,"67":17,"68":17,"69":17,"70":16,"71":17,"72":17,"73":11,"74":11,"75":11,"76":1,"77":1,"78":10,"79":10,"80":10,"81":1,"82":1,"83":9,"84":1,"85":8,"86":10,"87":8,"88":9,"89":18,"90":18,"91":8,"92":8,"93":0,"94":0,"95":0,"96":0,"97":0,"98":5,"99":1,"100":4,"101":4,"102":4,"103":4,"104":1,"105":16,"106":23,"107":3,"108":20,"109":8,"110":8,"111":8,"112":8,"113":8,"114":12,"115":1,"116":1,"117":11,"118":11,"119":1,"120":23,"121":23,"122":0,"123":23,"124":12,"125":11,"126":0,"127":11,"128":8,"129":3},"f":{"0":0,"1":0,"2":0,"3":0,"4":0,"5":35,"6":3,"7":3,"8":18,"9":10,"10":10,"11":9,"12":0,"13":5,"14":16,"15":23},"b":{"0":[0,0],"1":[0,0],"2":[0,0],"3":[0,0,0],"4":[28,7],"5":[2,5],"6":[0,34],"7":[0,0],"8":[34,1],"9":[32,1],"10":[1,1],"11":[0,18],"12":[1,17],"13":[17,0],"14":[17,17],"15":[1,10],"16":[11,11],"17":[1,9],"18":[1,8],"19":[9,1],"20":[10,9],"21":[8,1],"22":[18,1],"23":[0,0],"24":[0,0],"25":[1,4],"26":[3,20],"27":[8,12],"28":[20,8],"29":[8,0],"30":[1,11],"31":[1,0],"32":[11,0],"33":[0,23],"34":[23,10,10],"35":[12,11],"36":[23,13],"37":[0,11],"38":[11,0,0],"39":[8,3],"40":[11,10,10]},"meta":{"lastBranch":41,"lastFunction":16,"lastStatement":130,"seen":{"s:36:33:36:Infinity":0,"f:45:22:45:33":0,"b:49:2:64:Infinity:51:9:64:Infinity":0,"s:49:2:64:Infinity":1,"s:50:4:50:Infinity":2,"b:53:4:55:Infinity:undefined:undefined:undefined:undefined":1,"s:53:4:55:Infinity":3,"s:54:6:54:Infinity":4,"s:56:4:63:Infinity":5,"s:57:17:57:Infinity":6,"s:58:6:58:Infinity":7,"s:59:6:59:Infinity":8,"f:59:19:59:25":1,"s:59:25:59:Infinity":9,"s:61:6:61:Infinity":10,"s:62:6:62:Infinity":11,"s:66:2:75:Infinity":12,"s:67:21:67:Infinity":13,"b:68:4:68:Infinity:undefined:undefined:undefined:undefined":2,"s:68:4:68:Infinity":14,"s:68:15:68:Infinity":15,"s:69:4:72:Infinity":16,"f:70:14:70:15":2,"s:70:21:70:89":17,"b:70:21:70:43:70:43:70:68:70:68:70:89":3,"f:71:15:71:16":3,"s:71:22:71:82":18,"f:71:48:71:49":4,"s:71:61:71:81":19,"s:74:4:74:Infinity":20,"f:82:22:82:27":5,"s:85:16:85:Infinity":21,"b:87:2:110:Infinity:90:9:110:Infinity":4,"s:87:2:110:Infinity":22,"s:88:4:88:Infinity":23,"s:89:4:89:Infinity":24,"s:91:4:91:Infinity":25,"b:98:4:100:Infinity:undefined:undefined:undefined:undefined":5,"s:98:4:100:Infinity":26,"s:99:6:99:Infinity":27,"s:101:4:109:Infinity":28,"s:102:17:102:Infinity":29,"s:103:6:103:Infinity":30,"s:104:6:104:Infinity":31,"f:104:19:104:25":6,"s:104:25:104:Infinity":32,"s:105:6:105:Infinity":33,"s:107:6:107:Infinity":34,"s:108:6:108:Infinity":35,"b:115:2:126:Infinity:undefined:undefined:undefined:undefined":6,"s:115:2:126:Infinity":36,"s:116:18:116:Infinity":37,"b:117:4:125:Infinity:123:11:125:Infinity":7,"s:117:4:125:Infinity":38,"s:118:6:121:Infinity":39,"s:122:6:122:Infinity":40,"s:124:6:124:Infinity":41,"s:129:34:129:Infinity":42,"b:130:2:141:Infinity:undefined:undefined:undefined:undefined":8,"s:130:2:141:Infinity":43,"s:131:4:140:Infinity":44,"s:132:31:132:Infinity":45,"b:133:6:137:Infinity:undefined:undefined:undefined:undefined":9,"s:133:6:137:Infinity":46,"s:135:8:135:Infinity":47,"s:136:8:136:Infinity":48,"s:139:6:139:Infinity":49,"s:143:2:271:Infinity":50,"f:147:10:147:43":7,"s:148:6:148:Infinity":51,"s:149:6:159:Infinity":52,"s:150:34:150:Infinity":53,"b:151:8:153:Infinity:undefined:undefined:undefined:undefined":10,"s:151:8:153:Infinity":54,"s:152:10:152:Infinity":55,"s:154:8:154:Infinity":56,"s:155:8:155:Infinity":57,"s:157:8:157:Infinity":58,"s:158:8:158:Infinity":59,"f:162:10:162:Infinity":8,"s:167:6:167:Infinity":60,"s:170:12:170:Infinity":61,"s:172:6:243:Infinity":62,"s:174:39:180:Infinity":63,"b:178:32:178:59:178:59:178:Infinity":11,"b:182:8:184:Infinity:undefined:undefined:undefined:undefined":12,"s:182:8:184:Infinity":64,"s:183:10:183:Infinity":65,"s:186:8:186:Infinity":66,"s:189:8:189:Infinity":67,"s:190:8:203:Infinity":68,"s:191:29:193:Infinity":69,"s:196:10:200:Infinity":70,"b:202:10:202:Infinity:undefined:undefined:undefined:undefined":13,"s:202:10:202:Infinity":71,"b:202:14:202:28:202:28:202:56":14,"s:202:56:202:Infinity":72,"s:205:8:205:Infinity":73,"s:208:35:210:Infinity":74,"b:212:8:215:Infinity:undefined:undefined:undefined:undefined":15,"s:212:8:215:Infinity":75,"b:212:12:212:25:212:25:212:48":16,"s:213:10:213:Infinity":76,"s:214:10:214:Infinity":77,"s:217:30:219:Infinity":78,"f:219:16:219:17":9,"s:219:23:219:50":79,"b:221:8:224:Infinity:undefined:undefined:undefined:undefined":17,"s:221:8:224:Infinity":80,"s:222:10:222:Infinity":81,"s:223:10:223:Infinity":82,"b:227:8:231:Infinity:undefined:undefined:undefined:undefined":18,"s:227:8:231:Infinity":83,"b:227:8:227:56:227:56:227:82":19,"s:228:10:230:Infinity":84,"s:234:26:236:Infinity":85,"f:235:10:235:11":10,"s:235:38:235:Infinity":86,"b:235:38:235:59:235:59:235:Infinity":20,"s:237:23:237:Infinity":87,"b:237:23:237:76:237:76:237:Infinity":21,"f:237:37:237:38":11,"s:237:54:237:60":88,"s:238:8:238:Infinity":89,"b:238:47:238:65:238:65:238:66":22,"s:239:8:239:Infinity":90,"s:241:8:241:Infinity":91,"s:242:8:242:Infinity":92,"f:246:10:246:15":12,"s:247:6:247:Infinity":93,"s:248:24:254:Infinity":94,"b:252:30:252:57:252:57:252:Infinity":23,"b:255:6:257:Infinity:undefined:undefined:undefined:undefined":24,"s:255:6:257:Infinity":95,"s:256:8:256:Infinity":96,"s:258:6:258:Infinity":97,"f:261:10:261:35":13,"b:262:6:262:Infinity:undefined:undefined:undefined:undefined":25,"s:262:6:262:Infinity":98,"s:262:19:262:Infinity":99,"s:263:6:263:Infinity":100,"s:264:6:264:Infinity":101,"s:265:6:269:Infinity":102,"s:266:8:266:Infinity":103,"s:268:8:268:Infinity":104,"f:274:15:274:Infinity":14,"s:279:2:304:Infinity":105,"b:280:4:280:Infinity:undefined:undefined:undefined:undefined":26,"s:280:4:280:Infinity":106,"s:280:43:280:Infinity":107,"b:282:4:292:Infinity:undefined:undefined:undefined:undefined":27,"s:282:4:292:Infinity":108,"b:283:6:283:Infinity:284:6:284:Infinity":28,"s:286:20:286:Infinity":109,"b:287:6:290:Infinity:undefined:undefined:undefined:undefined":29,"s:287:6:290:Infinity":110,"s:288:8:288:Infinity":111,"s:289:8:289:Infinity":112,"s:291:6:291:Infinity":113,"b:294:4:299:Infinity:undefined:undefined:undefined:undefined":30,"s:294:4:299:Infinity":114,"s:295:18:295:Infinity":115,"s:296:6:298:Infinity":116,"b:297:41:297:63:297:63:297:78":31,"b:301:4:303:Infinity:undefined:undefined:undefined:undefined":32,"s:301:4:303:Infinity":117,"s:302:6:302:Infinity":118,"s:306:2:306:Infinity":119,"f:316:9:316:24":15,"s:317:25:317:Infinity":120,"b:319:2:321:Infinity:undefined:undefined:undefined:undefined":33,"s:319:2:321:Infinity":121,"b:319:6:319:42:319:42:319:73:319:73:319:102":34,"s:320:4:320:Infinity":122,"b:324:2:324:Infinity:undefined:undefined:undefined:undefined":35,"s:324:2:324:Infinity":123,"b:324:2:324:41:324:41:324:72":36,"s:324:72:324:Infinity":124,"b:327:2:329:Infinity:undefined:undefined:undefined:undefined":37,"s:327:2:329:Infinity":125,"b:327:2:327:36:327:31:327:76:327:76:327:112":38,"s:328:4:328:Infinity":126,"b:332:2:334:Infinity:undefined:undefined:undefined:undefined":39,"s:332:2:334:Infinity":127,"b:332:2:332:36:332:31:332:76:332:76:332:112":40,"s:333:4:333:Infinity":128,"s:336:2:336:Infinity":129}}}
,"/home/pruddiman/source/repos/Dispatch/src/providers/progress.ts": {"path":"/home/pruddiman/source/repos/Dispatch/src/providers/progress.ts","statementMap":{"0":{"start":{"line":3,"column":21},"end":{"line":3,"column":null}},"1":{"start":{"line":4,"column":24},"end":{"line":4,"column":null}},"2":{"start":{"line":7,"column":15},"end":{"line":11,"column":null}},"3":{"start":{"line":13,"column":2},"end":{"line":13,"column":null}},"4":{"start":{"line":13,"column":13},"end":{"line":13,"column":null}},"5":{"start":{"line":14,"column":2},"end":{"line":14,"column":null}},"6":{"start":{"line":14,"column":32},"end":{"line":14,"column":null}},"7":{"start":{"line":15,"column":2},"end":{"line":15,"column":null}},"8":{"start":{"line":15,"column":22},"end":{"line":15,"column":null}},"9":{"start":{"line":16,"column":2},"end":{"line":16,"column":null}},"10":{"start":{"line":22,"column":2},"end":{"line":40,"column":null}},"11":{"start":{"line":24,"column":6},"end":{"line":24,"column":null}},"12":{"start":{"line":24,"column":23},"end":{"line":24,"column":null}},"13":{"start":{"line":26,"column":19},"end":{"line":26,"column":null}},"14":{"start":{"line":27,"column":6},"end":{"line":27,"column":null}},"15":{"start":{"line":27,"column":34},"end":{"line":27,"column":null}},"16":{"start":{"line":29,"column":6},"end":{"line":29,"column":null}},"17":{"start":{"line":30,"column":6},"end":{"line":34,"column":null}},"18":{"start":{"line":31,"column":8},"end":{"line":31,"column":null}},"19":{"start":{"line":38,"column":6},"end":{"line":38,"column":null}}},"fnMap":{"0":{"name":"sanitizeProgressText","decl":{"start":{"line":6,"column":16},"end":{"line":6,"column":37}},"loc":{"start":{"line":6,"column":75},"end":{"line":17,"column":null}},"line":6},"1":{"name":"createProgressReporter","decl":{"start":{"line":19,"column":16},"end":{"line":19,"column":39}},"loc":{"start":{"line":19,"column":89},"end":{"line":41,"column":null}},"line":19},"2":{"name":"(anonymous_2)","decl":{"start":{"line":23,"column":4},"end":{"line":23,"column":9}},"loc":{"start":{"line":23,"column":30},"end":{"line":35,"column":null}},"line":23},"3":{"name":"(anonymous_3)","decl":{"start":{"line":37,"column":4},"end":{"line":37,"column":12}},"loc":{"start":{"line":37,"column":12},"end":{"line":39,"column":null}},"line":37}},"branchMap":{"0":{"loc":{"start":{"line":6,"column":50},"end":{"line":6,"column":75}},"type":"default-arg","locations":[{"start":{"line":6,"column":62},"end":{"line":6,"column":75}}],"line":6},"1":{"loc":{"start":{"line":13,"column":2},"end":{"line":13,"column":null}},"type":"if","locations":[{"start":{"line":13,"column":2},"end":{"line":13,"column":null}},{"start":{},"end":{}}],"line":13},"2":{"loc":{"start":{"line":14,"column":2},"end":{"line":14,"column":null}},"type":"if","locations":[{"start":{"line":14,"column":2},"end":{"line":14,"column":null}},{"start":{},"end":{}}],"line":14},"3":{"loc":{"start":{"line":15,"column":2},"end":{"line":15,"column":null}},"type":"if","locations":[{"start":{"line":15,"column":2},"end":{"line":15,"column":null}},{"start":{},"end":{}}],"line":15},"4":{"loc":{"start":{"line":15,"column":29},"end":{"line":15,"column":null}},"type":"cond-expr","locations":[{"start":{"line":15,"column":46},"end":{"line":15,"column":51}},{"start":{"line":15,"column":51},"end":{"line":15,"column":null}}],"line":15},"5":{"loc":{"start":{"line":24,"column":6},"end":{"line":24,"column":null}},"type":"if","locations":[{"start":{"line":24,"column":6},"end":{"line":24,"column":null}},{"start":{},"end":{}}],"line":24},"6":{"loc":{"start":{"line":26,"column":40},"end":{"line":26,"column":49}},"type":"binary-expr","locations":[{"start":{"line":26,"column":40},"end":{"line":26,"column":47}},{"start":{"line":26,"column":47},"end":{"line":26,"column":49}}],"line":26},"7":{"loc":{"start":{"line":27,"column":6},"end":{"line":27,"column":null}},"type":"if","locations":[{"start":{"line":27,"column":6},"end":{"line":27,"column":null}},{"start":{},"end":{}}],"line":27},"8":{"loc":{"start":{"line":27,"column":10},"end":{"line":27,"column":34}},"type":"binary-expr","locations":[{"start":{"line":27,"column":10},"end":{"line":27,"column":19}},{"start":{"line":27,"column":19},"end":{"line":27,"column":34}}],"line":27}},"s":{"0":15,"1":15,"2":53,"3":53,"4":9,"5":44,"6":38,"7":6,"8":6,"9":4,"10":71,"11":57,"12":20,"13":37,"14":57,"15":11,"16":26,"17":26,"18":26,"19":2},"f":{"0":53,"1":71,"2":57,"3":2},"b":{"0":[53],"1":[9,44],"2":[38,6],"3":[2,4],"4":[1,1],"5":[20,37],"6":[37,2],"7":[11,46],"8":[57,31]},"meta":{"lastBranch":9,"lastFunction":4,"lastStatement":20,"seen":{"s:3:21:3:Infinity":0,"s:4:24:4:Infinity":1,"f:6:16:6:37":0,"b:6:62:6:75":0,"s:7:15:11:Infinity":2,"b:13:2:13:Infinity:undefined:undefined:undefined:undefined":1,"s:13:2:13:Infinity":3,"s:13:13:13:Infinity":4,"b:14:2:14:Infinity:undefined:undefined:undefined:undefined":2,"s:14:2:14:Infinity":5,"s:14:32:14:Infinity":6,"b:15:2:15:Infinity:undefined:undefined:undefined:undefined":3,"s:15:2:15:Infinity":7,"s:15:22:15:Infinity":8,"b:15:46:15:51:15:51:15:Infinity":4,"s:16:2:16:Infinity":9,"f:19:16:19:39":1,"s:22:2:40:Infinity":10,"f:23:4:23:9":2,"b:24:6:24:Infinity:undefined:undefined:undefined:undefined":5,"s:24:6:24:Infinity":11,"s:24:23:24:Infinity":12,"s:26:19:26:Infinity":13,"b:26:40:26:47:26:47:26:49":6,"b:27:6:27:Infinity:undefined:undefined:undefined:undefined":7,"s:27:6:27:Infinity":14,"b:27:10:27:19:27:19:27:34":8,"s:27:34:27:Infinity":15,"s:29:6:29:Infinity":16,"s:30:6:34:Infinity":17,"s:31:8:31:Infinity":18,"f:37:4:37:12":3,"s:38:6:38:Infinity":19}}}
}
