{"/home/pruddiman/source/repos/Dispatch/.dispatch/worktrees/issue-178/src/cli.ts": {"path":"/home/pruddiman/source/repos/Dispatch/.dispatch/worktrees/issue-178/src/cli.ts","statementMap":{"0":{"start":{"line":22,"column":31},"end":{"line":22,"column":null}},"1":{"start":{"line":24,"column":13},"end":{"line":88,"column":null}},"2":{"start":{"line":97,"column":27},"end":{"line":109,"column":null}},"3":{"start":{"line":111,"column":24},"end":{"line":111,"column":null}},"4":{"start":{"line":113,"column":10},"end":{"line":113,"column":null}},"5":{"start":{"line":114,"column":2},"end":{"line":261,"column":null}},"6":{"start":{"line":115,"column":16},"end":{"line":115,"column":null}},"7":{"start":{"line":117,"column":4},"end":{"line":258,"column":null}},"8":{"start":{"line":118,"column":6},"end":{"line":118,"column":null}},"9":{"start":{"line":119,"column":6},"end":{"line":119,"column":null}},"10":{"start":{"line":120,"column":4},"end":{"line":258,"column":null}},"11":{"start":{"line":121,"column":6},"end":{"line":121,"column":null}},"12":{"start":{"line":122,"column":6},"end":{"line":122,"column":null}},"13":{"start":{"line":123,"column":4},"end":{"line":258,"column":null}},"14":{"start":{"line":124,"column":6},"end":{"line":124,"column":null}},"15":{"start":{"line":125,"column":6},"end":{"line":125,"column":null}},"16":{"start":{"line":126,"column":4},"end":{"line":258,"column":null}},"17":{"start":{"line":127,"column":6},"end":{"line":127,"column":null}},"18":{"start":{"line":128,"column":6},"end":{"line":128,"column":null}},"19":{"start":{"line":129,"column":4},"end":{"line":258,"column":null}},"20":{"start":{"line":130,"column":6},"end":{"line":130,"column":null}},"21":{"start":{"line":131,"column":6},"end":{"line":131,"column":null}},"22":{"start":{"line":132,"column":4},"end":{"line":258,"column":null}},"23":{"start":{"line":133,"column":6},"end":{"line":133,"column":null}},"24":{"start":{"line":134,"column":6},"end":{"line":134,"column":null}},"25":{"start":{"line":135,"column":4},"end":{"line":258,"column":null}},"26":{"start":{"line":136,"column":6},"end":{"line":136,"column":null}},"27":{"start":{"line":137,"column":6},"end":{"line":137,"column":null}},"28":{"start":{"line":138,"column":4},"end":{"line":258,"column":null}},"29":{"start":{"line":139,"column":6},"end":{"line":139,"column":null}},"30":{"start":{"line":140,"column":6},"end":{"line":140,"column":null}},"31":{"start":{"line":141,"column":4},"end":{"line":258,"column":null}},"32":{"start":{"line":142,"column":6},"end":{"line":142,"column":null}},"33":{"start":{"line":143,"column":30},"end":{"line":143,"column":null}},"34":{"start":{"line":144,"column":6},"end":{"line":147,"column":null}},"35":{"start":{"line":145,"column":8},"end":{"line":145,"column":null}},"36":{"start":{"line":146,"column":8},"end":{"line":146,"column":null}},"37":{"start":{"line":148,"column":6},"end":{"line":148,"column":null}},"38":{"start":{"line":149,"column":6},"end":{"line":149,"column":null}},"39":{"start":{"line":150,"column":6},"end":{"line":150,"column":null}},"40":{"start":{"line":151,"column":4},"end":{"line":258,"column":null}},"41":{"start":{"line":152,"column":6},"end":{"line":152,"column":null}},"42":{"start":{"line":153,"column":32},"end":{"line":153,"column":null}},"43":{"start":{"line":154,"column":6},"end":{"line":157,"column":null}},"44":{"start":{"line":155,"column":8},"end":{"line":155,"column":null}},"45":{"start":{"line":156,"column":8},"end":{"line":156,"column":null}},"46":{"start":{"line":158,"column":6},"end":{"line":158,"column":null}},"47":{"start":{"line":159,"column":6},"end":{"line":159,"column":null}},"48":{"start":{"line":160,"column":6},"end":{"line":160,"column":null}},"49":{"start":{"line":161,"column":4},"end":{"line":258,"column":null}},"50":{"start":{"line":162,"column":6},"end":{"line":162,"column":null}},"51":{"start":{"line":163,"column":6},"end":{"line":163,"column":null}},"52":{"start":{"line":164,"column":4},"end":{"line":258,"column":null}},"53":{"start":{"line":165,"column":6},"end":{"line":165,"column":null}},"54":{"start":{"line":166,"column":18},"end":{"line":166,"column":null}},"55":{"start":{"line":167,"column":6},"end":{"line":172,"column":null}},"56":{"start":{"line":168,"column":8},"end":{"line":170,"column":null}},"57":{"start":{"line":171,"column":8},"end":{"line":171,"column":null}},"58":{"start":{"line":173,"column":6},"end":{"line":173,"column":null}},"59":{"start":{"line":174,"column":6},"end":{"line":174,"column":null}},"60":{"start":{"line":175,"column":4},"end":{"line":258,"column":null}},"61":{"start":{"line":176,"column":6},"end":{"line":176,"column":null}},"62":{"start":{"line":177,"column":6},"end":{"line":177,"column":null}},"63":{"start":{"line":178,"column":6},"end":{"line":178,"column":null}},"64":{"start":{"line":179,"column":4},"end":{"line":258,"column":null}},"65":{"start":{"line":180,"column":6},"end":{"line":180,"column":null}},"66":{"start":{"line":181,"column":6},"end":{"line":181,"column":null}},"67":{"start":{"line":182,"column":6},"end":{"line":182,"column":null}},"68":{"start":{"line":183,"column":4},"end":{"line":258,"column":null}},"69":{"start":{"line":184,"column":6},"end":{"line":184,"column":null}},"70":{"start":{"line":185,"column":6},"end":{"line":185,"column":null}},"71":{"start":{"line":186,"column":6},"end":{"line":186,"column":null}},"72":{"start":{"line":187,"column":4},"end":{"line":258,"column":null}},"73":{"start":{"line":188,"column":6},"end":{"line":188,"column":null}},"74":{"start":{"line":189,"column":18},"end":{"line":189,"column":null}},"75":{"start":{"line":190,"column":6},"end":{"line":193,"column":null}},"76":{"start":{"line":191,"column":8},"end":{"line":191,"column":null}},"77":{"start":{"line":192,"column":8},"end":{"line":192,"column":null}},"78":{"start":{"line":194,"column":6},"end":{"line":197,"column":null}},"79":{"start":{"line":195,"column":8},"end":{"line":195,"column":null}},"80":{"start":{"line":196,"column":8},"end":{"line":196,"column":null}},"81":{"start":{"line":198,"column":6},"end":{"line":198,"column":null}},"82":{"start":{"line":199,"column":6},"end":{"line":199,"column":null}},"83":{"start":{"line":200,"column":4},"end":{"line":258,"column":null}},"84":{"start":{"line":201,"column":6},"end":{"line":201,"column":null}},"85":{"start":{"line":202,"column":18},"end":{"line":202,"column":null}},"86":{"start":{"line":203,"column":6},"end":{"line":206,"column":null}},"87":{"start":{"line":204,"column":8},"end":{"line":204,"column":null}},"88":{"start":{"line":205,"column":8},"end":{"line":205,"column":null}},"89":{"start":{"line":207,"column":6},"end":{"line":207,"column":null}},"90":{"start":{"line":208,"column":6},"end":{"line":208,"column":null}},"91":{"start":{"line":209,"column":4},"end":{"line":258,"column":null}},"92":{"start":{"line":210,"column":6},"end":{"line":210,"column":null}},"93":{"start":{"line":211,"column":6},"end":{"line":211,"column":null}},"94":{"start":{"line":212,"column":6},"end":{"line":212,"column":null}},"95":{"start":{"line":213,"column":4},"end":{"line":258,"column":null}},"96":{"start":{"line":214,"column":6},"end":{"line":214,"column":null}},"97":{"start":{"line":215,"column":18},"end":{"line":215,"column":null}},"98":{"start":{"line":216,"column":6},"end":{"line":219,"column":null}},"99":{"start":{"line":217,"column":8},"end":{"line":217,"column":null}},"100":{"start":{"line":218,"column":8},"end":{"line":218,"column":null}},"101":{"start":{"line":220,"column":6},"end":{"line":220,"column":null}},"102":{"start":{"line":221,"column":6},"end":{"line":221,"column":null}},"103":{"start":{"line":222,"column":4},"end":{"line":258,"column":null}},"104":{"start":{"line":223,"column":6},"end":{"line":223,"column":null}},"105":{"start":{"line":224,"column":18},"end":{"line":224,"column":null}},"106":{"start":{"line":225,"column":6},"end":{"line":228,"column":null}},"107":{"start":{"line":226,"column":8},"end":{"line":226,"column":null}},"108":{"start":{"line":227,"column":8},"end":{"line":227,"column":null}},"109":{"start":{"line":229,"column":6},"end":{"line":229,"column":null}},"110":{"start":{"line":230,"column":6},"end":{"line":230,"column":null}},"111":{"start":{"line":231,"column":4},"end":{"line":258,"column":null}},"112":{"start":{"line":232,"column":6},"end":{"line":232,"column":null}},"113":{"start":{"line":233,"column":18},"end":{"line":233,"column":null}},"114":{"start":{"line":234,"column":6},"end":{"line":237,"column":null}},"115":{"start":{"line":235,"column":8},"end":{"line":235,"column":null}},"116":{"start":{"line":236,"column":8},"end":{"line":236,"column":null}},"117":{"start":{"line":238,"column":6},"end":{"line":238,"column":null}},"118":{"start":{"line":239,"column":6},"end":{"line":239,"column":null}},"119":{"start":{"line":240,"column":4},"end":{"line":258,"column":null}},"120":{"start":{"line":241,"column":6},"end":{"line":241,"column":null}},"121":{"start":{"line":242,"column":18},"end":{"line":242,"column":null}},"122":{"start":{"line":243,"column":6},"end":{"line":246,"column":null}},"123":{"start":{"line":244,"column":8},"end":{"line":244,"column":null}},"124":{"start":{"line":245,"column":8},"end":{"line":245,"column":null}},"125":{"start":{"line":247,"column":6},"end":{"line":247,"column":null}},"126":{"start":{"line":248,"column":6},"end":{"line":248,"column":null}},"127":{"start":{"line":249,"column":4},"end":{"line":258,"column":null}},"128":{"start":{"line":250,"column":6},"end":{"line":250,"column":null}},"129":{"start":{"line":251,"column":6},"end":{"line":251,"column":null}},"130":{"start":{"line":252,"column":6},"end":{"line":252,"column":null}},"131":{"start":{"line":253,"column":4},"end":{"line":258,"column":null}},"132":{"start":{"line":254,"column":6},"end":{"line":254,"column":null}},"133":{"start":{"line":256,"column":6},"end":{"line":256,"column":null}},"134":{"start":{"line":257,"column":6},"end":{"line":257,"column":null}},"135":{"start":{"line":260,"column":4},"end":{"line":260,"column":null}},"136":{"start":{"line":263,"column":2},"end":{"line":263,"column":null}},"137":{"start":{"line":267,"column":18},"end":{"line":267,"column":null}},"138":{"start":{"line":270,"column":2},"end":{"line":281,"column":null}},"139":{"start":{"line":271,"column":14},"end":{"line":271,"column":null}},"140":{"start":{"line":272,"column":4},"end":{"line":277,"column":null}},"141":{"start":{"line":272,"column":17},"end":{"line":272,"column":20}},"142":{"start":{"line":273,"column":6},"end":{"line":276,"column":null}},"143":{"start":{"line":274,"column":8},"end":{"line":274,"column":null}},"144":{"start":{"line":275,"column":8},"end":{"line":275,"column":null}},"145":{"start":{"line":278,"column":10},"end":{"line":278,"column":null}},"146":{"start":{"line":279,"column":4},"end":{"line":279,"column":null}},"147":{"start":{"line":280,"column":4},"end":{"line":280,"column":null}},"148":{"start":{"line":283,"column":32},"end":{"line":283,"column":null}},"149":{"start":{"line":286,"column":2},"end":{"line":286,"column":null}},"150":{"start":{"line":289,"column":2},"end":{"line":293,"column":null}},"151":{"start":{"line":290,"column":4},"end":{"line":290,"column":null}},"152":{"start":{"line":291,"column":4},"end":{"line":291,"column":null}},"153":{"start":{"line":292,"column":4},"end":{"line":292,"column":null}},"154":{"start":{"line":295,"column":2},"end":{"line":299,"column":null}},"155":{"start":{"line":296,"column":4},"end":{"line":296,"column":null}},"156":{"start":{"line":297,"column":4},"end":{"line":297,"column":null}},"157":{"start":{"line":298,"column":4},"end":{"line":298,"column":null}},"158":{"start":{"line":301,"column":2},"end":{"line":304,"column":null}},"159":{"start":{"line":302,"column":4},"end":{"line":302,"column":null}},"160":{"start":{"line":303,"column":4},"end":{"line":303,"column":null}},"161":{"start":{"line":306,"column":2},"end":{"line":309,"column":null}},"162":{"start":{"line":307,"column":4},"end":{"line":307,"column":null}},"163":{"start":{"line":308,"column":4},"end":{"line":308,"column":null}},"164":{"start":{"line":312,"column":23},"end":{"line":312,"column":null}},"165":{"start":{"line":313,"column":47},"end":{"line":313,"column":null}},"166":{"start":{"line":314,"column":18},"end":{"line":314,"column":null}},"167":{"start":{"line":317,"column":17},"end":{"line":317,"column":null}},"168":{"start":{"line":318,"column":2},"end":{"line":318,"column":null}},"169":{"start":{"line":321,"column":0},"end":{"line":325,"column":null}},"170":{"start":{"line":322,"column":2},"end":{"line":322,"column":null}},"171":{"start":{"line":323,"column":2},"end":{"line":323,"column":null}},"172":{"start":{"line":324,"column":2},"end":{"line":324,"column":null}}},"fnMap":{"0":{"name":"parseArgs","decl":{"start":{"line":96,"column":16},"end":{"line":96,"column":26}},"loc":{"start":{"line":96,"column":69},"end":{"line":264,"column":null}},"line":96},"1":{"name":"main","decl":{"start":{"line":266,"column":15},"end":{"line":266,"column":22}},"loc":{"start":{"line":266,"column":22},"end":{"line":319,"column":null}},"line":266},"2":{"name":"(anonymous_2)","decl":{"start":{"line":289,"column":23},"end":{"line":289,"column":35}},"loc":{"start":{"line":289,"column":35},"end":{"line":293,"column":3}},"line":289},"3":{"name":"(anonymous_3)","decl":{"start":{"line":295,"column":24},"end":{"line":295,"column":36}},"loc":{"start":{"line":295,"column":36},"end":{"line":299,"column":3}},"line":295},"4":{"name":"(anonymous_4)","decl":{"start":{"line":321,"column":13},"end":{"line":321,"column":20}},"loc":{"start":{"line":321,"column":28},"end":{"line":325,"column":1}},"line":321}},"branchMap":{"0":{"loc":{"start":{"line":117,"column":4},"end":{"line":258,"column":null}},"type":"if","locations":[{"start":{"line":117,"column":4},"end":{"line":258,"column":null}},{"start":{"line":120,"column":4},"end":{"line":258,"column":null}}],"line":117},"1":{"loc":{"start":{"line":117,"column":8},"end":{"line":117,"column":42}},"type":"binary-expr","locations":[{"start":{"line":117,"column":8},"end":{"line":117,"column":28}},{"start":{"line":117,"column":28},"end":{"line":117,"column":42}}],"line":117},"2":{"loc":{"start":{"line":120,"column":4},"end":{"line":258,"column":null}},"type":"if","locations":[{"start":{"line":120,"column":4},"end":{"line":258,"column":null}},{"start":{"line":123,"column":4},"end":{"line":258,"column":null}}],"line":120},"3":{"loc":{"start":{"line":120,"column":15},"end":{"line":120,"column":52}},"type":"binary-expr","locations":[{"start":{"line":120,"column":15},"end":{"line":120,"column":38}},{"start":{"line":120,"column":38},"end":{"line":120,"column":52}}],"line":120},"4":{"loc":{"start":{"line":123,"column":4},"end":{"line":258,"column":null}},"type":"if","locations":[{"start":{"line":123,"column":4},"end":{"line":258,"column":null}},{"start":{"line":126,"column":4},"end":{"line":258,"column":null}}],"line":123},"5":{"loc":{"start":{"line":126,"column":4},"end":{"line":258,"column":null}},"type":"if","locations":[{"start":{"line":126,"column":4},"end":{"line":258,"column":null}},{"start":{"line":129,"column":4},"end":{"line":258,"column":null}}],"line":126},"6":{"loc":{"start":{"line":129,"column":4},"end":{"line":258,"column":null}},"type":"if","locations":[{"start":{"line":129,"column":4},"end":{"line":258,"column":null}},{"start":{"line":132,"column":4},"end":{"line":258,"column":null}}],"line":129},"7":{"loc":{"start":{"line":132,"column":4},"end":{"line":258,"column":null}},"type":"if","locations":[{"start":{"line":132,"column":4},"end":{"line":258,"column":null}},{"start":{"line":135,"column":4},"end":{"line":258,"column":null}}],"line":132},"8":{"loc":{"start":{"line":135,"column":4},"end":{"line":258,"column":null}},"type":"if","locations":[{"start":{"line":135,"column":4},"end":{"line":258,"column":null}},{"start":{"line":138,"column":4},"end":{"line":258,"column":null}}],"line":135},"9":{"loc":{"start":{"line":138,"column":4},"end":{"line":258,"column":null}},"type":"if","locations":[{"start":{"line":138,"column":4},"end":{"line":258,"column":null}},{"start":{"line":141,"column":4},"end":{"line":258,"column":null}}],"line":138},"10":{"loc":{"start":{"line":141,"column":4},"end":{"line":258,"column":null}},"type":"if","locations":[{"start":{"line":141,"column":4},"end":{"line":258,"column":null}},{"start":{"line":151,"column":4},"end":{"line":258,"column":null}}],"line":141},"11":{"loc":{"start":{"line":144,"column":13},"end":{"line":144,"column":59}},"type":"binary-expr","locations":[{"start":{"line":144,"column":13},"end":{"line":144,"column":32}},{"start":{"line":144,"column":32},"end":{"line":144,"column":59}}],"line":144},"12":{"loc":{"start":{"line":149,"column":18},"end":{"line":149,"column":null}},"type":"cond-expr","locations":[{"start":{"line":149,"column":39},"end":{"line":149,"column":50}},{"start":{"line":149,"column":50},"end":{"line":149,"column":null}}],"line":149},"13":{"loc":{"start":{"line":151,"column":4},"end":{"line":258,"column":null}},"type":"if","locations":[{"start":{"line":151,"column":4},"end":{"line":258,"column":null}},{"start":{"line":161,"column":4},"end":{"line":258,"column":null}}],"line":151},"14":{"loc":{"start":{"line":154,"column":13},"end":{"line":154,"column":59}},"type":"binary-expr","locations":[{"start":{"line":154,"column":13},"end":{"line":154,"column":32}},{"start":{"line":154,"column":32},"end":{"line":154,"column":59}}],"line":154},"15":{"loc":{"start":{"line":159,"column":20},"end":{"line":159,"column":null}},"type":"cond-expr","locations":[{"start":{"line":159,"column":43},"end":{"line":159,"column":56}},{"start":{"line":159,"column":56},"end":{"line":159,"column":null}}],"line":159},"16":{"loc":{"start":{"line":161,"column":4},"end":{"line":258,"column":null}},"type":"if","locations":[{"start":{"line":161,"column":4},"end":{"line":258,"column":null}},{"start":{"line":164,"column":4},"end":{"line":258,"column":null}}],"line":161},"17":{"loc":{"start":{"line":164,"column":4},"end":{"line":258,"column":null}},"type":"if","locations":[{"start":{"line":164,"column":4},"end":{"line":258,"column":null}},{"start":{"line":175,"column":4},"end":{"line":258,"column":null}}],"line":164},"18":{"loc":{"start":{"line":167,"column":6},"end":{"line":172,"column":null}},"type":"if","locations":[{"start":{"line":167,"column":6},"end":{"line":172,"column":null}},{"start":{},"end":{}}],"line":167},"19":{"loc":{"start":{"line":175,"column":4},"end":{"line":258,"column":null}},"type":"if","locations":[{"start":{"line":175,"column":4},"end":{"line":258,"column":null}},{"start":{"line":179,"column":4},"end":{"line":258,"column":null}}],"line":175},"20":{"loc":{"start":{"line":179,"column":4},"end":{"line":258,"column":null}},"type":"if","locations":[{"start":{"line":179,"column":4},"end":{"line":258,"column":null}},{"start":{"line":183,"column":4},"end":{"line":258,"column":null}}],"line":179},"21":{"loc":{"start":{"line":183,"column":4},"end":{"line":258,"column":null}},"type":"if","locations":[{"start":{"line":183,"column":4},"end":{"line":258,"column":null}},{"start":{"line":187,"column":4},"end":{"line":258,"column":null}}],"line":183},"22":{"loc":{"start":{"line":187,"column":4},"end":{"line":258,"column":null}},"type":"if","locations":[{"start":{"line":187,"column":4},"end":{"line":258,"column":null}},{"start":{"line":200,"column":4},"end":{"line":258,"column":null}}],"line":187},"23":{"loc":{"start":{"line":190,"column":6},"end":{"line":193,"column":null}},"type":"if","locations":[{"start":{"line":190,"column":6},"end":{"line":193,"column":null}},{"start":{},"end":{}}],"line":190},"24":{"loc":{"start":{"line":190,"column":10},"end":{"line":190,"column":33}},"type":"binary-expr","locations":[{"start":{"line":190,"column":10},"end":{"line":190,"column":24}},{"start":{"line":190,"column":24},"end":{"line":190,"column":33}}],"line":190},"25":{"loc":{"start":{"line":194,"column":6},"end":{"line":197,"column":null}},"type":"if","locations":[{"start":{"line":194,"column":6},"end":{"line":197,"column":null}},{"start":{},"end":{}}],"line":194},"26":{"loc":{"start":{"line":200,"column":4},"end":{"line":258,"column":null}},"type":"if","locations":[{"start":{"line":200,"column":4},"end":{"line":258,"column":null}},{"start":{"line":209,"column":4},"end":{"line":258,"column":null}}],"line":200},"27":{"loc":{"start":{"line":203,"column":6},"end":{"line":206,"column":null}},"type":"if","locations":[{"start":{"line":203,"column":6},"end":{"line":206,"column":null}},{"start":{},"end":{}}],"line":203},"28":{"loc":{"start":{"line":209,"column":4},"end":{"line":258,"column":null}},"type":"if","locations":[{"start":{"line":209,"column":4},"end":{"line":258,"column":null}},{"start":{"line":213,"column":4},"end":{"line":258,"column":null}}],"line":209},"29":{"loc":{"start":{"line":213,"column":4},"end":{"line":258,"column":null}},"type":"if","locations":[{"start":{"line":213,"column":4},"end":{"line":258,"column":null}},{"start":{"line":222,"column":4},"end":{"line":258,"column":null}}],"line":213},"30":{"loc":{"start":{"line":216,"column":6},"end":{"line":219,"column":null}},"type":"if","locations":[{"start":{"line":216,"column":6},"end":{"line":219,"column":null}},{"start":{},"end":{}}],"line":216},"31":{"loc":{"start":{"line":216,"column":10},"end":{"line":216,"column":34}},"type":"binary-expr","locations":[{"start":{"line":216,"column":10},"end":{"line":216,"column":24}},{"start":{"line":216,"column":24},"end":{"line":216,"column":34}}],"line":216},"32":{"loc":{"start":{"line":222,"column":4},"end":{"line":258,"column":null}},"type":"if","locations":[{"start":{"line":222,"column":4},"end":{"line":258,"column":null}},{"start":{"line":231,"column":4},"end":{"line":258,"column":null}}],"line":222},"33":{"loc":{"start":{"line":225,"column":6},"end":{"line":228,"column":null}},"type":"if","locations":[{"start":{"line":225,"column":6},"end":{"line":228,"column":null}},{"start":{},"end":{}}],"line":225},"34":{"loc":{"start":{"line":225,"column":10},"end":{"line":225,"column":33}},"type":"binary-expr","locations":[{"start":{"line":225,"column":10},"end":{"line":225,"column":24}},{"start":{"line":225,"column":24},"end":{"line":225,"column":33}}],"line":225},"35":{"loc":{"start":{"line":231,"column":4},"end":{"line":258,"column":null}},"type":"if","locations":[{"start":{"line":231,"column":4},"end":{"line":258,"column":null}},{"start":{"line":240,"column":4},"end":{"line":258,"column":null}}],"line":231},"36":{"loc":{"start":{"line":234,"column":6},"end":{"line":237,"column":null}},"type":"if","locations":[{"start":{"line":234,"column":6},"end":{"line":237,"column":null}},{"start":{},"end":{}}],"line":234},"37":{"loc":{"start":{"line":234,"column":10},"end":{"line":234,"column":33}},"type":"binary-expr","locations":[{"start":{"line":234,"column":10},"end":{"line":234,"column":24}},{"start":{"line":234,"column":24},"end":{"line":234,"column":33}}],"line":234},"38":{"loc":{"start":{"line":240,"column":4},"end":{"line":258,"column":null}},"type":"if","locations":[{"start":{"line":240,"column":4},"end":{"line":258,"column":null}},{"start":{"line":249,"column":4},"end":{"line":258,"column":null}}],"line":240},"39":{"loc":{"start":{"line":243,"column":6},"end":{"line":246,"column":null}},"type":"if","locations":[{"start":{"line":243,"column":6},"end":{"line":246,"column":null}},{"start":{},"end":{}}],"line":243},"40":{"loc":{"start":{"line":243,"column":10},"end":{"line":243,"column":34}},"type":"binary-expr","locations":[{"start":{"line":243,"column":10},"end":{"line":243,"column":24}},{"start":{"line":243,"column":24},"end":{"line":243,"column":34}}],"line":243},"41":{"loc":{"start":{"line":249,"column":4},"end":{"line":258,"column":null}},"type":"if","locations":[{"start":{"line":249,"column":4},"end":{"line":258,"column":null}},{"start":{"line":253,"column":4},"end":{"line":258,"column":null}}],"line":249},"42":{"loc":{"start":{"line":253,"column":4},"end":{"line":258,"column":null}},"type":"if","locations":[{"start":{"line":253,"column":4},"end":{"line":258,"column":null}},{"start":{"line":255,"column":11},"end":{"line":258,"column":null}}],"line":253},"43":{"loc":{"start":{"line":270,"column":2},"end":{"line":281,"column":null}},"type":"if","locations":[{"start":{"line":270,"column":2},"end":{"line":281,"column":null}},{"start":{},"end":{}}],"line":270},"44":{"loc":{"start":{"line":273,"column":6},"end":{"line":276,"column":null}},"type":"if","locations":[{"start":{"line":273,"column":6},"end":{"line":276,"column":null}},{"start":{},"end":{}}],"line":273},"45":{"loc":{"start":{"line":273,"column":10},"end":{"line":273,"column":60}},"type":"binary-expr","locations":[{"start":{"line":273,"column":10},"end":{"line":273,"column":36}},{"start":{"line":273,"column":36},"end":{"line":273,"column":60}}],"line":273},"46":{"loc":{"start":{"line":301,"column":2},"end":{"line":304,"column":null}},"type":"if","locations":[{"start":{"line":301,"column":2},"end":{"line":304,"column":null}},{"start":{},"end":{}}],"line":301},"47":{"loc":{"start":{"line":306,"column":2},"end":{"line":309,"column":null}},"type":"if","locations":[{"start":{"line":306,"column":2},"end":{"line":309,"column":null}},{"start":{},"end":{}}],"line":306},"48":{"loc":{"start":{"line":317,"column":17},"end":{"line":317,"column":null}},"type":"cond-expr","locations":[{"start":{"line":317,"column":39},"end":{"line":317,"column":57}},{"start":{"line":317,"column":57},"end":{"line":317,"column":null}}],"line":317},"49":{"loc":{"start":{"line":317,"column":57},"end":{"line":317,"column":null}},"type":"cond-expr","locations":[{"start":{"line":317,"column":100},"end":{"line":317,"column":104}},{"start":{"line":317,"column":104},"end":{"line":317,"column":null}}],"line":317},"50":{"loc":{"start":{"line":317,"column":57},"end":{"line":317,"column":100}},"type":"binary-expr","locations":[{"start":{"line":317,"column":57},"end":{"line":317,"column":81}},{"start":{"line":317,"column":81},"end":{"line":317,"column":100}}],"line":317},"51":{"loc":{"start":{"line":318,"column":15},"end":{"line":318,"column":33}},"type":"cond-expr","locations":[{"start":{"line":318,"column":28},"end":{"line":318,"column":32}},{"start":{"line":318,"column":32},"end":{"line":318,"column":33}}],"line":318}},"s":{"0":1,"1":1,"2":71,"3":71,"4":71,"5":71,"6":79,"7":79,"8":2,"9":2,"10":77,"11":2,"12":2,"13":75,"14":2,"15":2,"16":73,"17":1,"18":1,"19":72,"20":1,"21":1,"22":71,"23":1,"24":1,"25":70,"26":1,"27":1,"28":69,"29":4,"30":4,"31":65,"32":4,"33":4,"34":4,"35":4,"36":4,"37":4,"38":4,"39":4,"40":61,"41":13,"42":13,"43":13,"44":13,"45":13,"46":13,"47":13,"48":13,"49":48,"50":6,"51":6,"52":42,"53":4,"54":4,"55":4,"56":1,"57":1,"58":3,"59":3,"60":38,"61":1,"62":1,"63":1,"64":37,"65":1,"66":1,"67":1,"68":36,"69":1,"70":1,"71":1,"72":35,"73":6,"74":6,"75":6,"76":2,"77":2,"78":4,"79":2,"80":2,"81":2,"82":2,"83":29,"84":5,"85":5,"86":5,"87":1,"88":1,"89":4,"90":4,"91":24,"92":1,"93":1,"94":1,"95":23,"96":4,"97":4,"98":4,"99":2,"100":2,"101":2,"102":2,"103":19,"104":4,"105":4,"106":4,"107":2,"108":2,"109":2,"110":2,"111":15,"112":4,"113":4,"114":4,"115":2,"116":2,"117":2,"118":2,"119":11,"120":5,"121":5,"122":5,"123":3,"124":3,"125":2,"126":2,"127":6,"128":1,"129":1,"130":1,"131":5,"132":4,"133":1,"134":1,"135":63,"136":55,"137":1,"138":1,"139":0,"140":0,"141":0,"142":0,"143":0,"144":0,"145":0,"146":0,"147":0,"148":1,"149":1,"150":1,"151":0,"152":0,"153":0,"154":1,"155":0,"156":0,"157":0,"158":1,"159":0,"160":0,"161":1,"162":0,"163":0,"164":1,"165":0,"166":0,"167":0,"168":1,"169":1,"170":0,"171":0,"172":0},"f":{"0":71,"1":1,"2":0,"3":0,"4":0},"b":{"0":[2,77],"1":[79,78],"2":[2,75],"3":[77,76],"4":[2,73],"5":[1,72],"6":[1,71],"7":[1,70],"8":[1,69],"9":[4,65],"10":[4,61],"11":[4,5],"12":[4,0],"13":[13,48],"14":[13,17],"15":[8,5],"16":[6,42],"17":[4,38],"18":[1,3],"19":[1,37],"20":[1,36],"21":[1,35],"22":[6,29],"23":[2,4],"24":[6,5],"25":[2,2],"26":[5,24],"27":[1,4],"28":[1,23],"29":[4,19],"30":[2,2],"31":[4,3],"32":[4,15],"33":[2,2],"34":[4,3],"35":[4,11],"36":[2,2],"37":[4,3],"38":[5,6],"39":[3,2],"40":[5,4],"41":[1,5],"42":[4,1],"43":[0,1],"44":[0,0],"45":[0,0],"46":[0,1],"47":[0,1],"48":[0,0],"49":[0,0],"50":[0,0],"51":[0,0]},"meta":{"lastBranch":52,"lastFunction":5,"lastStatement":173,"seen":{"s:22:31:22:Infinity":0,"s:24:13:88:Infinity":1,"f:96:16:96:26":0,"s:97:27:109:Infinity":2,"s:111:24:111:Infinity":3,"s:113:10:113:Infinity":4,"s:114:2:261:Infinity":5,"s:115:16:115:Infinity":6,"b:117:4:258:Infinity:120:4:258:Infinity":0,"s:117:4:258:Infinity":7,"b:117:8:117:28:117:28:117:42":1,"s:118:6:118:Infinity":8,"s:119:6:119:Infinity":9,"b:120:4:258:Infinity:123:4:258:Infinity":2,"s:120:4:258:Infinity":10,"b:120:15:120:38:120:38:120:52":3,"s:121:6:121:Infinity":11,"s:122:6:122:Infinity":12,"b:123:4:258:Infinity:126:4:258:Infinity":4,"s:123:4:258:Infinity":13,"s:124:6:124:Infinity":14,"s:125:6:125:Infinity":15,"b:126:4:258:Infinity:129:4:258:Infinity":5,"s:126:4:258:Infinity":16,"s:127:6:127:Infinity":17,"s:128:6:128:Infinity":18,"b:129:4:258:Infinity:132:4:258:Infinity":6,"s:129:4:258:Infinity":19,"s:130:6:130:Infinity":20,"s:131:6:131:Infinity":21,"b:132:4:258:Infinity:135:4:258:Infinity":7,"s:132:4:258:Infinity":22,"s:133:6:133:Infinity":23,"s:134:6:134:Infinity":24,"b:135:4:258:Infinity:138:4:258:Infinity":8,"s:135:4:258:Infinity":25,"s:136:6:136:Infinity":26,"s:137:6:137:Infinity":27,"b:138:4:258:Infinity:141:4:258:Infinity":9,"s:138:4:258:Infinity":28,"s:139:6:139:Infinity":29,"s:140:6:140:Infinity":30,"b:141:4:258:Infinity:151:4:258:Infinity":10,"s:141:4:258:Infinity":31,"s:142:6:142:Infinity":32,"s:143:30:143:Infinity":33,"s:144:6:147:Infinity":34,"b:144:13:144:32:144:32:144:59":11,"s:145:8:145:Infinity":35,"s:146:8:146:Infinity":36,"s:148:6:148:Infinity":37,"s:149:6:149:Infinity":38,"b:149:39:149:50:149:50:149:Infinity":12,"s:150:6:150:Infinity":39,"b:151:4:258:Infinity:161:4:258:Infinity":13,"s:151:4:258:Infinity":40,"s:152:6:152:Infinity":41,"s:153:32:153:Infinity":42,"s:154:6:157:Infinity":43,"b:154:13:154:32:154:32:154:59":14,"s:155:8:155:Infinity":44,"s:156:8:156:Infinity":45,"s:158:6:158:Infinity":46,"s:159:6:159:Infinity":47,"b:159:43:159:56:159:56:159:Infinity":15,"s:160:6:160:Infinity":48,"b:161:4:258:Infinity:164:4:258:Infinity":16,"s:161:4:258:Infinity":49,"s:162:6:162:Infinity":50,"s:163:6:163:Infinity":51,"b:164:4:258:Infinity:175:4:258:Infinity":17,"s:164:4:258:Infinity":52,"s:165:6:165:Infinity":53,"s:166:18:166:Infinity":54,"b:167:6:172:Infinity:undefined:undefined:undefined:undefined":18,"s:167:6:172:Infinity":55,"s:168:8:170:Infinity":56,"s:171:8:171:Infinity":57,"s:173:6:173:Infinity":58,"s:174:6:174:Infinity":59,"b:175:4:258:Infinity:179:4:258:Infinity":19,"s:175:4:258:Infinity":60,"s:176:6:176:Infinity":61,"s:177:6:177:Infinity":62,"s:178:6:178:Infinity":63,"b:179:4:258:Infinity:183:4:258:Infinity":20,"s:179:4:258:Infinity":64,"s:180:6:180:Infinity":65,"s:181:6:181:Infinity":66,"s:182:6:182:Infinity":67,"b:183:4:258:Infinity:187:4:258:Infinity":21,"s:183:4:258:Infinity":68,"s:184:6:184:Infinity":69,"s:185:6:185:Infinity":70,"s:186:6:186:Infinity":71,"b:187:4:258:Infinity:200:4:258:Infinity":22,"s:187:4:258:Infinity":72,"s:188:6:188:Infinity":73,"s:189:18:189:Infinity":74,"b:190:6:193:Infinity:undefined:undefined:undefined:undefined":23,"s:190:6:193:Infinity":75,"b:190:10:190:24:190:24:190:33":24,"s:191:8:191:Infinity":76,"s:192:8:192:Infinity":77,"b:194:6:197:Infinity:undefined:undefined:undefined:undefined":25,"s:194:6:197:Infinity":78,"s:195:8:195:Infinity":79,"s:196:8:196:Infinity":80,"s:198:6:198:Infinity":81,"s:199:6:199:Infinity":82,"b:200:4:258:Infinity:209:4:258:Infinity":26,"s:200:4:258:Infinity":83,"s:201:6:201:Infinity":84,"s:202:18:202:Infinity":85,"b:203:6:206:Infinity:undefined:undefined:undefined:undefined":27,"s:203:6:206:Infinity":86,"s:204:8:204:Infinity":87,"s:205:8:205:Infinity":88,"s:207:6:207:Infinity":89,"s:208:6:208:Infinity":90,"b:209:4:258:Infinity:213:4:258:Infinity":28,"s:209:4:258:Infinity":91,"s:210:6:210:Infinity":92,"s:211:6:211:Infinity":93,"s:212:6:212:Infinity":94,"b:213:4:258:Infinity:222:4:258:Infinity":29,"s:213:4:258:Infinity":95,"s:214:6:214:Infinity":96,"s:215:18:215:Infinity":97,"b:216:6:219:Infinity:undefined:undefined:undefined:undefined":30,"s:216:6:219:Infinity":98,"b:216:10:216:24:216:24:216:34":31,"s:217:8:217:Infinity":99,"s:218:8:218:Infinity":100,"s:220:6:220:Infinity":101,"s:221:6:221:Infinity":102,"b:222:4:258:Infinity:231:4:258:Infinity":32,"s:222:4:258:Infinity":103,"s:223:6:223:Infinity":104,"s:224:18:224:Infinity":105,"b:225:6:228:Infinity:undefined:undefined:undefined:undefined":33,"s:225:6:228:Infinity":106,"b:225:10:225:24:225:24:225:33":34,"s:226:8:226:Infinity":107,"s:227:8:227:Infinity":108,"s:229:6:229:Infinity":109,"s:230:6:230:Infinity":110,"b:231:4:258:Infinity:240:4:258:Infinity":35,"s:231:4:258:Infinity":111,"s:232:6:232:Infinity":112,"s:233:18:233:Infinity":113,"b:234:6:237:Infinity:undefined:undefined:undefined:undefined":36,"s:234:6:237:Infinity":114,"b:234:10:234:24:234:24:234:33":37,"s:235:8:235:Infinity":115,"s:236:8:236:Infinity":116,"s:238:6:238:Infinity":117,"s:239:6:239:Infinity":118,"b:240:4:258:Infinity:249:4:258:Infinity":38,"s:240:4:258:Infinity":119,"s:241:6:241:Infinity":120,"s:242:18:242:Infinity":121,"b:243:6:246:Infinity:undefined:undefined:undefined:undefined":39,"s:243:6:246:Infinity":122,"b:243:10:243:24:243:24:243:34":40,"s:244:8:244:Infinity":123,"s:245:8:245:Infinity":124,"s:247:6:247:Infinity":125,"s:248:6:248:Infinity":126,"b:249:4:258:Infinity:253:4:258:Infinity":41,"s:249:4:258:Infinity":127,"s:250:6:250:Infinity":128,"s:251:6:251:Infinity":129,"s:252:6:252:Infinity":130,"b:253:4:258:Infinity:255:11:258:Infinity":42,"s:253:4:258:Infinity":131,"s:254:6:254:Infinity":132,"s:256:6:256:Infinity":133,"s:257:6:257:Infinity":134,"s:260:4:260:Infinity":135,"s:263:2:263:Infinity":136,"f:266:15:266:22":1,"s:267:18:267:Infinity":137,"b:270:2:281:Infinity:undefined:undefined:undefined:undefined":43,"s:270:2:281:Infinity":138,"s:271:14:271:Infinity":139,"s:272:4:277:Infinity":140,"s:272:17:272:20":141,"b:273:6:276:Infinity:undefined:undefined:undefined:undefined":44,"s:273:6:276:Infinity":142,"b:273:10:273:36:273:36:273:60":45,"s:274:8:274:Infinity":143,"s:275:8:275:Infinity":144,"s:278:10:278:Infinity":145,"s:279:4:279:Infinity":146,"s:280:4:280:Infinity":147,"s:283:32:283:Infinity":148,"s:286:2:286:Infinity":149,"s:289:2:293:Infinity":150,"f:289:23:289:35":2,"s:290:4:290:Infinity":151,"s:291:4:291:Infinity":152,"s:292:4:292:Infinity":153,"s:295:2:299:Infinity":154,"f:295:24:295:36":3,"s:296:4:296:Infinity":155,"s:297:4:297:Infinity":156,"s:298:4:298:Infinity":157,"b:301:2:304:Infinity:undefined:undefined:undefined:undefined":46,"s:301:2:304:Infinity":158,"s:302:4:302:Infinity":159,"s:303:4:303:Infinity":160,"b:306:2:309:Infinity:undefined:undefined:undefined:undefined":47,"s:306:2:309:Infinity":161,"s:307:4:307:Infinity":162,"s:308:4:308:Infinity":163,"s:312:23:312:Infinity":164,"s:313:47:313:Infinity":165,"s:314:18:314:Infinity":166,"s:317:17:317:Infinity":167,"b:317:39:317:57:317:57:317:Infinity":48,"b:317:100:317:104:317:104:317:Infinity":49,"b:317:57:317:81:317:81:317:100":50,"s:318:2:318:Infinity":168,"b:318:28:318:32:318:32:318:33":51,"s:321:0:325:Infinity":169,"f:321:13:321:20":4,"s:322:2:322:Infinity":170,"s:323:2:323:Infinity":171,"s:324:2:324:Infinity":172}}}
,"/home/pruddiman/source/repos/Dispatch/.dispatch/worktrees/issue-178/src/config-prompts.ts": {"path":"/home/pruddiman/source/repos/Dispatch/.dispatch/worktrees/issue-178/src/config-prompts.ts","statementMap":{"0":{"start":{"line":31,"column":2},"end":{"line":31,"column":null}},"1":{"start":{"line":32,"column":2},"end":{"line":32,"column":null}},"2":{"start":{"line":33,"column":2},"end":{"line":33,"column":null}},"3":{"start":{"line":36,"column":19},"end":{"line":36,"column":null}},"4":{"start":{"line":37,"column":22},"end":{"line":37,"column":null}},"5":{"start":{"line":39,"column":2},"end":{"line":58,"column":null}},"6":{"start":{"line":40,"column":4},"end":{"line":40,"column":null}},"7":{"start":{"line":41,"column":4},"end":{"line":45,"column":null}},"8":{"start":{"line":42,"column":6},"end":{"line":44,"column":null}},"9":{"start":{"line":43,"column":8},"end":{"line":43,"column":null}},"10":{"start":{"line":46,"column":4},"end":{"line":46,"column":null}},"11":{"start":{"line":48,"column":24},"end":{"line":51,"column":null}},"12":{"start":{"line":53,"column":4},"end":{"line":56,"column":null}},"13":{"start":{"line":54,"column":6},"end":{"line":54,"column":null}},"14":{"start":{"line":55,"column":6},"end":{"line":55,"column":null}},"15":{"start":{"line":57,"column":4},"end":{"line":57,"column":null}},"16":{"start":{"line":61,"column":26},"end":{"line":63,"column":null}},"17":{"start":{"line":62,"column":24},"end":{"line":62,"column":61}},"18":{"start":{"line":65,"column":19},"end":{"line":72,"column":null}},"19":{"start":{"line":67,"column":46},"end":{"line":70,"column":6}},"20":{"start":{"line":75,"column":42},"end":{"line":75,"column":null}},"21":{"start":{"line":76,"column":2},"end":{"line":96,"column":null}},"22":{"start":{"line":77,"column":4},"end":{"line":77,"column":null}},"23":{"start":{"line":78,"column":19},"end":{"line":78,"column":null}},"24":{"start":{"line":79,"column":4},"end":{"line":92,"column":null}},"25":{"start":{"line":80,"column":26},"end":{"line":87,"column":null}},"26":{"start":{"line":84,"column":32},"end":{"line":84,"column":54}},"27":{"start":{"line":88,"column":6},"end":{"line":88,"column":null}},"28":{"start":{"line":90,"column":6},"end":{"line":90,"column":null}},"29":{"start":{"line":91,"column":6},"end":{"line":91,"column":null}},"30":{"start":{"line":94,"column":4},"end":{"line":94,"column":null}},"31":{"start":{"line":95,"column":4},"end":{"line":95,"column":null}},"32":{"start":{"line":99,"column":25},"end":{"line":99,"column":null}},"33":{"start":{"line":100,"column":53},"end":{"line":100,"column":null}},"34":{"start":{"line":101,"column":2},"end":{"line":105,"column":null}},"35":{"start":{"line":102,"column":4},"end":{"line":104,"column":null}},"36":{"start":{"line":108,"column":25},"end":{"line":119,"column":null}},"37":{"start":{"line":116,"column":41},"end":{"line":116,"column":63}},"38":{"start":{"line":121,"column":4},"end":{"line":121,"column":null}},"39":{"start":{"line":124,"column":36},"end":{"line":127,"column":null}},"40":{"start":{"line":129,"column":2},"end":{"line":131,"column":null}},"41":{"start":{"line":130,"column":4},"end":{"line":130,"column":null}},"42":{"start":{"line":134,"column":2},"end":{"line":134,"column":null}},"43":{"start":{"line":135,"column":2},"end":{"line":135,"column":null}},"44":{"start":{"line":136,"column":2},"end":{"line":140,"column":null}},"45":{"start":{"line":137,"column":4},"end":{"line":139,"column":null}},"46":{"start":{"line":138,"column":6},"end":{"line":138,"column":null}},"47":{"start":{"line":141,"column":2},"end":{"line":145,"column":null}},"48":{"start":{"line":142,"column":4},"end":{"line":144,"column":null}},"49":{"start":{"line":146,"column":2},"end":{"line":146,"column":null}},"50":{"start":{"line":149,"column":21},"end":{"line":152,"column":null}},"51":{"start":{"line":154,"column":2},"end":{"line":159,"column":null}},"52":{"start":{"line":155,"column":4},"end":{"line":155,"column":null}},"53":{"start":{"line":156,"column":4},"end":{"line":156,"column":null}},"54":{"start":{"line":158,"column":4},"end":{"line":158,"column":null}}},"fnMap":{"0":{"name":"runInteractiveConfigWizard","decl":{"start":{"line":30,"column":22},"end":{"line":30,"column":49}},"loc":{"start":{"line":30,"column":84},"end":{"line":160,"column":null}},"line":30},"1":{"name":"(anonymous_1)","decl":{"start":{"line":62,"column":23},"end":{"line":62,"column":24}},"loc":{"start":{"line":62,"column":24},"end":{"line":62,"column":61}},"line":62},"2":{"name":"(anonymous_2)","decl":{"start":{"line":67,"column":32},"end":{"line":67,"column":33}},"loc":{"start":{"line":67,"column":46},"end":{"line":70,"column":6}},"line":67},"3":{"name":"(anonymous_3)","decl":{"start":{"line":84,"column":24},"end":{"line":84,"column":25}},"loc":{"start":{"line":84,"column":32},"end":{"line":84,"column":54}},"line":84},"4":{"name":"(anonymous_4)","decl":{"start":{"line":116,"column":30},"end":{"line":116,"column":31}},"loc":{"start":{"line":116,"column":41},"end":{"line":116,"column":63}},"line":116}},"branchMap":{"0":{"loc":{"start":{"line":39,"column":2},"end":{"line":58,"column":null}},"type":"if","locations":[{"start":{"line":39,"column":2},"end":{"line":58,"column":null}},{"start":{},"end":{}}],"line":39},"1":{"loc":{"start":{"line":42,"column":6},"end":{"line":44,"column":null}},"type":"if","locations":[{"start":{"line":42,"column":6},"end":{"line":44,"column":null}},{"start":{},"end":{}}],"line":42},"2":{"loc":{"start":{"line":53,"column":4},"end":{"line":56,"column":null}},"type":"if","locations":[{"start":{"line":53,"column":4},"end":{"line":56,"column":null}},{"start":{},"end":{}}],"line":53},"3":{"loc":{"start":{"line":68,"column":15},"end":{"line":68,"column":69}},"type":"cond-expr","locations":[{"start":{"line":68,"column":36},"end":{"line":68,"column":55}},{"start":{"line":68,"column":55},"end":{"line":68,"column":69}}],"line":68},"4":{"loc":{"start":{"line":79,"column":4},"end":{"line":92,"column":null}},"type":"if","locations":[{"start":{"line":79,"column":4},"end":{"line":92,"column":null}},{"start":{"line":89,"column":11},"end":{"line":92,"column":null}}],"line":79},"5":{"loc":{"start":{"line":86,"column":17},"end":{"line":86,"column":null}},"type":"binary-expr","locations":[{"start":{"line":86,"column":17},"end":{"line":86,"column":35}},{"start":{"line":86,"column":35},"end":{"line":86,"column":null}}],"line":86},"6":{"loc":{"start":{"line":88,"column":22},"end":{"line":88,"column":null}},"type":"binary-expr","locations":[{"start":{"line":88,"column":22},"end":{"line":88,"column":37}},{"start":{"line":88,"column":37},"end":{"line":88,"column":null}}],"line":88},"7":{"loc":{"start":{"line":100,"column":53},"end":{"line":100,"column":null}},"type":"binary-expr","locations":[{"start":{"line":100,"column":53},"end":{"line":100,"column":72}},{"start":{"line":100,"column":72},"end":{"line":100,"column":null}}],"line":100},"8":{"loc":{"start":{"line":101,"column":2},"end":{"line":105,"column":null}},"type":"if","locations":[{"start":{"line":101,"column":2},"end":{"line":105,"column":null}},{"start":{},"end":{}}],"line":101},"9":{"loc":{"start":{"line":121,"column":4},"end":{"line":121,"column":null}},"type":"cond-expr","locations":[{"start":{"line":121,"column":32},"end":{"line":121,"column":44}},{"start":{"line":121,"column":44},"end":{"line":121,"column":null}}],"line":121},"10":{"loc":{"start":{"line":129,"column":2},"end":{"line":131,"column":null}},"type":"if","locations":[{"start":{"line":129,"column":2},"end":{"line":131,"column":null}},{"start":{},"end":{}}],"line":129},"11":{"loc":{"start":{"line":137,"column":4},"end":{"line":139,"column":null}},"type":"if","locations":[{"start":{"line":137,"column":4},"end":{"line":139,"column":null}},{"start":{},"end":{}}],"line":137},"12":{"loc":{"start":{"line":141,"column":2},"end":{"line":145,"column":null}},"type":"if","locations":[{"start":{"line":141,"column":2},"end":{"line":145,"column":null}},{"start":{},"end":{}}],"line":141},"13":{"loc":{"start":{"line":154,"column":2},"end":{"line":159,"column":null}},"type":"if","locations":[{"start":{"line":154,"column":2},"end":{"line":159,"column":null}},{"start":{"line":157,"column":9},"end":{"line":159,"column":null}}],"line":154}},"s":{"0":13,"1":13,"2":13,"3":13,"4":13,"5":13,"6":3,"7":3,"8":5,"9":5,"10":3,"11":3,"12":3,"13":1,"14":1,"15":2,"16":12,"17":48,"18":12,"19":48,"20":12,"21":12,"22":12,"23":12,"24":12,"25":2,"26":4,"27":2,"28":10,"29":10,"30":0,"31":0,"32":12,"33":12,"34":13,"35":2,"36":12,"37":36,"38":12,"39":13,"40":13,"41":1,"42":12,"43":12,"44":12,"45":25,"46":24,"47":12,"48":1,"49":12,"50":12,"51":12,"52":11,"53":11,"54":1},"f":{"0":13,"1":48,"2":48,"3":4,"4":36},"b":{"0":[3,10],"1":[5,0],"2":[1,2],"3":[11,37],"4":[2,10],"5":[2,2],"6":[2,1],"7":[12,10],"8":[2,11],"9":[1,11],"10":[1,12],"11":[24,1],"12":[1,11],"13":[11,1]},"meta":{"lastBranch":14,"lastFunction":5,"lastStatement":55,"seen":{"f:30:22:30:49":0,"s:31:2:31:Infinity":0,"s:32:2:32:Infinity":1,"s:33:2:33:Infinity":2,"s:36:19:36:Infinity":3,"s:37:22:37:Infinity":4,"b:39:2:58:Infinity:undefined:undefined:undefined:undefined":0,"s:39:2:58:Infinity":5,"s:40:4:40:Infinity":6,"s:41:4:45:Infinity":7,"b:42:6:44:Infinity:undefined:undefined:undefined:undefined":1,"s:42:6:44:Infinity":8,"s:43:8:43:Infinity":9,"s:46:4:46:Infinity":10,"s:48:24:51:Infinity":11,"b:53:4:56:Infinity:undefined:undefined:undefined:undefined":2,"s:53:4:56:Infinity":12,"s:54:6:54:Infinity":13,"s:55:6:55:Infinity":14,"s:57:4:57:Infinity":15,"s:61:26:63:Infinity":16,"f:62:23:62:24":1,"s:62:24:62:61":17,"s:65:19:72:Infinity":18,"f:67:32:67:33":2,"s:67:46:70:6":19,"b:68:36:68:55:68:55:68:69":3,"s:75:42:75:Infinity":20,"s:76:2:96:Infinity":21,"s:77:4:77:Infinity":22,"s:78:19:78:Infinity":23,"b:79:4:92:Infinity:89:11:92:Infinity":4,"s:79:4:92:Infinity":24,"s:80:26:87:Infinity":25,"f:84:24:84:25":3,"s:84:32:84:54":26,"b:86:17:86:35:86:35:86:Infinity":5,"s:88:6:88:Infinity":27,"b:88:22:88:37:88:37:88:Infinity":6,"s:90:6:90:Infinity":28,"s:91:6:91:Infinity":29,"s:94:4:94:Infinity":30,"s:95:4:95:Infinity":31,"s:99:25:99:Infinity":32,"s:100:53:100:Infinity":33,"b:100:53:100:72:100:72:100:Infinity":7,"b:101:2:105:Infinity:undefined:undefined:undefined:undefined":8,"s:101:2:105:Infinity":34,"s:102:4:104:Infinity":35,"s:108:25:119:Infinity":36,"f:116:30:116:31":4,"s:116:41:116:63":37,"s:121:4:121:Infinity":38,"b:121:32:121:44:121:44:121:Infinity":9,"s:124:36:127:Infinity":39,"b:129:2:131:Infinity:undefined:undefined:undefined:undefined":10,"s:129:2:131:Infinity":40,"s:130:4:130:Infinity":41,"s:134:2:134:Infinity":42,"s:135:2:135:Infinity":43,"s:136:2:140:Infinity":44,"b:137:4:139:Infinity:undefined:undefined:undefined:undefined":11,"s:137:4:139:Infinity":45,"s:138:6:138:Infinity":46,"b:141:2:145:Infinity:undefined:undefined:undefined:undefined":12,"s:141:2:145:Infinity":47,"s:142:4:144:Infinity":48,"s:146:2:146:Infinity":49,"s:149:21:152:Infinity":50,"b:154:2:159:Infinity:157:9:159:Infinity":13,"s:154:2:159:Infinity":51,"s:155:4:155:Infinity":52,"s:156:4:156:Infinity":53,"s:158:4:158:Infinity":54}}}
,"/home/pruddiman/source/repos/Dispatch/.dispatch/worktrees/issue-178/src/config.ts": {"path":"/home/pruddiman/source/repos/Dispatch/.dispatch/worktrees/issue-178/src/config.ts","statementMap":{"0":{"start":{"line":33,"column":27},"end":{"line":33,"column":null}},"1":{"start":{"line":43,"column":14},"end":{"line":43,"column":null}},"2":{"start":{"line":44,"column":2},"end":{"line":44,"column":null}},"3":{"start":{"line":53,"column":21},"end":{"line":53,"column":null}},"4":{"start":{"line":54,"column":2},"end":{"line":59,"column":null}},"5":{"start":{"line":55,"column":16},"end":{"line":55,"column":null}},"6":{"start":{"line":56,"column":4},"end":{"line":56,"column":null}},"7":{"start":{"line":58,"column":4},"end":{"line":58,"column":null}},"8":{"start":{"line":71,"column":21},"end":{"line":71,"column":null}},"9":{"start":{"line":72,"column":2},"end":{"line":72,"column":null}},"10":{"start":{"line":73,"column":2},"end":{"line":73,"column":null}},"11":{"start":{"line":81,"column":2},"end":{"line":110,"column":null}},"12":{"start":{"line":83,"column":6},"end":{"line":85,"column":null}},"13":{"start":{"line":84,"column":8},"end":{"line":84,"column":null}},"14":{"start":{"line":86,"column":6},"end":{"line":86,"column":null}},"15":{"start":{"line":89,"column":6},"end":{"line":91,"column":null}},"16":{"start":{"line":90,"column":8},"end":{"line":90,"column":null}},"17":{"start":{"line":92,"column":6},"end":{"line":92,"column":null}},"18":{"start":{"line":95,"column":6},"end":{"line":97,"column":null}},"19":{"start":{"line":96,"column":8},"end":{"line":96,"column":null}},"20":{"start":{"line":98,"column":6},"end":{"line":98,"column":null}},"21":{"start":{"line":101,"column":18},"end":{"line":101,"column":null}},"22":{"start":{"line":102,"column":6},"end":{"line":104,"column":null}},"23":{"start":{"line":103,"column":8},"end":{"line":103,"column":null}},"24":{"start":{"line":105,"column":6},"end":{"line":105,"column":null}},"25":{"start":{"line":109,"column":6},"end":{"line":109,"column":null}},"26":{"start":{"line":119,"column":2},"end":{"line":119,"column":null}}},"fnMap":{"0":{"name":"getConfigPath","decl":{"start":{"line":42,"column":16},"end":{"line":42,"column":30}},"loc":{"start":{"line":42,"column":58},"end":{"line":45,"column":null}},"line":42},"1":{"name":"loadConfig","decl":{"start":{"line":52,"column":22},"end":{"line":52,"column":33}},"loc":{"start":{"line":52,"column":78},"end":{"line":60,"column":null}},"line":52},"2":{"name":"saveConfig","decl":{"start":{"line":67,"column":22},"end":{"line":67,"column":null}},"loc":{"start":{"line":70,"column":17},"end":{"line":74,"column":null}},"line":70},"3":{"name":"validateConfigValue","decl":{"start":{"line":80,"column":16},"end":{"line":80,"column":36}},"loc":{"start":{"line":80,"column":82},"end":{"line":111,"column":null}},"line":80},"4":{"name":"handleConfigCommand","decl":{"start":{"line":118,"column":22},"end":{"line":118,"column":42}},"loc":{"start":{"line":118,"column":94},"end":{"line":120,"column":null}},"line":118}},"branchMap":{"0":{"loc":{"start":{"line":43,"column":14},"end":{"line":43,"column":null}},"type":"binary-expr","locations":[{"start":{"line":43,"column":14},"end":{"line":43,"column":27}},{"start":{"line":43,"column":14},"end":{"line":43,"column":null}}],"line":43},"1":{"loc":{"start":{"line":81,"column":2},"end":{"line":110,"column":null}},"type":"switch","locations":[{"start":{"line":82,"column":4},"end":{"line":86,"column":null}},{"start":{"line":88,"column":4},"end":{"line":92,"column":null}},{"start":{"line":94,"column":4},"end":{"line":98,"column":null}},{"start":{"line":100,"column":4},"end":{"line":106,"column":null}},{"start":{"line":108,"column":4},"end":{"line":109,"column":null}}],"line":81},"2":{"loc":{"start":{"line":83,"column":6},"end":{"line":85,"column":null}},"type":"if","locations":[{"start":{"line":83,"column":6},"end":{"line":85,"column":null}},{"start":{},"end":{}}],"line":83},"3":{"loc":{"start":{"line":89,"column":6},"end":{"line":91,"column":null}},"type":"if","locations":[{"start":{"line":89,"column":6},"end":{"line":91,"column":null}},{"start":{},"end":{}}],"line":89},"4":{"loc":{"start":{"line":89,"column":10},"end":{"line":89,"column":41}},"type":"binary-expr","locations":[{"start":{"line":89,"column":10},"end":{"line":89,"column":20}},{"start":{"line":89,"column":20},"end":{"line":89,"column":41}}],"line":89},"5":{"loc":{"start":{"line":95,"column":6},"end":{"line":97,"column":null}},"type":"if","locations":[{"start":{"line":95,"column":6},"end":{"line":97,"column":null}},{"start":{},"end":{}}],"line":95},"6":{"loc":{"start":{"line":102,"column":6},"end":{"line":104,"column":null}},"type":"if","locations":[{"start":{"line":102,"column":6},"end":{"line":104,"column":null}},{"start":{},"end":{}}],"line":102},"7":{"loc":{"start":{"line":102,"column":10},"end":{"line":102,"column":45}},"type":"binary-expr","locations":[{"start":{"line":102,"column":10},"end":{"line":102,"column":35}},{"start":{"line":102,"column":35},"end":{"line":102,"column":45}}],"line":102}},"s":{"0":6,"1":14,"2":14,"3":7,"4":7,"5":7,"6":6,"7":3,"8":5,"9":5,"10":5,"11":21,"12":3,"13":1,"14":2,"15":0,"16":0,"17":0,"18":10,"19":5,"20":5,"21":8,"22":8,"23":4,"24":4,"25":0,"26":1},"f":{"0":14,"1":7,"2":5,"3":21,"4":1},"b":{"0":[14,1],"1":[3,0,10,8,0],"2":[1,2],"3":[0,0],"4":[0,0],"5":[5,5],"6":[4,4],"7":[8,7]},"meta":{"lastBranch":8,"lastFunction":5,"lastStatement":27,"seen":{"s:33:27:33:Infinity":0,"f:42:16:42:30":0,"s:43:14:43:Infinity":1,"b:43:14:43:27:43:14:43:Infinity":0,"s:44:2:44:Infinity":2,"f:52:22:52:33":1,"s:53:21:53:Infinity":3,"s:54:2:59:Infinity":4,"s:55:16:55:Infinity":5,"s:56:4:56:Infinity":6,"s:58:4:58:Infinity":7,"f:67:22:67:Infinity":2,"s:71:21:71:Infinity":8,"s:72:2:72:Infinity":9,"s:73:2:73:Infinity":10,"f:80:16:80:36":3,"b:82:4:86:Infinity:88:4:92:Infinity:94:4:98:Infinity:100:4:106:Infinity:108:4:109:Infinity":1,"s:81:2:110:Infinity":11,"b:83:6:85:Infinity:undefined:undefined:undefined:undefined":2,"s:83:6:85:Infinity":12,"s:84:8:84:Infinity":13,"s:86:6:86:Infinity":14,"b:89:6:91:Infinity:undefined:undefined:undefined:undefined":3,"s:89:6:91:Infinity":15,"b:89:10:89:20:89:20:89:41":4,"s:90:8:90:Infinity":16,"s:92:6:92:Infinity":17,"b:95:6:97:Infinity:undefined:undefined:undefined:undefined":5,"s:95:6:97:Infinity":18,"s:96:8:96:Infinity":19,"s:98:6:98:Infinity":20,"s:101:18:101:Infinity":21,"b:102:6:104:Infinity:undefined:undefined:undefined:undefined":6,"s:102:6:104:Infinity":22,"b:102:10:102:35:102:35:102:45":7,"s:103:8:103:Infinity":23,"s:105:6:105:Infinity":24,"s:109:6:109:Infinity":25,"f:118:22:118:42":4,"s:119:2:119:Infinity":26}}}
,"/home/pruddiman/source/repos/Dispatch/.dispatch/worktrees/issue-178/src/dispatcher.ts": {"path":"/home/pruddiman/source/repos/Dispatch/.dispatch/worktrees/issue-178/src/dispatcher.ts","statementMap":{"0":{"start":{"line":30,"column":2},"end":{"line":49,"column":null}},"1":{"start":{"line":31,"column":4},"end":{"line":31,"column":null}},"2":{"start":{"line":32,"column":22},"end":{"line":32,"column":null}},"3":{"start":{"line":33,"column":19},"end":{"line":33,"column":null}},"4":{"start":{"line":34,"column":4},"end":{"line":34,"column":null}},"5":{"start":{"line":36,"column":21},"end":{"line":36,"column":null}},"6":{"start":{"line":38,"column":4},"end":{"line":41,"column":null}},"7":{"start":{"line":39,"column":6},"end":{"line":39,"column":null}},"8":{"start":{"line":40,"column":6},"end":{"line":40,"column":null}},"9":{"start":{"line":43,"column":4},"end":{"line":43,"column":null}},"10":{"start":{"line":44,"column":4},"end":{"line":44,"column":null}},"11":{"start":{"line":46,"column":20},"end":{"line":46,"column":null}},"12":{"start":{"line":47,"column":4},"end":{"line":47,"column":null}},"13":{"start":{"line":48,"column":4},"end":{"line":48,"column":null}},"14":{"start":{"line":57,"column":2},"end":{"line":70,"column":null}},"15":{"start":{"line":78,"column":2},"end":{"line":104,"column":null}},"16":{"start":{"line":111,"column":2},"end":{"line":111,"column":null}},"17":{"start":{"line":118,"column":2},"end":{"line":124,"column":null}},"18":{"start":{"line":119,"column":4},"end":{"line":120,"column":null}},"19":{"start":{"line":125,"column":2},"end":{"line":125,"column":null}},"20":{"start":{"line":133,"column":2},"end":{"line":133,"column":null}},"21":{"start":{"line":133,"column":21},"end":{"line":133,"column":null}},"22":{"start":{"line":134,"column":2},"end":{"line":138,"column":null}}},"fnMap":{"0":{"name":"dispatchTask","decl":{"start":{"line":23,"column":22},"end":{"line":23,"column":null}},"loc":{"start":{"line":29,"column":27},"end":{"line":50,"column":null}},"line":29},"1":{"name":"buildPrompt","decl":{"start":{"line":56,"column":9},"end":{"line":56,"column":21}},"loc":{"start":{"line":56,"column":77},"end":{"line":71,"column":null}},"line":56},"2":{"name":"buildPlannedPrompt","decl":{"start":{"line":77,"column":9},"end":{"line":77,"column":28}},"loc":{"start":{"line":77,"column":98},"end":{"line":105,"column":null}},"line":77},"3":{"name":"taskRequestsCommit","decl":{"start":{"line":110,"column":9},"end":{"line":110,"column":28}},"loc":{"start":{"line":110,"column":55},"end":{"line":112,"column":null}},"line":110},"4":{"name":"buildCommitInstruction","decl":{"start":{"line":117,"column":9},"end":{"line":117,"column":32}},"loc":{"start":{"line":117,"column":58},"end":{"line":126,"column":null}},"line":117},"5":{"name":"buildWorktreeIsolation","decl":{"start":{"line":132,"column":9},"end":{"line":132,"column":32}},"loc":{"start":{"line":132,"column":65},"end":{"line":139,"column":null}},"line":132}},"branchMap":{"0":{"loc":{"start":{"line":33,"column":19},"end":{"line":33,"column":null}},"type":"cond-expr","locations":[{"start":{"line":33,"column":26},"end":{"line":33,"column":78}},{"start":{"line":33,"column":78},"end":{"line":33,"column":null}}],"line":33},"1":{"loc":{"start":{"line":34,"column":55},"end":{"line":34,"column":85}},"type":"cond-expr","locations":[{"start":{"line":34,"column":62},"end":{"line":34,"column":76}},{"start":{"line":34,"column":76},"end":{"line":34,"column":85}}],"line":34},"2":{"loc":{"start":{"line":38,"column":4},"end":{"line":41,"column":null}},"type":"if","locations":[{"start":{"line":38,"column":4},"end":{"line":41,"column":null}},{"start":{},"end":{}}],"line":38},"3":{"loc":{"start":{"line":118,"column":2},"end":{"line":124,"column":null}},"type":"if","locations":[{"start":{"line":118,"column":2},"end":{"line":124,"column":null}},{"start":{},"end":{}}],"line":118},"4":{"loc":{"start":{"line":133,"column":2},"end":{"line":133,"column":null}},"type":"if","locations":[{"start":{"line":133,"column":2},"end":{"line":133,"column":null}},{"start":{},"end":{}}],"line":133}},"s":{"0":12,"1":12,"2":12,"3":11,"4":12,"5":12,"6":9,"7":1,"8":1,"9":8,"10":8,"11":3,"12":3,"13":3,"14":9,"15":2,"16":11,"17":11,"18":1,"19":10,"20":11,"21":9,"22":2},"f":{"0":12,"1":9,"2":2,"3":11,"4":11,"5":11},"b":{"0":[2,9],"1":[2,9],"2":[1,8],"3":[1,10],"4":[9,2]},"meta":{"lastBranch":5,"lastFunction":6,"lastStatement":23,"seen":{"f:23:22:23:Infinity":0,"s:30:2:49:Infinity":0,"s:31:4:31:Infinity":1,"s:32:22:32:Infinity":2,"s:33:19:33:Infinity":3,"b:33:26:33:78:33:78:33:Infinity":0,"s:34:4:34:Infinity":4,"b:34:62:34:76:34:76:34:85":1,"s:36:21:36:Infinity":5,"b:38:4:41:Infinity:undefined:undefined:undefined:undefined":2,"s:38:4:41:Infinity":6,"s:39:6:39:Infinity":7,"s:40:6:40:Infinity":8,"s:43:4:43:Infinity":9,"s:44:4:44:Infinity":10,"s:46:20:46:Infinity":11,"s:47:4:47:Infinity":12,"s:48:4:48:Infinity":13,"f:56:9:56:21":1,"s:57:2:70:Infinity":14,"f:77:9:77:28":2,"s:78:2:104:Infinity":15,"f:110:9:110:28":3,"s:111:2:111:Infinity":16,"f:117:9:117:32":4,"b:118:2:124:Infinity:undefined:undefined:undefined:undefined":3,"s:118:2:124:Infinity":17,"s:119:4:120:Infinity":18,"s:125:2:125:Infinity":19,"f:132:9:132:32":5,"b:133:2:133:Infinity:undefined:undefined:undefined:undefined":4,"s:133:2:133:Infinity":20,"s:133:21:133:Infinity":21,"s:134:2:138:Infinity":22}}}
,"/home/pruddiman/source/repos/Dispatch/.dispatch/worktrees/issue-178/src/parser.ts": {"path":"/home/pruddiman/source/repos/Dispatch/.dispatch/worktrees/issue-178/src/parser.ts","statementMap":{"0":{"start":{"line":33,"column":21},"end":{"line":33,"column":null}},"1":{"start":{"line":34,"column":19},"end":{"line":34,"column":null}},"2":{"start":{"line":35,"column":20},"end":{"line":35,"column":null}},"3":{"start":{"line":36,"column":23},"end":{"line":36,"column":null}},"4":{"start":{"line":50,"column":21},"end":{"line":50,"column":null}},"5":{"start":{"line":51,"column":16},"end":{"line":51,"column":null}},"6":{"start":{"line":53,"column":19},"end":{"line":60,"column":null}},"7":{"start":{"line":55,"column":4},"end":{"line":55,"column":null}},"8":{"start":{"line":55,"column":29},"end":{"line":55,"column":null}},"9":{"start":{"line":57,"column":4},"end":{"line":57,"column":null}},"10":{"start":{"line":57,"column":33},"end":{"line":57,"column":null}},"11":{"start":{"line":59,"column":4},"end":{"line":59,"column":null}},"12":{"start":{"line":62,"column":2},"end":{"line":62,"column":null}},"13":{"start":{"line":71,"column":21},"end":{"line":71,"column":null}},"14":{"start":{"line":72,"column":16},"end":{"line":72,"column":null}},"15":{"start":{"line":73,"column":24},"end":{"line":73,"column":null}},"16":{"start":{"line":75,"column":2},"end":{"line":101,"column":null}},"17":{"start":{"line":75,"column":15},"end":{"line":75,"column":18}},"18":{"start":{"line":76,"column":18},"end":{"line":76,"column":null}},"19":{"start":{"line":77,"column":4},"end":{"line":100,"column":null}},"20":{"start":{"line":78,"column":17},"end":{"line":78,"column":null}},"21":{"start":{"line":79,"column":53},"end":{"line":79,"column":null}},"22":{"start":{"line":81,"column":24},"end":{"line":81,"column":null}},"23":{"start":{"line":82,"column":6},"end":{"line":90,"column":null}},"24":{"start":{"line":83,"column":76},"end":{"line":87,"column":null}},"25":{"start":{"line":88,"column":8},"end":{"line":88,"column":null}},"26":{"start":{"line":89,"column":8},"end":{"line":89,"column":null}},"27":{"start":{"line":92,"column":6},"end":{"line":99,"column":null}},"28":{"start":{"line":103,"column":2},"end":{"line":103,"column":null}},"29":{"start":{"line":110,"column":18},"end":{"line":110,"column":null}},"30":{"start":{"line":111,"column":2},"end":{"line":111,"column":null}},"31":{"start":{"line":118,"column":18},"end":{"line":118,"column":null}},"32":{"start":{"line":119,"column":16},"end":{"line":119,"column":null}},"33":{"start":{"line":120,"column":20},"end":{"line":120,"column":null}},"34":{"start":{"line":122,"column":2},"end":{"line":126,"column":null}},"35":{"start":{"line":123,"column":4},"end":{"line":125,"column":null}},"36":{"start":{"line":128,"column":19},"end":{"line":128,"column":null}},"37":{"start":{"line":129,"column":18},"end":{"line":129,"column":null}},"38":{"start":{"line":131,"column":2},"end":{"line":135,"column":null}},"39":{"start":{"line":132,"column":4},"end":{"line":134,"column":null}},"40":{"start":{"line":137,"column":2},"end":{"line":137,"column":null}},"41":{"start":{"line":138,"column":2},"end":{"line":138,"column":null}},"42":{"start":{"line":155,"column":2},"end":{"line":155,"column":null}},"43":{"start":{"line":155,"column":26},"end":{"line":155,"column":null}},"44":{"start":{"line":157,"column":27},"end":{"line":157,"column":null}},"45":{"start":{"line":158,"column":24},"end":{"line":158,"column":null}},"46":{"start":{"line":160,"column":2},"end":{"line":179,"column":null}},"47":{"start":{"line":161,"column":17},"end":{"line":161,"column":null}},"48":{"start":{"line":163,"column":4},"end":{"line":178,"column":null}},"49":{"start":{"line":164,"column":6},"end":{"line":164,"column":null}},"50":{"start":{"line":165,"column":4},"end":{"line":178,"column":null}},"51":{"start":{"line":167,"column":6},"end":{"line":170,"column":null}},"52":{"start":{"line":168,"column":8},"end":{"line":168,"column":null}},"53":{"start":{"line":169,"column":8},"end":{"line":169,"column":null}},"54":{"start":{"line":172,"column":6},"end":{"line":172,"column":null}},"55":{"start":{"line":175,"column":6},"end":{"line":175,"column":null}},"56":{"start":{"line":176,"column":6},"end":{"line":176,"column":null}},"57":{"start":{"line":177,"column":6},"end":{"line":177,"column":null}},"58":{"start":{"line":182,"column":2},"end":{"line":184,"column":null}},"59":{"start":{"line":183,"column":4},"end":{"line":183,"column":null}},"60":{"start":{"line":186,"column":2},"end":{"line":186,"column":null}}},"fnMap":{"0":{"name":"buildTaskContext","decl":{"start":{"line":49,"column":16},"end":{"line":49,"column":33}},"loc":{"start":{"line":49,"column":70},"end":{"line":63,"column":null}},"line":49},"1":{"name":"(anonymous_1)","decl":{"start":{"line":53,"column":32},"end":{"line":53,"column":33}},"loc":{"start":{"line":53,"column":45},"end":{"line":60,"column":3}},"line":53},"2":{"name":"parseTaskContent","decl":{"start":{"line":69,"column":16},"end":{"line":69,"column":33}},"loc":{"start":{"line":69,"column":78},"end":{"line":104,"column":null}},"line":69},"3":{"name":"parseTaskFile","decl":{"start":{"line":109,"column":22},"end":{"line":109,"column":36}},"loc":{"start":{"line":109,"column":73},"end":{"line":112,"column":null}},"line":109},"4":{"name":"markTaskComplete","decl":{"start":{"line":117,"column":22},"end":{"line":117,"column":39}},"loc":{"start":{"line":117,"column":66},"end":{"line":139,"column":null}},"line":117},"5":{"name":"groupTasksByMode","decl":{"start":{"line":154,"column":16},"end":{"line":154,"column":33}},"loc":{"start":{"line":154,"column":58},"end":{"line":187,"column":null}},"line":154}},"branchMap":{"0":{"loc":{"start":{"line":55,"column":4},"end":{"line":55,"column":null}},"type":"if","locations":[{"start":{"line":55,"column":4},"end":{"line":55,"column":null}},{"start":{},"end":{}}],"line":55},"1":{"loc":{"start":{"line":57,"column":4},"end":{"line":57,"column":null}},"type":"if","locations":[{"start":{"line":57,"column":4},"end":{"line":57,"column":null}},{"start":{},"end":{}}],"line":57},"2":{"loc":{"start":{"line":77,"column":4},"end":{"line":100,"column":null}},"type":"if","locations":[{"start":{"line":77,"column":4},"end":{"line":100,"column":null}},{"start":{},"end":{}}],"line":77},"3":{"loc":{"start":{"line":82,"column":6},"end":{"line":90,"column":null}},"type":"if","locations":[{"start":{"line":82,"column":6},"end":{"line":90,"column":null}},{"start":{},"end":{}}],"line":82},"4":{"loc":{"start":{"line":88,"column":15},"end":{"line":88,"column":null}},"type":"binary-expr","locations":[{"start":{"line":88,"column":15},"end":{"line":88,"column":40}},{"start":{"line":88,"column":40},"end":{"line":88,"column":null}}],"line":88},"5":{"loc":{"start":{"line":122,"column":2},"end":{"line":126,"column":null}},"type":"if","locations":[{"start":{"line":122,"column":2},"end":{"line":126,"column":null}},{"start":{},"end":{}}],"line":122},"6":{"loc":{"start":{"line":122,"column":6},"end":{"line":122,"column":50}},"type":"binary-expr","locations":[{"start":{"line":122,"column":6},"end":{"line":122,"column":23}},{"start":{"line":122,"column":23},"end":{"line":122,"column":50}}],"line":122},"7":{"loc":{"start":{"line":131,"column":2},"end":{"line":135,"column":null}},"type":"if","locations":[{"start":{"line":131,"column":2},"end":{"line":135,"column":null}},{"start":{},"end":{}}],"line":131},"8":{"loc":{"start":{"line":155,"column":2},"end":{"line":155,"column":null}},"type":"if","locations":[{"start":{"line":155,"column":2},"end":{"line":155,"column":null}},{"start":{},"end":{}}],"line":155},"9":{"loc":{"start":{"line":161,"column":17},"end":{"line":161,"column":null}},"type":"binary-expr","locations":[{"start":{"line":161,"column":17},"end":{"line":161,"column":30}},{"start":{"line":161,"column":30},"end":{"line":161,"column":null}}],"line":161},"10":{"loc":{"start":{"line":163,"column":4},"end":{"line":178,"column":null}},"type":"if","locations":[{"start":{"line":163,"column":4},"end":{"line":178,"column":null}},{"start":{"line":165,"column":4},"end":{"line":178,"column":null}}],"line":163},"11":{"loc":{"start":{"line":165,"column":4},"end":{"line":178,"column":null}},"type":"if","locations":[{"start":{"line":165,"column":4},"end":{"line":178,"column":null}},{"start":{"line":173,"column":11},"end":{"line":178,"column":null}}],"line":165},"12":{"loc":{"start":{"line":167,"column":6},"end":{"line":170,"column":null}},"type":"if","locations":[{"start":{"line":167,"column":6},"end":{"line":170,"column":null}},{"start":{},"end":{}}],"line":167},"13":{"loc":{"start":{"line":182,"column":2},"end":{"line":184,"column":null}},"type":"if","locations":[{"start":{"line":182,"column":2},"end":{"line":184,"column":null}},{"start":{},"end":{}}],"line":182}},"s":{"0":3,"1":3,"2":3,"3":3,"4":11,"5":11,"6":11,"7":78,"8":11,"9":67,"10":17,"11":50,"12":11,"13":50,"14":50,"15":50,"16":50,"17":50,"18":163,"19":163,"20":90,"21":90,"22":90,"23":90,"24":31,"25":31,"26":31,"27":90,"28":50,"29":4,"30":4,"31":14,"32":14,"33":14,"34":14,"35":1,"36":13,"37":13,"38":13,"39":1,"40":12,"41":12,"42":21,"43":1,"44":20,"45":20,"46":20,"47":58,"48":58,"49":29,"50":29,"51":9,"52":3,"53":3,"54":9,"55":20,"56":20,"57":20,"58":20,"59":7,"60":20},"f":{"0":11,"1":78,"2":50,"3":4,"4":14,"5":21},"b":{"0":[11,67],"1":[17,50],"2":[90,73],"3":[31,59],"4":[31,0],"5":[1,13],"6":[14,14],"7":[1,12],"8":[1,20],"9":[58,2],"10":[29,29],"11":[9,20],"12":[3,6],"13":[7,13]},"meta":{"lastBranch":14,"lastFunction":6,"lastStatement":61,"seen":{"s:33:21:33:Infinity":0,"s:34:19:34:Infinity":1,"s:35:20:35:Infinity":2,"s:36:23:36:Infinity":3,"f:49:16:49:33":0,"s:50:21:50:Infinity":4,"s:51:16:51:Infinity":5,"s:53:19:60:Infinity":6,"f:53:32:53:33":1,"b:55:4:55:Infinity:undefined:undefined:undefined:undefined":0,"s:55:4:55:Infinity":7,"s:55:29:55:Infinity":8,"b:57:4:57:Infinity:undefined:undefined:undefined:undefined":1,"s:57:4:57:Infinity":9,"s:57:33:57:Infinity":10,"s:59:4:59:Infinity":11,"s:62:2:62:Infinity":12,"f:69:16:69:33":2,"s:71:21:71:Infinity":13,"s:72:16:72:Infinity":14,"s:73:24:73:Infinity":15,"s:75:2:101:Infinity":16,"s:75:15:75:18":17,"s:76:18:76:Infinity":18,"b:77:4:100:Infinity:undefined:undefined:undefined:undefined":2,"s:77:4:100:Infinity":19,"s:78:17:78:Infinity":20,"s:79:53:79:Infinity":21,"s:81:24:81:Infinity":22,"b:82:6:90:Infinity:undefined:undefined:undefined:undefined":3,"s:82:6:90:Infinity":23,"s:83:76:87:Infinity":24,"s:88:8:88:Infinity":25,"b:88:15:88:40:88:40:88:Infinity":4,"s:89:8:89:Infinity":26,"s:92:6:99:Infinity":27,"s:103:2:103:Infinity":28,"f:109:22:109:36":3,"s:110:18:110:Infinity":29,"s:111:2:111:Infinity":30,"f:117:22:117:39":4,"s:118:18:118:Infinity":31,"s:119:16:119:Infinity":32,"s:120:20:120:Infinity":33,"b:122:2:126:Infinity:undefined:undefined:undefined:undefined":5,"s:122:2:126:Infinity":34,"b:122:6:122:23:122:23:122:50":6,"s:123:4:125:Infinity":35,"s:128:19:128:Infinity":36,"s:129:18:129:Infinity":37,"b:131:2:135:Infinity:undefined:undefined:undefined:undefined":7,"s:131:2:135:Infinity":38,"s:132:4:134:Infinity":39,"s:137:2:137:Infinity":40,"s:138:2:138:Infinity":41,"f:154:16:154:33":5,"b:155:2:155:Infinity:undefined:undefined:undefined:undefined":8,"s:155:2:155:Infinity":42,"s:155:26:155:Infinity":43,"s:157:27:157:Infinity":44,"s:158:24:158:Infinity":45,"s:160:2:179:Infinity":46,"s:161:17:161:Infinity":47,"b:161:17:161:30:161:30:161:Infinity":9,"b:163:4:178:Infinity:165:4:178:Infinity":10,"s:163:4:178:Infinity":48,"s:164:6:164:Infinity":49,"b:165:4:178:Infinity:173:11:178:Infinity":11,"s:165:4:178:Infinity":50,"b:167:6:170:Infinity:undefined:undefined:undefined:undefined":12,"s:167:6:170:Infinity":51,"s:168:8:168:Infinity":52,"s:169:8:169:Infinity":53,"s:172:6:172:Infinity":54,"s:175:6:175:Infinity":55,"s:176:6:176:Infinity":56,"s:177:6:177:Infinity":57,"b:182:2:184:Infinity:undefined:undefined:undefined:undefined":13,"s:182:2:184:Infinity":58,"s:183:4:183:Infinity":59,"s:186:2:186:Infinity":60}}}
,"/home/pruddiman/source/repos/Dispatch/.dispatch/worktrees/issue-178/src/spec-generator.ts": {"path":"/home/pruddiman/source/repos/Dispatch/.dispatch/worktrees/issue-178/src/spec-generator.ts","statementMap":{"0":{"start":{"line":28,"column":38},"end":{"line":28,"column":null}},"1":{"start":{"line":31,"column":29},"end":{"line":39,"column":null}},"2":{"start":{"line":83,"column":2},"end":{"line":83,"column":null}},"3":{"start":{"line":95,"column":2},"end":{"line":95,"column":null}},"4":{"start":{"line":95,"column":28},"end":{"line":95,"column":null}},"5":{"start":{"line":96,"column":2},"end":{"line":96,"column":null}},"6":{"start":{"line":115,"column":2},"end":{"line":115,"column":null}},"7":{"start":{"line":115,"column":28},"end":{"line":115,"column":null}},"8":{"start":{"line":117,"column":2},"end":{"line":117,"column":null}},"9":{"start":{"line":117,"column":29},"end":{"line":117,"column":null}},"10":{"start":{"line":120,"column":2},"end":{"line":120,"column":null}},"11":{"start":{"line":120,"column":27},"end":{"line":120,"column":null}},"12":{"start":{"line":123,"column":2},"end":{"line":123,"column":null}},"13":{"start":{"line":123,"column":30},"end":{"line":123,"column":null}},"14":{"start":{"line":126,"column":2},"end":{"line":126,"column":null}},"15":{"start":{"line":126,"column":62},"end":{"line":126,"column":null}},"16":{"start":{"line":128,"column":2},"end":{"line":128,"column":null}},"17":{"start":{"line":141,"column":16},"end":{"line":141,"column":null}},"18":{"start":{"line":146,"column":21},"end":{"line":146,"column":null}},"19":{"start":{"line":147,"column":2},"end":{"line":155,"column":null}},"20":{"start":{"line":148,"column":4},"end":{"line":148,"column":null}},"21":{"start":{"line":151,"column":28},"end":{"line":151,"column":null}},"22":{"start":{"line":152,"column":4},"end":{"line":154,"column":null}},"23":{"start":{"line":153,"column":6},"end":{"line":153,"column":null}},"24":{"start":{"line":158,"column":18},"end":{"line":158,"column":null}},"25":{"start":{"line":159,"column":2},"end":{"line":162,"column":null}},"26":{"start":{"line":161,"column":4},"end":{"line":161,"column":null}},"27":{"start":{"line":163,"column":2},"end":{"line":163,"column":null}},"28":{"start":{"line":166,"column":16},"end":{"line":166,"column":null}},"29":{"start":{"line":167,"column":33},"end":{"line":167,"column":null}},"30":{"start":{"line":170,"column":28},"end":{"line":170,"column":null}},"31":{"start":{"line":171,"column":2},"end":{"line":183,"column":null}},"32":{"start":{"line":171,"column":15},"end":{"line":171,"column":33}},"33":{"start":{"line":172,"column":20},"end":{"line":172,"column":null}},"34":{"start":{"line":173,"column":4},"end":{"line":182,"column":null}},"35":{"start":{"line":174,"column":6},"end":{"line":181,"column":null}},"36":{"start":{"line":176,"column":8},"end":{"line":176,"column":null}},"37":{"start":{"line":177,"column":8},"end":{"line":177,"column":null}},"38":{"start":{"line":180,"column":8},"end":{"line":180,"column":null}},"39":{"start":{"line":185,"column":2},"end":{"line":192,"column":null}},"40":{"start":{"line":187,"column":14},"end":{"line":187,"column":null}},"41":{"start":{"line":188,"column":4},"end":{"line":190,"column":null}},"42":{"start":{"line":189,"column":6},"end":{"line":189,"column":null}},"43":{"start":{"line":191,"column":4},"end":{"line":191,"column":null}},"44":{"start":{"line":195,"column":2},"end":{"line":197,"column":null}},"45":{"start":{"line":196,"column":4},"end":{"line":196,"column":null}},"46":{"start":{"line":199,"column":2},"end":{"line":199,"column":null}},"47":{"start":{"line":221,"column":18},"end":{"line":221,"column":null}},"48":{"start":{"line":224,"column":2},"end":{"line":228,"column":null}},"49":{"start":{"line":225,"column":19},"end":{"line":225,"column":null}},"50":{"start":{"line":226,"column":4},"end":{"line":226,"column":null}},"51":{"start":{"line":227,"column":4},"end":{"line":227,"column":null}},"52":{"start":{"line":231,"column":21},"end":{"line":231,"column":null}},"53":{"start":{"line":232,"column":2},"end":{"line":236,"column":null}},"54":{"start":{"line":233,"column":19},"end":{"line":233,"column":null}},"55":{"start":{"line":234,"column":4},"end":{"line":234,"column":null}},"56":{"start":{"line":235,"column":4},"end":{"line":235,"column":null}},"57":{"start":{"line":239,"column":21},"end":{"line":239,"column":null}},"58":{"start":{"line":240,"column":2},"end":{"line":244,"column":null}},"59":{"start":{"line":241,"column":19},"end":{"line":241,"column":null}},"60":{"start":{"line":242,"column":4},"end":{"line":242,"column":null}},"61":{"start":{"line":243,"column":4},"end":{"line":243,"column":null}},"62":{"start":{"line":246,"column":2},"end":{"line":246,"column":null}},"63":{"start":{"line":263,"column":2},"end":{"line":265,"column":null}},"64":{"start":{"line":264,"column":4},"end":{"line":264,"column":null}},"65":{"start":{"line":266,"column":2},"end":{"line":266,"column":null}},"66":{"start":{"line":267,"column":19},"end":{"line":267,"column":null}},"67":{"start":{"line":268,"column":2},"end":{"line":271,"column":null}},"68":{"start":{"line":269,"column":4},"end":{"line":269,"column":null}},"69":{"start":{"line":270,"column":4},"end":{"line":270,"column":null}},"70":{"start":{"line":272,"column":2},"end":{"line":274,"column":null}},"71":{"start":{"line":273,"column":4},"end":{"line":273,"column":null}},"72":{"start":{"line":275,"column":2},"end":{"line":280,"column":null}},"73":{"start":{"line":281,"column":2},"end":{"line":281,"column":null}}},"fnMap":{"0":{"name":"defaultConcurrency","decl":{"start":{"line":82,"column":16},"end":{"line":82,"column":45}},"loc":{"start":{"line":82,"column":45},"end":{"line":84,"column":null}},"line":82},"1":{"name":"isIssueNumbers","decl":{"start":{"line":94,"column":16},"end":{"line":94,"column":31}},"loc":{"start":{"line":94,"column":74},"end":{"line":97,"column":null}},"line":94},"2":{"name":"isGlobOrFilePath","decl":{"start":{"line":114,"column":16},"end":{"line":114,"column":33}},"loc":{"start":{"line":114,"column":68},"end":{"line":129,"column":null}},"line":114},"3":{"name":"extractSpecContent","decl":{"start":{"line":140,"column":16},"end":{"line":140,"column":35}},"loc":{"start":{"line":140,"column":56},"end":{"line":200,"column":null}},"line":140},"4":{"name":"validateSpecStructure","decl":{"start":{"line":220,"column":16},"end":{"line":220,"column":38}},"loc":{"start":{"line":220,"column":73},"end":{"line":247,"column":null}},"line":220},"5":{"name":"resolveSource","decl":{"start":{"line":258,"column":22},"end":{"line":258,"column":null}},"loc":{"start":{"line":262,"column":34},"end":{"line":282,"column":null}},"line":262}},"branchMap":{"0":{"loc":{"start":{"line":95,"column":2},"end":{"line":95,"column":null}},"type":"if","locations":[{"start":{"line":95,"column":2},"end":{"line":95,"column":null}},{"start":{},"end":{}}],"line":95},"1":{"loc":{"start":{"line":115,"column":2},"end":{"line":115,"column":null}},"type":"if","locations":[{"start":{"line":115,"column":2},"end":{"line":115,"column":null}},{"start":{},"end":{}}],"line":115},"2":{"loc":{"start":{"line":117,"column":2},"end":{"line":117,"column":null}},"type":"if","locations":[{"start":{"line":117,"column":2},"end":{"line":117,"column":null}},{"start":{},"end":{}}],"line":117},"3":{"loc":{"start":{"line":120,"column":2},"end":{"line":120,"column":null}},"type":"if","locations":[{"start":{"line":120,"column":2},"end":{"line":120,"column":null}},{"start":{},"end":{}}],"line":120},"4":{"loc":{"start":{"line":123,"column":2},"end":{"line":123,"column":null}},"type":"if","locations":[{"start":{"line":123,"column":2},"end":{"line":123,"column":null}},{"start":{},"end":{}}],"line":123},"5":{"loc":{"start":{"line":126,"column":2},"end":{"line":126,"column":null}},"type":"if","locations":[{"start":{"line":126,"column":2},"end":{"line":126,"column":null}},{"start":{},"end":{}}],"line":126},"6":{"loc":{"start":{"line":147,"column":2},"end":{"line":155,"column":null}},"type":"if","locations":[{"start":{"line":147,"column":2},"end":{"line":155,"column":null}},{"start":{"line":149,"column":9},"end":{"line":155,"column":null}}],"line":147},"7":{"loc":{"start":{"line":152,"column":4},"end":{"line":154,"column":null}},"type":"if","locations":[{"start":{"line":152,"column":4},"end":{"line":154,"column":null}},{"start":{},"end":{}}],"line":152},"8":{"loc":{"start":{"line":152,"column":8},"end":{"line":152,"column":60}},"type":"binary-expr","locations":[{"start":{"line":152,"column":8},"end":{"line":152,"column":27}},{"start":{"line":152,"column":27},"end":{"line":152,"column":60}}],"line":152},"9":{"loc":{"start":{"line":159,"column":2},"end":{"line":162,"column":null}},"type":"if","locations":[{"start":{"line":159,"column":2},"end":{"line":162,"column":null}},{"start":{},"end":{}}],"line":159},"10":{"loc":{"start":{"line":173,"column":4},"end":{"line":182,"column":null}},"type":"if","locations":[{"start":{"line":173,"column":4},"end":{"line":182,"column":null}},{"start":{},"end":{}}],"line":173},"11":{"loc":{"start":{"line":174,"column":6},"end":{"line":181,"column":null}},"type":"if","locations":[{"start":{"line":174,"column":6},"end":{"line":181,"column":null}},{"start":{"line":178,"column":13},"end":{"line":181,"column":null}}],"line":174},"12":{"loc":{"start":{"line":185,"column":2},"end":{"line":192,"column":null}},"type":"if","locations":[{"start":{"line":185,"column":2},"end":{"line":192,"column":null}},{"start":{},"end":{}}],"line":185},"13":{"loc"
[...]
{"start":{"line":195,"column":14},"end":{"line":197,"column":null}},"79":{"start":{"line":200,"column":12},"end":{"line":203,"column":null}},"80":{"start":{"line":201,"column":14},"end":{"line":201,"column":null}},"81":{"start":{"line":202,"column":14},"end":{"line":202,"column":null}},"82":{"start":{"line":206,"column":10},"end":{"line":206,"column":null}},"83":{"start":{"line":210,"column":35},"end":{"line":212,"column":null}},"84":{"start":{"line":214,"column":8},"end":{"line":217,"column":null}},"85":{"start":{"line":215,"column":10},"end":{"line":215,"column":null}},"86":{"start":{"line":216,"column":10},"end":{"line":216,"column":null}},"87":{"start":{"line":219,"column":30},"end":{"line":221,"column":null}},"88":{"start":{"line":221,"column":23},"end":{"line":221,"column":50}},"89":{"start":{"line":223,"column":8},"end":{"line":226,"column":null}},"90":{"start":{"line":224,"column":10},"end":{"line":224,"column":null}},"91":{"start":{"line":225,"column":10},"end":{"line":225,"column":null}},"92":{"start":{"line":229,"column":8},"end":{"line":233,"column":null}},"93":{"start":{"line":230,"column":10},"end":{"line":232,"column":null}},"94":{"start":{"line":236,"column":26},"end":{"line":238,"column":null}},"95":{"start":{"line":237,"column":38},"end":{"line":237,"column":null}},"96":{"start":{"line":239,"column":23},"end":{"line":239,"column":null}},"97":{"start":{"line":239,"column":54},"end":{"line":239,"column":60}},"98":{"start":{"line":240,"column":8},"end":{"line":240,"column":null}},"99":{"start":{"line":241,"column":8},"end":{"line":241,"column":null}},"100":{"start":{"line":243,"column":8},"end":{"line":243,"column":null}},"101":{"start":{"line":244,"column":8},"end":{"line":244,"column":null}},"102":{"start":{"line":249,"column":6},"end":{"line":249,"column":null}},"103":{"start":{"line":249,"column":19},"end":{"line":249,"column":null}},"104":{"start":{"line":250,"column":6},"end":{"line":250,"column":null}},"105":{"start":{"line":251,"column":6},"end":{"line":251,"column":null}},"106":{"start":{"line":252,"column":6},"end":{"line":256,"column":null}},"107":{"start":{"line":253,"column":8},"end":{"line":253,"column":null}},"108":{"start":{"line":255,"column":8},"end":{"line":255,"column":null}},"109":{"start":{"line":269,"column":16},"end":{"line":269,"column":null}},"110":{"start":{"line":272,"column":2},"end":{"line":272,"column":null}},"111":{"start":{"line":272,"column":37},"end":{"line":272,"column":null}},"112":{"start":{"line":275,"column":2},"end":{"line":281,"column":null}},"113":{"start":{"line":280,"column":4},"end":{"line":280,"column":null}},"114":{"start":{"line":284,"column":2},"end":{"line":290,"column":null}},"115":{"start":{"line":289,"column":4},"end":{"line":289,"column":null}},"116":{"start":{"line":292,"column":2},"end":{"line":292,"column":null}}},"fnMap":{"0":{"name":"listModels","decl":{"start":{"line":35,"column":22},"end":{"line":35,"column":33}},"loc":{"start":{"line":35,"column":80},"end":{"line":66,"column":null}},"line":35},"1":{"name":"(anonymous_1)","decl":{"start":{"line":49,"column":19},"end":{"line":49,"column":25}},"loc":{"start":{"line":49,"column":25},"end":{"line":49,"column":null}},"line":49},"2":{"name":"(anonymous_2)","decl":{"start":{"line":60,"column":14},"end":{"line":60,"column":15}},"loc":{"start":{"line":60,"column":21},"end":{"line":60,"column":89}},"line":60},"3":{"name":"(anonymous_3)","decl":{"start":{"line":61,"column":15},"end":{"line":61,"column":16}},"loc":{"start":{"line":61,"column":22},"end":{"line":61,"column":82}},"line":61},"4":{"name":"(anonymous_4)","decl":{"start":{"line":61,"column":48},"end":{"line":61,"column":49}},"loc":{"start":{"line":61,"column":61},"end":{"line":61,"column":81}},"line":61},"5":{"name":"boot","decl":{"start":{"line":72,"column":22},"end":{"line":72,"column":27}},"loc":{"start":{"line":72,"column":82},"end":{"line":259,"column":null}},"line":72},"6":{"name":"(anonymous_6)","decl":{"start":{"line":94,"column":19},"end":{"line":94,"column":25}},"loc":{"start":{"line":94,"column":25},"end":{"line":94,"column":null}},"line":94},"7":{"name":"(anonymous_7)","decl":{"start":{"line":137,"column":10},"end":{"line":137,"column":43}},"loc":{"start":{"line":137,"column":43},"end":{"line":150,"column":null}},"line":137},"8":{"name":"(anonymous_8)","decl":{"start":{"line":152,"column":10},"end":{"line":152,"column":17}},"loc":{"start":{"line":152,"column":74},"end":{"line":246,"column":null}},"line":152},"9":{"name":"(anonymous_9)","decl":{"start":{"line":221,"column":16},"end":{"line":221,"column":17}},"loc":{"start":{"line":221,"column":23},"end":{"line":221,"column":50}},"line":221},"10":{"name":"(anonymous_10)","decl":{"start":{"line":237,"column":10},"end":{"line":237,"column":11}},"loc":{"start":{"line":237,"column":38},"end":{"line":237,"column":null}},"line":237},"11":{"name":"(anonymous_11)","decl":{"start":{"line":239,"column":37},"end":{"line":239,"column":38}},"loc":{"start":{"line":239,"column":54},"end":{"line":239,"column":60}},"line":239},"12":{"name":"(anonymous_12)","decl":{"start":{"line":248,"column":10},"end":{"line":248,"column":35}},"loc":{"start":{"line":248,"column":35},"end":{"line":257,"column":null}},"line":248},"13":{"name":"isSessionEvent","decl":{"start":{"line":268,"column":9},"end":{"line":268,"column":24}},"loc":{"start":{"line":268,"column":69},"end":{"line":293,"column":null}},"line":268}},"branchMap":{"0":{"loc":{"start":{"line":39,"column":2},"end":{"line":54,"column":null}},"type":"if","locations":[{"start":{"line":39,"column":2},"end":{"line":54,"column":null}},{"start":{"line":41,"column":9},"end":{"line":54,"column":null}}],"line":39},"1":{"loc":{"start":{"line":43,"column":4},"end":{"line":45,"column":null}},"type":"if","locations":[{"start":{"line":43,"column":4},"end":{"line":45,"column":null}},{"start":{},"end":{}}],"line":43},"2":{"loc":{"start":{"line":58,"column":4},"end":{"line":58,"column":null}},"type":"if","locations":[{"start":{"line":58,"column":4},"end":{"line":58,"column":null}},{"start":{},"end":{}}],"line":58},"3":{"loc":{"start":{"line":60,"column":21},"end":{"line":60,"column":89}},"type":"binary-expr","locations":[{"start":{"line":60,"column":21},"end":{"line":60,"column":43}},{"start":{"line":60,"column":43},"end":{"line":60,"column":68}},{"start":{"line":60,"column":68},"end":{"line":60,"column":89}}],"line":60},"4":{"loc":{"start":{"line":77,"column":2},"end":{"line":100,"column":null}},"type":"if","locations":[{"start":{"line":77,"column":2},"end":{"line":100,"column":null}},{"start":{"line":80,"column":9},"end":{"line":100,"column":null}}],"line":77},"5":{"loc":{"start":{"line":88,"column":4},"end":{"line":90,"column":null}},"type":"if","locations":[{"start":{"line":88,"column":4},"end":{"line":90,"column":null}},{"start":{},"end":{}}],"line":88},"6":{"loc":{"start":{"line":105,"column":2},"end":{"line":116,"column":null}},"type":"if","locations":[{"start":{"line":105,"column":2},"end":{"line":116,"column":null}},{"start":{},"end":{}}],"line":105},"7":{"loc":{"start":{"line":107,"column":4},"end":{"line":115,"column":null}},"type":"if","locations":[{"start":{"line":107,"column":4},"end":{"line":115,"column":null}},{"start":{"line":113,"column":11},"end":{"line":115,"column":null}}],"line":107},"8":{"loc":{"start":{"line":120,"column":2},"end":{"line":131,"column":null}},"type":"if","locations":[{"start":{"line":120,"column":2},"end":{"line":131,"column":null}},{"start":{},"end":{}}],"line":120},"9":{"loc":{"start":{"line":123,"column":6},"end":{"line":127,"column":null}},"type":"if","locations":[{"start":{"line":123,"column":6},"end":{"line":127,"column":null}},{"start":{},"end":{}}],"line":123},"10":{"loc":{"start":{"line":141,"column":8},"end":{"line":143,"column":null}},"type":"if","locations":[{"start":{"line":141,"column":8},"end":{"line":143,"column":null}},{"start":{},"end":{}}],"line":141},"11":{"loc":{"start":{"line":161,"column":16},"end":{"line":161,"column":null}},"type":"cond-expr","locations":[{"start":{"line":161,"column":32},"end":{"line":161,"column":59}},{"start":{"line":161,"column":59},"end":{"line":161,"column":null}}],"line":161},"12":{"loc":{"start":{"line":165,"column":8},"end":{"line":167,"column":null}},"type":"if","locations":[{"start":{"line":165,"column":8},"end":{"line":167,"column":null}},{"start":{},"end":{}}],"line":165},"13":{"loc":{"start":{"line":180,"column":12},"end":{"line":180,"column":null}},"type":"if","locations":[{"start":{"line":180,"column":12},"end":{"line":180,"column":null}},{"start":{},"end":{}}],"line":180},"14":{"loc":{"start":{"line":182,"column":12},"end":{"line":191,"column":null}},"type":"if","locations":[{"start":{"line":182,"column":12},"end":{"line":191,"column":null}},{"start":{},"end":{}}],"line":182},"15":{"loc":{"start":{"line":183,"column":14},"end":{"line":184,"column":null}},"type":"binary-expr","locations":[{"start":{"line":183,"column":14},"end":{"line":183,"column":null}},{"start":{"line":184,"column":14},"end":{"line":184,"column":null}}],"line":183},"16":{"loc":{"start":{"line":187,"column":14},"end":{"line":189,"column":null}},"type":"if","locations":[{"start":{"line":187,"column":14},"end":{"line":189,"column":null}},{"start":{},"end":{}}],"line":187},"17":{"loc":{"start":{"line":193,"column":12},"end":{"line":198,"column":null}},"type":"if","locations":[{"start":{"line":193,"column":12},"end":{"line":198,"column":null}},{"start":{},"end":{}}],"line":193},"18":{"loc":{"start":{"line":196,"column":43},"end":{"line":196,"column":86}},"type":"cond-expr","locations":[{"start":{"line":196,"column":49},"end":{"line":196,"column":71}},{"start":{"line":196,"column":71},"end":{"line":196,"column":86}}],"line":196},"19":{"loc":{"start":{"line":200,"column":12},"end":{"line":203,"column":null}},"type":"if","locations":[{"start":{"line":200,"column":12},"end":{"line":203,"column":null}},{"start":{},"end":{}}],"line":200},"20":{"loc":{"start":{"line":214,"column":8},"end":{"line":217,"column":null}},"type":"if","locations":[{"start":{"line":214,"column":8},"end":{"line":217,"column":null}},{"start":{},"end":{}}],"line":214},"21":{"loc":{"start":{"line":214,"column":12},"end":{"line":214,"column":48}},"type":"binary-expr","locations":[{"start":{"line":214,"column":12},"end":{"line":214,"column":25}},{"start":{"line":214,"column":25},"end":{"line":214,"column":48}}],"line":214},"22":{"loc":{"start":{"line":223,"column":8},"end":{"line":226,"column":null}},"type":"if","locations":[{"start":{"line":223,"column":8},"end":{"line":226,"column":null}},{"start":{},"end":{}}],"line":223},"23":{"loc":{"start":{"line":229,"column":8},"end":{"line":233,"column":null}},"type":"if","locations":[{"start":{"line":229,"column":8},"end":{"line":233,"column":null}},{"start":{},"end":{}}],"line":229},"24":{"loc":{"start":{"line":229,"column":12},"end":{"line":229,"column":114}},"type":"binary-expr","locations":[{"start":{"line":229,"column":12},"end":{"line":229,"column":55}},{"start":{"line":229,"column":55},"end":{"line":229,"column":88}},{"start":{"line":229,"column":88},"end":{"line":229,"column":114}}],"line":229},"25":{"loc":{"start":{"line":237,"column":38},"end":{"line":237,"column":null}},"type":"binary-expr","locations":[{"start":{"line":237,"column":38},"end":{"line":237,"column":59}},{"start":{"line":237,"column":59},"end":{"line":237,"column":null}}],"line":237},"26":{"loc":{"start":{"line":239,"column":23},"end":{"line":239,"column":null}},"type":"binary-expr","locations":[{"start":{"line":239,"column":23},"end":{"line":239,"column":76}},{"start":{"line":239,"column":76},"end":{"line":239,"column":null}}],"line":239},"27":{"loc":{"start":{"line":240,"column":47},"end":{"line":240,"column":66}},"type":"binary-expr","locations":[{"start":{"line":240,"column":47},"end":{"line":240,"column":65}},{"start":{"line":240,"column":65},"end":{"line":240,"column":66}}],"line":240},"28":{"loc":{"start":{"line":249,"column":6},"end":{"line":249,"column":null}},"type":"if","locations":[{"start":{"line":249,"column":6},"end":{"line":249,"column":null}},{"start":{},"end":{}}],"line":249},"29":{"loc":{"start":{"line":272,"column":2},"end":{"line":272,"column":null}},"type":"if","locations":[{"start":{"line":272,"column":2},"end":{"line":272,"column":null}},{"start":{},"end":{}}],"line":272},"30":{"loc":{"start":{"line":275,"column":2},"end":{"line":281,"column":null}},"type":"if","locations":[{"start":{"line":275,"column":2},"end":{"line":281,"column":null}},{"start":{},"end":{}}],"line":275},"31":{"loc":{"start":{"line":276,"column":4},"end":{"line":278,"column":null}},"type":"binary-expr","locations":[{"start":{"line":276,"column":4},"end":{"line":276,"column":null}},{"start":{"line":277,"column":4},"end":{"line":277,"column":null}},{"start":{"line":278,"column":5},"end":{"line":278,"column":null}}],"line":276},"32":{"loc":{"start":{"line":284,"column":2},"end":{"line":290,"column":null}},"type":"if","locations":[{"start":{"line":284,"column":2},"end":{"line":290,"column":null}},{"start":{},"end":{}}],"line":284},"33":{"loc":{"start":{"line":285,"column":4},"end":{"line":287,"column":null}},"type":"binary-expr","locations":[{"start":{"line":285,"column":4},"end":{"line":285,"column":null}},{"start":{"line":286,"column":4},"end":{"line":286,"column":null}},{"start":{"line":287,"column":5},"end":{"line":287,"column":null}}],"line":285}},"s":{"0":0,"1":0,"2":0,"3":0,"4":0,"5":0,"6":0,"7":0,"8":0,"9":0,"10":0,"11":0,"12":0,"13":0,"14":0,"15":0,"16":0,"17":0,"18":0,"19":0,"20":27,"21":27,"22":20,"23":20,"24":7,"25":7,"26":2,"27":7,"28":7,"29":6,"30":6,"31":3,"32":6,"33":1,"34":1,"35":26,"36":0,"37":0,"38":0,"39":0,"40":0,"41":26,"42":27,"43":26,"44":26,"45":25,"46":24,"47":24,"48":1,"49":26,"50":3,"51":3,"52":3,"53":2,"54":1,"55":1,"56":1,"57":2,"58":2,"59":10,"60":10,"61":10,"62":10,"63":1,"64":9,"65":9,"66":9,"67":9,"68":9,"69":12,"70":2,"71":10,"72":1,"73":1,"74":1,"75":1,"76":9,"77":1,"78":1,"79":8,"80":8,"81":8,"82":9,"83":8,"84":8,"85":1,"86":1,"87":7,"88":7,"89":7,"90":1,"91":1,"92":6,"93":1,"94":5,"95":7,"96":5,"97":6,"98":10,"99":10,"100":3,"101":3,"102":5,"103":1,"104":4,"105":4,"106":4,"107":4,"108":1,"109":12,"110":12,"111":9,"112":3,"113":0,"114":3,"115":1,"116":2},"f":{"0":0,"1":0,"2":0,"3":0,"4":0,"5":27,"6":3,"7":3,"8":10,"9":7,"10":7,"11":6,"12":5,"13":12},"b":{"0":[0,0],"1":[0,0],"2":[0,0],"3":[0,0,0],"4":[20,7],"5":[2,5],"6":[0,26],"7":[0,0],"8":[26,1],"9":[24,1],"10":[1,1],"11":[0,10],"12":[1,9],"13":[2,10],"14":[1,9],"15":[10,1],"16":[1,0],"17":[1,8],"18":[1,0],"19":[8,0],"20":[1,7],"21":[8,8],"22":[1,6],"23":[1,5],"24":[6,6,1],"25":[7,6],"26":[5,1],"27":[10,1],"28":[1,4],"29":[9,3],"30":[0,3],"31":[3,0,0],"32":[1,2],"33":[3,2,2]},"meta":{"lastBranch":34,"lastFunction":14,"lastStatement":117,"seen":{"f:35:22:35:33":0,"b:39:2:54:Infinity:41:9:54:Infinity":0,"s:39:2:54:Infinity":0,"s:40:4:40:Infinity":1,"b:43:4:45:Infinity:undefined:undefined:undefined:undefined":1,"s:43:4:45:Infinity":2,"s:44:6:44:Infinity":3,"s:46:4:53:Infinity":4,"s:47:17:47:Infinity":5,"s:48:6:48:Infinity":6,"s:49:6:49:Infinity":7,"f:49:19:49:25":1,"s:49:25:49:Infinity":8,"s:51:6:51:Infinity":9,"s:52:6:52:Infinity":10,"s:56:2:65:Infinity":11,"s:57:21:57:Infinity":12,"b:58:4:58:Infinity:undefined:undefined:undefined:undefined":2,"s:58:4:58:Infinity":13,"s:58:15:58:Infinity":14,"s:59:4:62:Infinity":15,"f:60:14:60:15":2,"s:60:21:60:89":16,"b:60:21:60:43:60:43:60:68:60:68:60:89":3,"f:61:15:61:16":3,"s:61:22:61:82":17,"f:61:48:61:49":4,"s:61:61:61:81":18,"s:64:4:64:Infinity":19,"f:72:22:72:27":5,"s:75:16:75:Infinity":20,"b:77:2:100:Infinity:80:9:100:Infinity":4,"s:77:2:100:Infinity":21,"s:78:4:78:Infinity":22,"s:79:4:79:Infinity":23,"s:81:4:81:Infinity":24,"b:88:4:90:Infinity:undefined:undefined:undefined:undefined":5,"s:88:4:90:Infinity":25,"s:89:6:89:Infinity":26,"s:91:4:99:Infinity":27,"s:92:17:92:Infinity":28,"s:93:6:93:Infinity":29,"s:94:6:94:Infinity":30,"f:94:19:94:25":6,"s:94:25:94:Infinity":31,"s:95:6:95:Infinity":32,"s:97:6:97:Infinity":33,"s:98:6:98:Infinity":34,"b:105:2:116:Infinity:undefined:undefined:undefined:undefined":6,"s:105:2:116:Infinity":35,"s:106:18:106:Infinity":36,"b:107:4:115:Infinity:113:11:115:Infinity":7,"s:107:4:115:Infinity":37,"s:108:6:111:Infinity":38,"s:112:6:112:Infinity":39,"s:114:6:114:Infinity":40,"s:119:34:119:Infinity":41,"b:120:2:131:Infinity:undefined:undefined:undefined:undefined":8,"s:120:2:131:Infinity":42,"s:121:4:130:Infinity":43,"s:122:31:122:Infinity":44,"b:123:6:127:Infinity:undefined:undefined:undefined:undefined":9,"s:123:6:127:Infinity":45,"s:125:8:125:Infinity":46,"s:126:8:126:Infinity":47,"s:129:6:129:Infinity":48,"s:133:2:258:Infinity":49,"f:137:10:137:43":7,"s:138:6:138:Infinity":50,"s:139:6:149:Infinity":51,"s:140:34:140:Infinity":52,"b:141:8:143:Infinity:undefined:undefined:undefined:undefined":10,"s:141:8:143:Infinity":53,"s:142:10:142:Infinity":54,"s:144:8:144:Infinity":55,"s:145:8:145:Infinity":56,"s:147:8:147:Infinity":57,"s:148:8:148:Infinity":58,"f:152:10:152:17":8,"s:153:6:153:Infinity":59,"s:155:6:245:Infinity":60,"s:157:39:163:Infinity":61,"b:161:32:161:59:161:59:161:Infinity":11,"b:165:8:167:Infinity:undefined:undefined:undefined:undefined":12,"s:165:8:167:Infinity":62,"s:166:10:166:Infinity":63,"s:169:8:169:Infinity":64,"s:172:27:172:Infinity":65,"s:173:27:175:Infinity":66,"s:178:8:207:Infinity":67,"s:179:10:204:Infinity":68,"b:180:12:180:Infinity:undefined:undefined:undefined:undefined":13,"s:180:12:180:Infinity":69,"s:180:51:180:Infinity":70,"b:182:12:191:Infinity:undefined:undefined:undefined:undefined":14,"s:182:12:191:Infinity":71,"b:183:14:183:Infinity:184:14:184:Infinity":15,"s:186:28:186:Infinity":72,"b:187:14:189:Infinity:undefined:undefined:undefined:undefined":16,"s:187:14:189:Infinity":73,"s:188:16:188:Infinity":74,"s:190:14:190:Infinity":75,"b:193:12:198:Infinity:undefined:undefined:undefined:undefined":17,"s:193:12:198:Infinity":76,"s:194:26:194:Infinity":77,"s:195:14:197:Infinity":78,"b:196:49:196:71:196:71:196:86":18,"b:200:12:203:Infinity:undefined:undefined:undefined:undefined":19,"s:200:12:203:Infinity":79,"s:201:14:201:Infinity":80,"s:202:14:202:Infinity":81,"s:206:10:206:Infinity":82,"s:210:35:212:Infinity":83,"b:214:8:217:Infinity:undefined:undefined:undefined:undefined":20,"s:214:8:217:Infinity":84,"b:214:12:214:25:214:25:214:48":21,"s:215:10:215:Infinity":85,"s:216:10:216:Infinity":86,"s:219:30:221:Infinity":87,"f:221:16:221:17":9,"s:221:23:221:50":88,"b:223:8:226:Infinity:undefined:undefined:undefined:undefined":22,"s:223:8:226:Infinity":89,"s:224:10:224:Infinity":90,"s:225:10:225:Infinity":91,"b:229:8:233:Infinity:undefined:undefined:undefined:undefined":23,"s:229:8:233:Infinity":92,"b:229:12:229:55:229:55:229:88:229:88:229:114":24,"s:230:10:232:Infinity":93,"s:236:26:238:Infinity":94,"f:237:10:237:11":10,"s:237:38:237:Infinity":95,"b:237:38:237:59:237:59:237:Infinity":25,"s:239:23:239:Infinity":96,"b:239:23:239:76:239:76:239:Infinity":26,"f:239:37:239:38":11,"s:239:54:239:60":97,"s:240:8:240:Infinity":98,"b:240:47:240:65:240:65:240:66":27,"s:241:8:241:Infinity":99,"s:243:8:243:Infinity":100,"s:244:8:244:Infinity":101,"f:248:10:248:35":12,"b:249:6:249:Infinity:undefined:undefined:undefined:undefined":28,"s:249:6:249:Infinity":102,"s:249:19:249:Infinity":103,"s:250:6:250:Infinity":104,"s:251:6:251:Infinity":105,"s:252:6:256:Infinity":106,"s:253:8:253:Infinity":107,"s:255:8:255:Infinity":108,"f:268:9:268:24":13,"s:269:16:269:Infinity":109,"b:272:2:272:Infinity:undefined:undefined:undefined:undefined":29,"s:272:2:272:Infinity":110,"s:272:37:272:Infinity":111,"b:275:2:281:Infinity:undefined:undefined:undefined:undefined":30,"s:275:2:281:Infinity":112,"b:276:4:276:Infinity:277:4:277:Infinity:278:5:278:Infinity":31,"s:280:4:280:Infinity":113,"b:284:2:290:Infinity:undefined:undefined:undefined:undefined":32,"s:284:2:290:Infinity":114,"b:285:4:285:Infinity:286:4:286:Infinity:287:5:287:Infinity":33,"s:289:4:289:Infinity":115,"s:292:2:292:Infinity":116}}}
}
